This file contains any messages produced by compilers while
running configure, to aid debugging if configure makes a mistake.

It was created by configure, which was
generated by GNU Autoconf 2.69.  Invocation command line was

  $ ./configure --disable-option-checking --prefix=/usr/local --with-libpcap=no --cache-file=/dev/null --srcdir=.

## --------- ##
## Platform. ##
## --------- ##

hostname = Desktop
uname -m = x86_64
uname -r = 3.1.7-340.x86_64
uname -s = MINGW64_NT-10.0-20180
uname -v = 2020-10-23 13:08 UTC

/usr/bin/uname -p = unknown
/bin/uname -X     = unknown

/bin/arch              = x86_64
/usr/bin/arch -k       = unknown
/usr/convex/getsysinfo = unknown
/usr/bin/hostinfo      = unknown
/bin/machine           = unknown
/usr/bin/oslevel       = unknown
/bin/universe          = unknown

PATH: E
PATH: /Program-Files/Editor/Python/Anaconda\Scripts/condabin
PATH: /c/Users/natew/bin
PATH: /mingw64/bin
PATH: /usr/local/bin
PATH: /usr/bin
PATH: /bin
PATH: /mingw64/bin
PATH: /usr/bin
PATH: /c/Users/natew/bin
PATH: /e/Program-Files/Editor/Perl/BerryBrew/bin
PATH: /e/Program-Files/Editor/Python/Python2
PATH: /e/Program-Files/Editor/Python/Python2/Scripts
PATH: /c/Program Files (x86)/Common Files/Oracle/Java/javapath
PATH: /e/Program-Files/Editor/Python/Scripts
PATH: /e/Program-Files/Editor/Python
PATH: /c/WINDOWS/system32
PATH: /c/WINDOWS
PATH: /c/WINDOWS/System32/Wbem
PATH: /c/WINDOWS/System32/WindowsPowerShell/v1.0
PATH: /c/WINDOWS/System32/OpenSSH
PATH: /e/Program-Files/Version-Control/Mercurial
PATH: /e/Program-Files/Version-Control/TortoiseSVN/bin
PATH: /e/Program-Files/Editor/Google-Cloud/google-cloud-sdk/bin
PATH: /c/Program Files/WindowsPowerShell/7
PATH: /e/Program-Files/Editor/NodeJS
PATH: /c/ProgramData/chocolatey/bin
PATH: /e/Program-Files/Editor/CMake/bin
PATH: /e/Program-Files/Editor/Go/bin
PATH: /e/Program-Files/Security/GnuPG/bin
PATH: /e/Program-Files/Editor/Perl/Strawberry/c/bin
PATH: /e/Program-Files/Editor/Perl/Strawberry/perl/site/bin
PATH: /e/Program-Files/Editor/Perl/Strawberry/perl/bin
PATH: /e/Program-Files/Docs/Calibre
PATH: /c/Program Files (x86)/Yarn/bin
PATH: /cmd
PATH: /c/Users/natew/.php/php
PATH: /c/Users/natew/scoop/shims
PATH: /c/Users/natew/AppData/Local/Microsoft/WindowsApps
PATH: /c/Program Files (x86)/Git/GitHub CLI
PATH: /e/Program-Files/Version-Control/heroku/bin
PATH: /c/Users/natew/AppData/Roaming/npm
PATH: /e/Program-Files/Editor/Microsoft/VS-Code/bin
PATH: /c/Users/natew/go/bin
PATH: /e/Program-Files/Editor/JetBrains/Pycharm/bin
PATH: /e/Program-Files/Docs/Markdown/Markdown-Monster
PATH: /e/Program-Files/Editor/NSIS/makensisw.exe
PATH: /e/Program-Files/Editor/NSIS/NSIS.exe
PATH: /c/Users/natew/AppData/Local/Yarn/bin
PATH: /e/Program-Files/Security/Nmap
PATH: /usr/bin/vendor_perl
PATH: /usr/bin/core_perl


## ----------- ##
## Core tests. ##
## ----------- ##

configure:2155: checking build system type
configure:2169: result: x86_64-pc-mingw64
configure:2189: checking host system type
configure:2202: result: x86_64-pc-mingw64
configure:2402: checking for gcc
configure:2418: found /e/Program-Files/Editor/Perl/Strawberry/c/bin/gcc
configure:2429: result: gcc
configure:2658: checking for C compiler version
configure:2667: gcc --version >&5
gcc.exe (x86_64-posix-seh, Built by strawberryperl.com project) 8.3.0
Copyright (C) 2018 Free Software Foundation, Inc.
This is free software; see the source for copying conditions.  There is NO
warranty; not even for MERCHANTABILITY or FITNESS FOR A PARTICULAR PURPOSE.

configure:2678: $? = 0
configure:2667: gcc -v >&5
Using built-in specs.
COLLECT_GCC=E:\Program-Files\Editor\Perl\Strawberry\c\bin\gcc.exe
COLLECT_LTO_WRAPPER=E:/Program-Files/Editor/Perl/Strawberry/c/bin/../libexec/gcc/x86_64-w64-mingw32/8.3.0/lto-wrapper.exe
Target: x86_64-w64-mingw32
Configured with: ../../../src/gcc-8.3.0/configure --host=x86_64-w64-mingw32 --build=x86_64-w64-mingw32 --target=x86_64-w64-mingw32 --prefix=/mingw64 --enable-shared --enable-static --disable-multilib --enable-languages=c,c++,fortran,lto --enable-libstdcxx-time=yes --enable-threads=posix --enable-libgomp --enable-libatomic --enable-lto --enable-graphite --enable-checking=release --enable-fully-dynamic-string --enable-version-specific-runtime-libs --enable-libstdcxx-filesystem-ts=yes --disable-libstdcxx-pch --disable-libstdcxx-debug --disable-bootstrap --disable-rpath --disable-win32-registry --disable-nls --disable-werror --disable-symvers --with-gnu-as --with-gnu-ld --with-arch=nocona --with-tune=core2 --with-libiconv --with-system-zlib --with-gmp=/opt/build/prerequisites/x86_64-w64-mingw32-static --with-mpfr=/opt/build/prerequisites/x86_64-w64-mingw32-static --with-mpc=/opt/build/prerequisites/x86_64-w64-mingw32-static --with-isl=/opt/build/prerequisites/x86_64-w64-mingw32-static --with-pkgversion='x86_64-posix-seh, Built by strawberryperl.com project' --with-bugurl=https://sourceforge.net/projects/mingw-w64 CFLAGS='-O2 -pipe -fno-ident -I/opt/build/x86_64-830-posix-seh-rt_v6/mingw64/opt/include -I/opt/build/prerequisites/x86_64-zlib-static/include -I/opt/build/prerequisites/x86_64-w64-mingw32-static/include' CXXFLAGS='-O2 -pipe -fno-ident -I/opt/build/x86_64-830-posix-seh-rt_v6/mingw64/opt/include -I/opt/build/prerequisites/x86_64-zlib-static/include -I/opt/build/prerequisites/x86_64-w64-mingw32-static/include' CPPFLAGS=' -I/opt/build/x86_64-830-posix-seh-rt_v6/mingw64/opt/include -I/opt/build/prerequisites/x86_64-zlib-static/include -I/opt/build/prerequisites/x86_64-w64-mingw32-static/include' LDFLAGS='-pipe -fno-ident -L/opt/build/x86_64-830-posix-seh-rt_v6/mingw64/opt/lib -L/opt/build/prerequisites/x86_64-zlib-static/lib -L/opt/build/prerequisites/x86_64-w64-mingw32-static/lib ' LD_FOR_TARGET=/opt/build/x86_64-830-posix-seh-rt_v6/mingw64/bin/ld.exe
Thread model: posix
gcc version 8.3.0 (x86_64-posix-seh, Built by strawberryperl.com project) 
configure:2678: $? = 0
configure:2667: gcc -V >&5
gcc.exe: error: unrecognized command line option '-V'
gcc.exe: fatal error: no input files
compilation terminated.
configure:2678: $? = 1
configure:2667: gcc -qversion >&5
gcc.exe: error: unrecognized command line option '-qversion'; did you mean '--version'?
gcc.exe: fatal error: no input files
compilation terminated.
configure:2678: $? = 1
configure:2698: checking whether the C compiler works
configure:2720: gcc    conftest.c  >&5
configure:2724: $? = 0
configure:2772: result: yes
configure:2775: checking for C compiler default output file name
configure:2777: result: a.exe
configure:2783: checking for suffix of executables
configure:2790: gcc -o conftest.exe    conftest.c  >&5
configure:2794: $? = 0
configure:2816: result: .exe
configure:2838: checking whether we are cross compiling
configure:2846: gcc -o conftest.exe    conftest.c  >&5
configure:2850: $? = 0
configure:2857: ./conftest.exe
configure:2861: $? = 0
configure:2876: result: no
configure:2881: checking for suffix of object files
configure:2903: gcc -c   conftest.c >&5
configure:2907: $? = 0
configure:2928: result: o
configure:2932: checking whether we are using the GNU C compiler
configure:2951: gcc -c   conftest.c >&5
configure:2951: $? = 0
configure:2960: result: yes
configure:2969: checking whether gcc accepts -g
configure:2989: gcc -c -g  conftest.c >&5
configure:2989: $? = 0
configure:3030: result: yes
configure:3047: checking for gcc option to accept ISO C89
configure:3110: gcc  -c -g -O2  conftest.c >&5
configure:3110: $? = 0
configure:3123: result: none needed
configure:3149: checking how to run the C preprocessor
configure:3180: gcc -E  conftest.c
configure:3180: $? = 0
configure:3194: gcc -E  conftest.c
conftest.c:9:10: fatal error: ac_nonexistent.h: No such file or directory
 #include <ac_nonexistent.h>
          ^~~~~~~~~~~~~~~~~~
compilation terminated.
configure:3194: $? = 1
configure: failed program was:
| /* confdefs.h */
| #define PACKAGE_NAME ""
| #define PACKAGE_TARNAME ""
| #define PACKAGE_VERSION ""
| #define PACKAGE_STRING ""
| #define PACKAGE_BUGREPORT ""
| #define PACKAGE_URL ""
| /* end confdefs.h.  */
| #include <ac_nonexistent.h>
configure:3219: result: gcc -E
configure:3239: gcc -E  conftest.c
configure:3239: $? = 0
configure:3253: gcc -E  conftest.c
conftest.c:9:10: fatal error: ac_nonexistent.h: No such file or directory
 #include <ac_nonexistent.h>
          ^~~~~~~~~~~~~~~~~~
compilation terminated.
configure:3253: $? = 1
configure: failed program was:
| /* confdefs.h */
| #define PACKAGE_NAME ""
| #define PACKAGE_TARNAME ""
| #define PACKAGE_VERSION ""
| #define PACKAGE_STRING ""
| #define PACKAGE_BUGREPORT ""
| #define PACKAGE_URL ""
| /* end confdefs.h.  */
| #include <ac_nonexistent.h>
configure:3282: checking for grep that handles long lines and -e
configure:3340: result: /usr/bin/grep
configure:3345: checking for egrep
configure:3407: result: /usr/bin/grep -E
configure:3412: checking for ANSI C header files
configure:3432: gcc -c -g -O2  conftest.c >&5
configure:3432: $? = 0
configure:3505: gcc -o conftest.exe -g -O2   conftest.c  >&5
configure:3505: $? = 0
configure:3505: ./conftest.exe
configure:3505: $? = 0
configure:3516: result: yes
configure:3529: checking for sys/types.h
configure:3529: gcc -c -g -O2  conftest.c >&5
configure:3529: $? = 0
configure:3529: result: yes
configure:3529: checking for sys/stat.h
configure:3529: gcc -c -g -O2  conftest.c >&5
configure:3529: $? = 0
configure:3529: result: yes
configure:3529: checking for stdlib.h
configure:3529: gcc -c -g -O2  conftest.c >&5
configure:3529: $? = 0
configure:3529: result: yes
configure:3529: checking for string.h
configure:3529: gcc -c -g -O2  conftest.c >&5
configure:3529: $? = 0
configure:3529: result: yes
configure:3529: checking for memory.h
configure:3529: gcc -c -g -O2  conftest.c >&5
configure:3529: $? = 0
configure:3529: result: yes
configure:3529: checking for strings.h
configure:3529: gcc -c -g -O2  conftest.c >&5
configure:3529: $? = 0
configure:3529: result: yes
configure:3529: checking for inttypes.h
configure:3529: gcc -c -g -O2  conftest.c >&5
configure:3529: $? = 0
configure:3529: result: yes
configure:3529: checking for stdint.h
configure:3529: gcc -c -g -O2  conftest.c >&5
configure:3529: $? = 0
configure:3529: result: yes
configure:3529: checking for unistd.h
configure:3529: gcc -c -g -O2  conftest.c >&5
configure:3529: $? = 0
configure:3529: result: yes
configure:3643: checking if PCAP_NETMASK_UNKNOWN is defined/handled by libpcap
configure:3663: gcc -c -g -O2  conftest.c >&5
conftest.c:20:16: fatal error: pcap.h: No such file or directory
       #include <pcap.h>
                ^~~~~~~~
compilation terminated.
configure:3663: $? = 1
configure: failed program was:
| /* confdefs.h */
| #define PACKAGE_NAME ""
| #define PACKAGE_TARNAME ""
| #define PACKAGE_VERSION ""
| #define PACKAGE_STRING ""
| #define PACKAGE_BUGREPORT ""
| #define PACKAGE_URL ""
| #define STDC_HEADERS 1
| #define HAVE_SYS_TYPES_H 1
| #define HAVE_SYS_STAT_H 1
| #define HAVE_STDLIB_H 1
| #define HAVE_STRING_H 1
| #define HAVE_MEMORY_H 1
| #define HAVE_STRINGS_H 1
| #define HAVE_INTTYPES_H 1
| #define HAVE_STDINT_H 1
| #define HAVE_UNISTD_H 1
| /* end confdefs.h.  */
| 
|       #include <pcap.h>
| 
| int
| main ()
| {
| 
|       int i = PCAP_NETMASK_UNKNOWN;
| 
|   ;
|   return 0;
| }
configure:3676: result: no
configure:3681: checking linux/version.h usability
configure:3681: gcc -c -g -O2  conftest.c >&5
conftest.c:53:10: fatal error: linux/version.h: No such file or directory
 #include <linux/version.h>
          ^~~~~~~~~~~~~~~~~
compilation terminated.
configure:3681: $? = 1
configure: failed program was:
| /* confdefs.h */
| #define PACKAGE_NAME ""
| #define PACKAGE_TARNAME ""
| #define PACKAGE_VERSION ""
| #define PACKAGE_STRING ""
| #define PACKAGE_BUGREPORT ""
| #define PACKAGE_URL ""
| #define STDC_HEADERS 1
| #define HAVE_SYS_TYPES_H 1
| #define HAVE_SYS_STAT_H 1
| #define HAVE_STDLIB_H 1
| #define HAVE_STRING_H 1
| #define HAVE_MEMORY_H 1
| #define HAVE_STRINGS_H 1
| #define HAVE_INTTYPES_H 1
| #define HAVE_STDINT_H 1
| #define HAVE_UNISTD_H 1
| #define PCAP_NETMASK_UNKNOWN 0
| /* end confdefs.h.  */
| #include <stdio.h>
| #ifdef HAVE_SYS_TYPES_H
| # include <sys/types.h>
| #endif
| #ifdef HAVE_SYS_STAT_H
| # include <sys/stat.h>
| #endif
| #ifdef STDC_HEADERS
| # include <stdlib.h>
| # include <stddef.h>
| #else
| # ifdef HAVE_STDLIB_H
| #  include <stdlib.h>
| # endif
| #endif
| #ifdef HAVE_STRING_H
| # if !defined STDC_HEADERS && defined HAVE_MEMORY_H
| #  include <memory.h>
| # endif
| # include <string.h>
| #endif
| #ifdef HAVE_STRINGS_H
| # include <strings.h>
| #endif
| #ifdef HAVE_INTTYPES_H
| # include <inttypes.h>
| #endif
| #ifdef HAVE_STDINT_H
| # include <stdint.h>
| #endif
| #ifdef HAVE_UNISTD_H
| # include <unistd.h>
| #endif
| #include <linux/version.h>
configure:3681: result: no
configure:3681: checking linux/version.h presence
configure:3681: gcc -E  conftest.c
conftest.c:20:10: fatal error: linux/version.h: No such file or directory
 #include <linux/version.h>
          ^~~~~~~~~~~~~~~~~
compilation terminated.
configure:3681: $? = 1
configure: failed program was:
| /* confdefs.h */
| #define PACKAGE_NAME ""
| #define PACKAGE_TARNAME ""
| #define PACKAGE_VERSION ""
| #define PACKAGE_STRING ""
| #define PACKAGE_BUGREPORT ""
| #define PACKAGE_URL ""
| #define STDC_HEADERS 1
| #define HAVE_SYS_TYPES_H 1
| #define HAVE_SYS_STAT_H 1
| #define HAVE_STDLIB_H 1
| #define HAVE_STRING_H 1
| #define HAVE_MEMORY_H 1
| #define HAVE_STRINGS_H 1
| #define HAVE_INTTYPES_H 1
| #define HAVE_STDINT_H 1
| #define HAVE_UNISTD_H 1
| #define PCAP_NETMASK_UNKNOWN 0
| /* end confdefs.h.  */
| #include <linux/version.h>
configure:3681: result: no
configure:3681: checking for linux/version.h
configure:3681: result: no
configure:3687: checking for Linux epoll(7) interface
configure:3713: gcc -o conftest.exe -g -O2   conftest.c  >&5
conftest.c:20:16: fatal error: sys/epoll.h: No such file or directory
       #include <sys/epoll.h>
                ^~~~~~~~~~~~~
compilation terminated.
configure:3713: $? = 1
configure: failed program was:
| /* confdefs.h */
| #define PACKAGE_NAME ""
| #define PACKAGE_TARNAME ""
| #define PACKAGE_VERSION ""
| #define PACKAGE_STRING ""
| #define PACKAGE_BUGREPORT ""
| #define PACKAGE_URL ""
| #define STDC_HEADERS 1
| #define HAVE_SYS_TYPES_H 1
| #define HAVE_SYS_STAT_H 1
| #define HAVE_STDLIB_H 1
| #define HAVE_STRING_H 1
| #define HAVE_MEMORY_H 1
| #define HAVE_STRINGS_H 1
| #define HAVE_INTTYPES_H 1
| #define HAVE_STDINT_H 1
| #define HAVE_UNISTD_H 1
| #define PCAP_NETMASK_UNKNOWN 0
| /* end confdefs.h.  */
|       #include <sys/epoll.h>
| #ifdef HAVE_LINUX_VERSION_H
| #  include <linux/version.h>
| #  if LINUX_VERSION_CODE < KERNEL_VERSION(2,5,45)
| #    error linux kernel version is too old to have epoll
| #  endif
| #endif
| 
| int
| main ()
| {
| int fd, rc;
| struct epoll_event ev;
| fd = epoll_create(128);
| rc = epoll_wait(fd, &ev, 1, 0);
|   ;
|   return 0;
| }
configure:3730: result: no
configure:3735: checking for poll(2)
configure:3751: gcc -o conftest.exe -g -O2   conftest.c  >&5
conftest.c:20:16: fatal error: poll.h: No such file or directory
       #include <poll.h>
                ^~~~~~~~
compilation terminated.
configure:3751: $? = 1
configure: failed program was:
| /* confdefs.h */
| #define PACKAGE_NAME ""
| #define PACKAGE_TARNAME ""
| #define PACKAGE_VERSION ""
| #define PACKAGE_STRING ""
| #define PACKAGE_BUGREPORT ""
| #define PACKAGE_URL ""
| #define STDC_HEADERS 1
| #define HAVE_SYS_TYPES_H 1
| #define HAVE_SYS_STAT_H 1
| #define HAVE_STDLIB_H 1
| #define HAVE_STRING_H 1
| #define HAVE_MEMORY_H 1
| #define HAVE_STRINGS_H 1
| #define HAVE_INTTYPES_H 1
| #define HAVE_STDINT_H 1
| #define HAVE_UNISTD_H 1
| #define PCAP_NETMASK_UNKNOWN 0
| /* end confdefs.h.  */
|       #include <poll.h>
| int
| main ()
| {
| int rc; rc = poll((struct pollfd *)(0), 0, 0);
|   ;
|   return 0;
| }
configure:3767: result: no
configure:3775: checking for kqueue
configure:3775: gcc -o conftest.exe -g -O2   conftest.c  >&5
E:/Program-Files/Editor/Perl/Strawberry/c/bin/../lib/gcc/x86_64-w64-mingw32/8.3.0/../../../../x86_64-w64-mingw32/bin/ld.exe: C:\Users\natew\AppData\Local\Temp\ccYf1xfm.o: in function `main':
E:\github\wws\Blackhat\nmap\ncrack\nsock\src/conftest.c:54: undefined reference to `kqueue'
collect2.exe: error: ld returned 1 exit status
configure:3775: $? = 1
configure: failed program was:
| /* confdefs.h */
| #define PACKAGE_NAME ""
| #define PACKAGE_TARNAME ""
| #define PACKAGE_VERSION ""
| #define PACKAGE_STRING ""
| #define PACKAGE_BUGREPORT ""
| #define PACKAGE_URL ""
| #define STDC_HEADERS 1
| #define HAVE_SYS_TYPES_H 1
| #define HAVE_SYS_STAT_H 1
| #define HAVE_STDLIB_H 1
| #define HAVE_STRING_H 1
| #define HAVE_MEMORY_H 1
| #define HAVE_STRINGS_H 1
| #define HAVE_INTTYPES_H 1
| #define HAVE_STDINT_H 1
| #define HAVE_UNISTD_H 1
| #define PCAP_NETMASK_UNKNOWN 0
| /* end confdefs.h.  */
| /* Define kqueue to an innocuous variant, in case <limits.h> declares kqueue.
|    For example, HP-UX 11i <limits.h> declares gettimeofday.  */
| #define kqueue innocuous_kqueue
| 
| /* System header to define __stub macros and hopefully few prototypes,
|     which can conflict with char kqueue (); below.
|     Prefer <limits.h> to <assert.h> if __STDC__ is defined, since
|     <limits.h> exists even on freestanding compilers.  */
| 
| #ifdef __STDC__
| # include <limits.h>
| #else
| # include <assert.h>
| #endif
| 
| #undef kqueue
| 
| /* Override any GCC internal prototype to avoid an error.
|    Use char because int might match the return type of a GCC
|    builtin and then its argument prototype would still apply.  */
| #ifdef __cplusplus
| extern "C"
| #endif
| char kqueue ();
| /* The GNU C library defines this for functions which it implements
|     to always fail with ENOSYS.  Some functions are actually named
|     something starting with __ and the normal name is an alias.  */
| #if defined __stub_kqueue || defined __stub___kqueue
| choke me
| #endif
| 
| int
| main ()
| {
| return kqueue ();
|   ;
|   return 0;
| }
configure:3775: result: no
configure:3775: checking for kevent
configure:3775: gcc -o conftest.exe -g -O2   conftest.c  >&5
E:/Program-Files/Editor/Perl/Strawberry/c/bin/../lib/gcc/x86_64-w64-mingw32/8.3.0/../../../../x86_64-w64-mingw32/bin/ld.exe: C:\Users\natew\AppData\Local\Temp\cc4tTAF1.o: in function `main':
E:\github\wws\Blackhat\nmap\ncrack\nsock\src/conftest.c:54: undefined reference to `kevent'
collect2.exe: error: ld returned 1 exit status
configure:3775: $? = 1
configure: failed program was:
| /* confdefs.h */
| #define PACKAGE_NAME ""
| #define PACKAGE_TARNAME ""
| #define PACKAGE_VERSION ""
| #define PACKAGE_STRING ""
| #define PACKAGE_BUGREPORT ""
| #define PACKAGE_URL ""
| #define STDC_HEADERS 1
| #define HAVE_SYS_TYPES_H 1
| #define HAVE_SYS_STAT_H 1
| #define HAVE_STDLIB_H 1
| #define HAVE_STRING_H 1
| #define HAVE_MEMORY_H 1
| #define HAVE_STRINGS_H 1
| #define HAVE_INTTYPES_H 1
| #define HAVE_STDINT_H 1
| #define HAVE_UNISTD_H 1
| #define PCAP_NETMASK_UNKNOWN 0
| /* end confdefs.h.  */
| /* Define kevent to an innocuous variant, in case <limits.h> declares kevent.
|    For example, HP-UX 11i <limits.h> declares gettimeofday.  */
| #define kevent innocuous_kevent
| 
| /* System header to define __stub macros and hopefully few prototypes,
|     which can conflict with char kevent (); below.
|     Prefer <limits.h> to <assert.h> if __STDC__ is defined, since
|     <limits.h> exists even on freestanding compilers.  */
| 
| #ifdef __STDC__
| # include <limits.h>
| #else
| # include <assert.h>
| #endif
| 
| #undef kevent
| 
| /* Override any GCC internal prototype to avoid an error.
|    Use char because int might match the return type of a GCC
|    builtin and then its argument prototype would still apply.  */
| #ifdef __cplusplus
| extern "C"
| #endif
| char kevent ();
| /* The GNU C library defines this for functions which it implements
|     to always fail with ENOSYS.  Some functions are actually named
|     something starting with __ and the normal name is an alias.  */
| #if defined __stub_kevent || defined __stub___kevent
| choke me
| #endif
| 
| int
| main ()
| {
| return kevent ();
|   ;
|   return 0;
| }
configure:3775: result: no
configure:3834: checking for gcc
configure:3861: result: gcc
configure:4090: checking for C compiler version
configure:4099: gcc --version >&5
gcc.exe (x86_64-posix-seh, Built by strawberryperl.com project) 8.3.0
Copyright (C) 2018 Free Software Foundation, Inc.
This is free software; see the source for copying conditions.  There is NO
warranty; not even for MERCHANTABILITY or FITNESS FOR A PARTICULAR PURPOSE.

configure:4110: $? = 0
configure:4099: gcc -v >&5
Using built-in specs.
COLLECT_GCC=E:\Program-Files\Editor\Perl\Strawberry\c\bin\gcc.exe
COLLECT_LTO_WRAPPER=E:/Program-Files/Editor/Perl/Strawberry/c/bin/../libexec/gcc/x86_64-w64-mingw32/8.3.0/lto-wrapper.exe
Target: x86_64-w64-mingw32
Configured with: ../../../src/gcc-8.3.0/configure --host=x86_64-w64-mingw32 --build=x86_64-w64-mingw32 --target=x86_64-w64-mingw32 --prefix=/mingw64 --enable-shared --enable-static --disable-multilib --enable-languages=c,c++,fortran,lto --enable-libstdcxx-time=yes --enable-threads=posix --enable-libgomp --enable-libatomic --enable-lto --enable-graphite --enable-checking=release --enable-fully-dynamic-string --enable-version-specific-runtime-libs --enable-libstdcxx-filesystem-ts=yes --disable-libstdcxx-pch --disable-libstdcxx-debug --disable-bootstrap --disable-rpath --disable-win32-registry --disable-nls --disable-werror --disable-symvers --with-gnu-as --with-gnu-ld --with-arch=nocona --with-tune=core2 --with-libiconv --with-system-zlib --with-gmp=/opt/build/prerequisites/x86_64-w64-mingw32-static --with-mpfr=/opt/build/prerequisites/x86_64-w64-mingw32-static --with-mpc=/opt/build/prerequisites/x86_64-w64-mingw32-static --with-isl=/opt/build/prerequisites/x86_64-w64-mingw32-static --with-pkgversion='x86_64-posix-seh, Built by strawberryperl.com project' --with-bugurl=https://sourceforge.net/projects/mingw-w64 CFLAGS='-O2 -pipe -fno-ident -I/opt/build/x86_64-830-posix-seh-rt_v6/mingw64/opt/include -I/opt/build/prerequisites/x86_64-zlib-static/include -I/opt/build/prerequisites/x86_64-w64-mingw32-static/include' CXXFLAGS='-O2 -pipe -fno-ident -I/opt/build/x86_64-830-posix-seh-rt_v6/mingw64/opt/include -I/opt/build/prerequisites/x86_64-zlib-static/include -I/opt/build/prerequisites/x86_64-w64-mingw32-static/include' CPPFLAGS=' -I/opt/build/x86_64-830-posix-seh-rt_v6/mingw64/opt/include -I/opt/build/prerequisites/x86_64-zlib-static/include -I/opt/build/prerequisites/x86_64-w64-mingw32-static/include' LDFLAGS='-pipe -fno-ident -L/opt/build/x86_64-830-posix-seh-rt_v6/mingw64/opt/lib -L/opt/build/prerequisites/x86_64-zlib-static/lib -L/opt/build/prerequisites/x86_64-w64-mingw32-static/lib ' LD_FOR_TARGET=/opt/build/x86_64-830-posix-seh-rt_v6/mingw64/bin/ld.exe
Thread model: posix
gcc version 8.3.0 (x86_64-posix-seh, Built by strawberryperl.com project) 
configure:4110: $? = 0
configure:4099: gcc -V >&5
gcc.exe: error: unrecognized command line option '-V'
gcc.exe: fatal error: no input files
compilation terminated.
configure:4110: $? = 1
configure:4099: gcc -qversion >&5
gcc.exe: error: unrecognized command line option '-qversion'; did you mean '--version'?
gcc.exe: fatal error: no input files
compilation terminated.
configure:4110: $? = 1
configure:4114: checking whether we are using the GNU C compiler
configure:4142: result: yes
configure:4151: checking whether gcc accepts -g
configure:4212: result: yes
configure:4229: checking for gcc option to accept ISO C89
configure:4305: result: none needed
configure:4371: checking for ranlib
configure:4387: found /e/Program-Files/Editor/Perl/Strawberry/c/bin/ranlib
configure:4398: result: ranlib
configure:4422: checking for gethostent
configure:4422: gcc -o conftest.exe -g -O2 -Wall    conftest.c  >&5
E:/Program-Files/Editor/Perl/Strawberry/c/bin/../lib/gcc/x86_64-w64-mingw32/8.3.0/../../../../x86_64-w64-mingw32/bin/ld.exe: C:\Users\natew\AppData\Local\Temp\ccY6lerS.o: in function `main':
E:\github\wws\Blackhat\nmap\ncrack\nsock\src/conftest.c:54: undefined reference to `gethostent'
collect2.exe: error: ld returned 1 exit status
configure:4422: $? = 1
configure: failed program was:
| /* confdefs.h */
| #define PACKAGE_NAME ""
| #define PACKAGE_TARNAME ""
| #define PACKAGE_VERSION ""
| #define PACKAGE_STRING ""
| #define PACKAGE_BUGREPORT ""
| #define PACKAGE_URL ""
| #define STDC_HEADERS 1
| #define HAVE_SYS_TYPES_H 1
| #define HAVE_SYS_STAT_H 1
| #define HAVE_STDLIB_H 1
| #define HAVE_STRING_H 1
| #define HAVE_MEMORY_H 1
| #define HAVE_STRINGS_H 1
| #define HAVE_INTTYPES_H 1
| #define HAVE_STDINT_H 1
| #define HAVE_UNISTD_H 1
| #define PCAP_NETMASK_UNKNOWN 0
| /* end confdefs.h.  */
| /* Define gethostent to an innocuous variant, in case <limits.h> declares gethostent.
|    For example, HP-UX 11i <limits.h> declares gettimeofday.  */
| #define gethostent innocuous_gethostent
| 
| /* System header to define __stub macros and hopefully few prototypes,
|     which can conflict with char gethostent (); below.
|     Prefer <limits.h> to <assert.h> if __STDC__ is defined, since
|     <limits.h> exists even on freestanding compilers.  */
| 
| #ifdef __STDC__
| # include <limits.h>
| #else
| # include <assert.h>
| #endif
| 
| #undef gethostent
| 
| /* Override any GCC internal prototype to avoid an error.
|    Use char because int might match the return type of a GCC
|    builtin and then its argument prototype would still apply.  */
| #ifdef __cplusplus
| extern "C"
| #endif
| char gethostent ();
| /* The GNU C library defines this for functions which it implements
|     to always fail with ENOSYS.  Some functions are actually named
|     something starting with __ and the normal name is an alias.  */
| #if defined __stub_gethostent || defined __stub___gethostent
| choke me
| #endif
| 
| int
| main ()
| {
| return gethostent ();
|   ;
|   return 0;
| }
configure:4422: result: no
configure:4426: checking for gethostent in -lnsl
configure:4451: gcc -o conftest.exe -g -O2 -Wall    conftest.c -lnsl   >&5
E:/Program-Files/Editor/Perl/Strawberry/c/bin/../lib/gcc/x86_64-w64-mingw32/8.3.0/../../../../x86_64-w64-mingw32/bin/ld.exe: cannot find -lnsl
collect2.exe: error: ld returned 1 exit status
configure:4451: $? = 1
configure: failed program was:
| /* confdefs.h */
| #define PACKAGE_NAME ""
| #define PACKAGE_TARNAME ""
| #define PACKAGE_VERSION ""
| #define PACKAGE_STRING ""
| #define PACKAGE_BUGREPORT ""
| #define PACKAGE_URL ""
| #define STDC_HEADERS 1
| #define HAVE_SYS_TYPES_H 1
| #define HAVE_SYS_STAT_H 1
| #define HAVE_STDLIB_H 1
| #define HAVE_STRING_H 1
| #define HAVE_MEMORY_H 1
| #define HAVE_STRINGS_H 1
| #define HAVE_INTTYPES_H 1
| #define HAVE_STDINT_H 1
| #define HAVE_UNISTD_H 1
| #define PCAP_NETMASK_UNKNOWN 0
| /* end confdefs.h.  */
| 
| /* Override any GCC internal prototype to avoid an error.
|    Use char because int might match the return type of a GCC
|    builtin and then its argument prototype would still apply.  */
| #ifdef __cplusplus
| extern "C"
| #endif
| char gethostent ();
| int
| main ()
| {
| return gethostent ();
|   ;
|   return 0;
| }
configure:4460: result: no
configure:4473: checking for setsockopt
configure:4473: gcc -o conftest.exe -g -O2 -Wall    conftest.c  >&5
E:/Program-Files/Editor/Perl/Strawberry/c/bin/../lib/gcc/x86_64-w64-mingw32/8.3.0/../../../../x86_64-w64-mingw32/bin/ld.exe: C:\Users\natew\AppData\Local\Temp\ccGICT7x.o: in function `main':
E:\github\wws\Blackhat\nmap\ncrack\nsock\src/conftest.c:54: undefined reference to `setsockopt'
collect2.exe: error: ld returned 1 exit status
configure:4473: $? = 1
configure: failed program was:
| /* confdefs.h */
| #define PACKAGE_NAME ""
| #define PACKAGE_TARNAME ""
| #define PACKAGE_VERSION ""
| #define PACKAGE_STRING ""
| #define PACKAGE_BUGREPORT ""
| #define PACKAGE_URL ""
| #define STDC_HEADERS 1
| #define HAVE_SYS_TYPES_H 1
| #define HAVE_SYS_STAT_H 1
| #define HAVE_STDLIB_H 1
| #define HAVE_STRING_H 1
| #define HAVE_MEMORY_H 1
| #define HAVE_STRINGS_H 1
| #define HAVE_INTTYPES_H 1
| #define HAVE_STDINT_H 1
| #define HAVE_UNISTD_H 1
| #define PCAP_NETMASK_UNKNOWN 0
| /* end confdefs.h.  */
| /* Define setsockopt to an innocuous variant, in case <limits.h> declares setsockopt.
|    For example, HP-UX 11i <limits.h> declares gettimeofday.  */
| #define setsockopt innocuous_setsockopt
| 
| /* System header to define __stub macros and hopefully few prototypes,
|     which can conflict with char setsockopt (); below.
|     Prefer <limits.h> to <assert.h> if __STDC__ is defined, since
|     <limits.h> exists even on freestanding compilers.  */
| 
| #ifdef __STDC__
| # include <limits.h>
| #else
| # include <assert.h>
| #endif
| 
| #undef setsockopt
| 
| /* Override any GCC internal prototype to avoid an error.
|    Use char because int might match the return type of a GCC
|    builtin and then its argument prototype would still apply.  */
| #ifdef __cplusplus
| extern "C"
| #endif
| char setsockopt ();
| /* The GNU C library defines this for functions which it implements
|     to always fail with ENOSYS.  Some functions are actually named
|     something starting with __ and the normal name is an alias.  */
| #if defined __stub_setsockopt || defined __stub___setsockopt
| choke me
| #endif
| 
| int
| main ()
| {
| return setsockopt ();
|   ;
|   return 0;
| }
configure:4473: result: no
configure:4477: checking for setsockopt in -lsocket
configure:4502: gcc -o conftest.exe -g -O2 -Wall    conftest.c -lsocket   >&5
E:/Program-Files/Editor/Perl/Strawberry/c/bin/../lib/gcc/x86_64-w64-mingw32/8.3.0/../../../../x86_64-w64-mingw32/bin/ld.exe: cannot find -lsocket
collect2.exe: error: ld returned 1 exit status
configure:4502: $? = 1
configure: failed program was:
| /* confdefs.h */
| #define PACKAGE_NAME ""
| #define PACKAGE_TARNAME ""
| #define PACKAGE_VERSION ""
| #define PACKAGE_STRING ""
| #define PACKAGE_BUGREPORT ""
| #define PACKAGE_URL ""
| #define STDC_HEADERS 1
| #define HAVE_SYS_TYPES_H 1
| #define HAVE_SYS_STAT_H 1
| #define HAVE_STDLIB_H 1
| #define HAVE_STRING_H 1
| #define HAVE_MEMORY_H 1
| #define HAVE_STRINGS_H 1
| #define HAVE_INTTYPES_H 1
| #define HAVE_STDINT_H 1
| #define HAVE_UNISTD_H 1
| #define PCAP_NETMASK_UNKNOWN 0
| /* end confdefs.h.  */
| 
| /* Override any GCC internal prototype to avoid an error.
|    Use char because int might match the return type of a GCC
|    builtin and then its argument prototype would still apply.  */
| #ifdef __cplusplus
| extern "C"
| #endif
| char setsockopt ();
| int
| main ()
| {
| return setsockopt ();
|   ;
|   return 0;
| }
configure:4511: result: no
configure:4525: checking for nanosleep
configure:4525: gcc -o conftest.exe -g -O2 -Wall    conftest.c  >&5
configure:4525: $? = 0
configure:4525: result: yes
configure:4577: checking for ANSI C header files
configure:4681: result: yes
configure:4692: checking net/bpf.h usability
configure:4692: gcc -c -g -O2 -Wall   conftest.c >&5
conftest.c:54:10: fatal error: net/bpf.h: No such file or directory
 #include <net/bpf.h>
          ^~~~~~~~~~~
compilation terminated.
configure:4692: $? = 1
configure: failed program was:
| /* confdefs.h */
| #define PACKAGE_NAME ""
| #define PACKAGE_TARNAME ""
| #define PACKAGE_VERSION ""
| #define PACKAGE_STRING ""
| #define PACKAGE_BUGREPORT ""
| #define PACKAGE_URL ""
| #define STDC_HEADERS 1
| #define HAVE_SYS_TYPES_H 1
| #define HAVE_SYS_STAT_H 1
| #define HAVE_STDLIB_H 1
| #define HAVE_STRING_H 1
| #define HAVE_MEMORY_H 1
| #define HAVE_STRINGS_H 1
| #define HAVE_INTTYPES_H 1
| #define HAVE_STDINT_H 1
| #define HAVE_UNISTD_H 1
| #define PCAP_NETMASK_UNKNOWN 0
| #define STDC_HEADERS 1
| /* end confdefs.h.  */
| #include <stdio.h>
| #ifdef HAVE_SYS_TYPES_H
| # include <sys/types.h>
| #endif
| #ifdef HAVE_SYS_STAT_H
| # include <sys/stat.h>
| #endif
| #ifdef STDC_HEADERS
| # include <stdlib.h>
| # include <stddef.h>
| #else
| # ifdef HAVE_STDLIB_H
| #  include <stdlib.h>
| # endif
| #endif
| #ifdef HAVE_STRING_H
| # if !defined STDC_HEADERS && defined HAVE_MEMORY_H
| #  include <memory.h>
| # endif
| # include <string.h>
| #endif
| #ifdef HAVE_STRINGS_H
| # include <strings.h>
| #endif
| #ifdef HAVE_INTTYPES_H
| # include <inttypes.h>
| #endif
| #ifdef HAVE_STDINT_H
| # include <stdint.h>
| #endif
| #ifdef HAVE_UNISTD_H
| # include <unistd.h>
| #endif
| #include <net/bpf.h>
configure:4692: result: no
configure:4692: checking net/bpf.h presence
configure:4692: gcc -E  conftest.c
conftest.c:21:10: fatal error: net/bpf.h: No such file or directory
 #include <net/bpf.h>
          ^~~~~~~~~~~
compilation terminated.
configure:4692: $? = 1
configure: failed program was:
| /* confdefs.h */
| #define PACKAGE_NAME ""
| #define PACKAGE_TARNAME ""
| #define PACKAGE_VERSION ""
| #define PACKAGE_STRING ""
| #define PACKAGE_BUGREPORT ""
| #define PACKAGE_URL ""
| #define STDC_HEADERS 1
| #define HAVE_SYS_TYPES_H 1
| #define HAVE_SYS_STAT_H 1
| #define HAVE_STDLIB_H 1
| #define HAVE_STRING_H 1
| #define HAVE_MEMORY_H 1
| #define HAVE_STRINGS_H 1
| #define HAVE_INTTYPES_H 1
| #define HAVE_STDINT_H 1
| #define HAVE_UNISTD_H 1
| #define PCAP_NETMASK_UNKNOWN 0
| #define STDC_HEADERS 1
| /* end confdefs.h.  */
| #include <net/bpf.h>
configure:4692: result: no
configure:4692: checking for net/bpf.h
configure:4692: result: no
configure:4692: checking sys/ioctl.h usability
configure:4692: gcc -c -g -O2 -Wall   conftest.c >&5
conftest.c:54:10: fatal error: sys/ioctl.h: No such file or directory
 #include <sys/ioctl.h>
          ^~~~~~~~~~~~~
compilation terminated.
configure:4692: $? = 1
configure: failed program was:
| /* confdefs.h */
| #define PACKAGE_NAME ""
| #define PACKAGE_TARNAME ""
| #define PACKAGE_VERSION ""
| #define PACKAGE_STRING ""
| #define PACKAGE_BUGREPORT ""
| #define PACKAGE_URL ""
| #define STDC_HEADERS 1
| #define HAVE_SYS_TYPES_H 1
| #define HAVE_SYS_STAT_H 1
| #define HAVE_STDLIB_H 1
| #define HAVE_STRING_H 1
| #define HAVE_MEMORY_H 1
| #define HAVE_STRINGS_H 1
| #define HAVE_INTTYPES_H 1
| #define HAVE_STDINT_H 1
| #define HAVE_UNISTD_H 1
| #define PCAP_NETMASK_UNKNOWN 0
| #define STDC_HEADERS 1
| /* end confdefs.h.  */
| #include <stdio.h>
| #ifdef HAVE_SYS_TYPES_H
| # include <sys/types.h>
| #endif
| #ifdef HAVE_SYS_STAT_H
| # include <sys/stat.h>
| #endif
| #ifdef STDC_HEADERS
| # include <stdlib.h>
| # include <stddef.h>
| #else
| # ifdef HAVE_STDLIB_H
| #  include <stdlib.h>
| # endif
| #endif
| #ifdef HAVE_STRING_H
| # if !defined STDC_HEADERS && defined HAVE_MEMORY_H
| #  include <memory.h>
| # endif
| # include <string.h>
| #endif
| #ifdef HAVE_STRINGS_H
| # include <strings.h>
| #endif
| #ifdef HAVE_INTTYPES_H
| # include <inttypes.h>
| #endif
| #ifdef HAVE_STDINT_H
| # include <stdint.h>
| #endif
| #ifdef HAVE_UNISTD_H
| # include <unistd.h>
| #endif
| #include <sys/ioctl.h>
configure:4692: result: no
configure:4692: checking sys/ioctl.h presence
configure:4692: gcc -E  conftest.c
conftest.c:21:10: fatal error: sys/ioctl.h: No such file or directory
 #include <sys/ioctl.h>
          ^~~~~~~~~~~~~
compilation terminated.
configure:4692: $? = 1
configure: failed program was:
| /* confdefs.h */
| #define PACKAGE_NAME ""
| #define PACKAGE_TARNAME ""
| #define PACKAGE_VERSION ""
| #define PACKAGE_STRING ""
| #define PACKAGE_BUGREPORT ""
| #define PACKAGE_URL ""
| #define STDC_HEADERS 1
| #define HAVE_SYS_TYPES_H 1
| #define HAVE_SYS_STAT_H 1
| #define HAVE_STDLIB_H 1
| #define HAVE_STRING_H 1
| #define HAVE_MEMORY_H 1
| #define HAVE_STRINGS_H 1
| #define HAVE_INTTYPES_H 1
| #define HAVE_STDINT_H 1
| #define HAVE_UNISTD_H 1
| #define PCAP_NETMASK_UNKNOWN 0
| #define STDC_HEADERS 1
| /* end confdefs.h.  */
| #include <sys/ioctl.h>
configure:4692: result: no
configure:4692: checking for sys/ioctl.h
configure:4692: result: no
configure:4692: checking sys/un.h usability
configure:4692: gcc -c -g -O2 -Wall   conftest.c >&5
conftest.c:54:10: fatal error: sys/un.h: No such file or directory
 #include <sys/un.h>
          ^~~~~~~~~~
compilation terminated.
configure:4692: $? = 1
configure: failed program was:
| /* confdefs.h */
| #define PACKAGE_NAME ""
| #define PACKAGE_TARNAME ""
| #define PACKAGE_VERSION ""
| #define PACKAGE_STRING ""
| #define PACKAGE_BUGREPORT ""
| #define PACKAGE_URL ""
| #define STDC_HEADERS 1
| #define HAVE_SYS_TYPES_H 1
| #define HAVE_SYS_STAT_H 1
| #define HAVE_STDLIB_H 1
| #define HAVE_STRING_H 1
| #define HAVE_MEMORY_H 1
| #define HAVE_STRINGS_H 1
| #define HAVE_INTTYPES_H 1
| #define HAVE_STDINT_H 1
| #define HAVE_UNISTD_H 1
| #define PCAP_NETMASK_UNKNOWN 0
| #define STDC_HEADERS 1
| /* end confdefs.h.  */
| #include <stdio.h>
| #ifdef HAVE_SYS_TYPES_H
| # include <sys/types.h>
| #endif
| #ifdef HAVE_SYS_STAT_H
| # include <sys/stat.h>
| #endif
| #ifdef STDC_HEADERS
| # include <stdlib.h>
| # include <stddef.h>
| #else
| # ifdef HAVE_STDLIB_H
| #  include <stdlib.h>
| # endif
| #endif
| #ifdef HAVE_STRING_H
| # if !defined STDC_HEADERS && defined HAVE_MEMORY_H
| #  include <memory.h>
| # endif
| # include <string.h>
| #endif
| #ifdef HAVE_STRINGS_H
| # include <strings.h>
| #endif
| #ifdef HAVE_INTTYPES_H
| # include <inttypes.h>
| #endif
| #ifdef HAVE_STDINT_H
| # include <stdint.h>
| #endif
| #ifdef HAVE_UNISTD_H
| # include <unistd.h>
| #endif
| #include <sys/un.h>
configure:4692: result: no
configure:4692: checking sys/un.h presence
configure:4692: gcc -E  conftest.c
conftest.c:21:10: fatal error: sys/un.h: No such file or directory
 #include <sys/un.h>
          ^~~~~~~~~~
compilation terminated.
configure:4692: $? = 1
configure: failed program was:
| /* confdefs.h */
| #define PACKAGE_NAME ""
| #define PACKAGE_TARNAME ""
| #define PACKAGE_VERSION ""
| #define PACKAGE_STRING ""
| #define PACKAGE_BUGREPORT ""
| #define PACKAGE_URL ""
| #define STDC_HEADERS 1
| #define HAVE_SYS_TYPES_H 1
| #define HAVE_SYS_STAT_H 1
| #define HAVE_STDLIB_H 1
| #define HAVE_STRING_H 1
| #define HAVE_MEMORY_H 1
| #define HAVE_STRINGS_H 1
| #define HAVE_INTTYPES_H 1
| #define HAVE_STDINT_H 1
| #define HAVE_UNISTD_H 1
| #define PCAP_NETMASK_UNKNOWN 0
| #define STDC_HEADERS 1
| /* end confdefs.h.  */
| #include <sys/un.h>
configure:4692: result: no
configure:4692: checking for sys/un.h
configure:4692: result: no
configure:4692: checking netdb.h usability
configure:4692: gcc -c -g -O2 -Wall   conftest.c >&5
conftest.c:54:10: fatal error: netdb.h: No such file or directory
 #include <netdb.h>
          ^~~~~~~~~
compilation terminated.
configure:4692: $? = 1
configure: failed program was:
| /* confdefs.h */
| #define PACKAGE_NAME ""
| #define PACKAGE_TARNAME ""
| #define PACKAGE_VERSION ""
| #define PACKAGE_STRING ""
| #define PACKAGE_BUGREPORT ""
| #define PACKAGE_URL ""
| #define STDC_HEADERS 1
| #define HAVE_SYS_TYPES_H 1
| #define HAVE_SYS_STAT_H 1
| #define HAVE_STDLIB_H 1
| #define HAVE_STRING_H 1
| #define HAVE_MEMORY_H 1
| #define HAVE_STRINGS_H 1
| #define HAVE_INTTYPES_H 1
| #define HAVE_STDINT_H 1
| #define HAVE_UNISTD_H 1
| #define PCAP_NETMASK_UNKNOWN 0
| #define STDC_HEADERS 1
| /* end confdefs.h.  */
| #include <stdio.h>
| #ifdef HAVE_SYS_TYPES_H
| # include <sys/types.h>
| #endif
| #ifdef HAVE_SYS_STAT_H
| # include <sys/stat.h>
| #endif
| #ifdef STDC_HEADERS
| # include <stdlib.h>
| # include <stddef.h>
| #else
| # ifdef HAVE_STDLIB_H
| #  include <stdlib.h>
| # endif
| #endif
| #ifdef HAVE_STRING_H
| # if !defined STDC_HEADERS && defined HAVE_MEMORY_H
| #  include <memory.h>
| # endif
| # include <string.h>
| #endif
| #ifdef HAVE_STRINGS_H
| # include <strings.h>
| #endif
| #ifdef HAVE_INTTYPES_H
| # include <inttypes.h>
| #endif
| #ifdef HAVE_STDINT_H
| # include <stdint.h>
| #endif
| #ifdef HAVE_UNISTD_H
| # include <unistd.h>
| #endif
| #include <netdb.h>
configure:4692: result: no
configure:4692: checking netdb.h presence
configure:4692: gcc -E  conftest.c
conftest.c:21:10: fatal error: netdb.h: No such file or directory
 #include <netdb.h>
          ^~~~~~~~~
compilation terminated.
configure:4692: $? = 1
configure: failed program was:
| /* confdefs.h */
| #define PACKAGE_NAME ""
| #define PACKAGE_TARNAME ""
| #define PACKAGE_VERSION ""
| #define PACKAGE_STRING ""
| #define PACKAGE_BUGREPORT ""
| #define PACKAGE_URL ""
| #define STDC_HEADERS 1
| #define HAVE_SYS_TYPES_H 1
| #define HAVE_SYS_STAT_H 1
| #define HAVE_STDLIB_H 1
| #define HAVE_STRING_H 1
| #define HAVE_MEMORY_H 1
| #define HAVE_STRINGS_H 1
| #define HAVE_INTTYPES_H 1
| #define HAVE_STDINT_H 1
| #define HAVE_UNISTD_H 1
| #define PCAP_NETMASK_UNKNOWN 0
| #define STDC_HEADERS 1
| /* end confdefs.h.  */
| #include <netdb.h>
configure:4692: result: no
configure:4692: checking for netdb.h
configure:4692: result: no
configure:4727: checking openssl/ssl.h usability
configure:4727: gcc -c -g -O2 -Wall   conftest.c >&5
configure:4727: $? = 0
configure:4727: result: yes
configure:4727: checking openssl/ssl.h presence
configure:4727: gcc -E  conftest.c
configure:4727: $? = 0
configure:4727: result: yes
configure:4727: checking for openssl/ssl.h
configure:4727: result: yes
configure:4744: checking for BIO_int_ctrl in -lcrypto
configure:4769: gcc -o conftest.exe -g -O2 -Wall    conftest.c -lcrypto   >&5
configure:4769: $? = 0
configure:4778: result: yes
configure:4795: checking for SSL_new in -lssl
configure:4820: gcc -o conftest.exe -g -O2 -Wall    conftest.c -lssl  -lcrypto   >&5
configure:4820: $? = 0
configure:4829: result: yes
configure:4846: checking for library containing dlopen
configure:4877: gcc -o conftest.exe -g -O2 -Wall    conftest.c  >&5
E:/Program-Files/Editor/Perl/Strawberry/c/bin/../lib/gcc/x86_64-w64-mingw32/8.3.0/../../../../x86_64-w64-mingw32/bin/ld.exe: C:\Users\natew\AppData\Local\Temp\ccAT32Rp.o: in function `main':
E:\github\wws\Blackhat\nmap\ncrack\nsock\src/conftest.c:32: undefined reference to `dlopen'
collect2.exe: error: ld returned 1 exit status
configure:4877: $? = 1
configure: failed program was:
| /* confdefs.h */
| #define PACKAGE_NAME ""
| #define PACKAGE_TARNAME ""
| #define PACKAGE_VERSION ""
| #define PACKAGE_STRING ""
| #define PACKAGE_BUGREPORT ""
| #define PACKAGE_URL ""
| #define STDC_HEADERS 1
| #define HAVE_SYS_TYPES_H 1
| #define HAVE_SYS_STAT_H 1
| #define HAVE_STDLIB_H 1
| #define HAVE_STRING_H 1
| #define HAVE_MEMORY_H 1
| #define HAVE_STRINGS_H 1
| #define HAVE_INTTYPES_H 1
| #define HAVE_STDINT_H 1
| #define HAVE_UNISTD_H 1
| #define PCAP_NETMASK_UNKNOWN 0
| #define STDC_HEADERS 1
| /* end confdefs.h.  */
| 
| /* Override any GCC internal prototype to avoid an error.
|    Use char because int might match the return type of a GCC
|    builtin and then its argument prototype would still apply.  */
| #ifdef __cplusplus
| extern "C"
| #endif
| char dlopen ();
| int
| main ()
| {
| return dlopen ();
|   ;
|   return 0;
| }
configure:4877: gcc -o conftest.exe -g -O2 -Wall    conftest.c -ldl   >&5
E:/Program-Files/Editor/Perl/Strawberry/c/bin/../lib/gcc/x86_64-w64-mingw32/8.3.0/../../../../x86_64-w64-mingw32/bin/ld.exe: cannot find -ldl
collect2.exe: error: ld returned 1 exit status
configure:4877: $? = 1
configure: failed program was:
| /* confdefs.h */
| #define PACKAGE_NAME ""
| #define PACKAGE_TARNAME ""
| #define PACKAGE_VERSION ""
| #define PACKAGE_STRING ""
| #define PACKAGE_BUGREPORT ""
| #define PACKAGE_URL ""
| #define STDC_HEADERS 1
| #define HAVE_SYS_TYPES_H 1
| #define HAVE_SYS_STAT_H 1
| #define HAVE_STDLIB_H 1
| #define HAVE_STRING_H 1
| #define HAVE_MEMORY_H 1
| #define HAVE_STRINGS_H 1
| #define HAVE_INTTYPES_H 1
| #define HAVE_STDINT_H 1
| #define HAVE_UNISTD_H 1
| #define PCAP_NETMASK_UNKNOWN 0
| #define STDC_HEADERS 1
| /* end confdefs.h.  */
| 
| /* Override any GCC internal prototype to avoid an error.
|    Use char because int might match the return type of a GCC
|    builtin and then its argument prototype would still apply.  */
| #ifdef __cplusplus
| extern "C"
| #endif
| char dlopen ();
| int
| main ()
| {
| return dlopen ();
|   ;
|   return 0;
| }
configure:4894: result: no
configure:4911: checking for SSL_set_tlsext_host_name
configure:4924: gcc -o conftest.exe -g -O2 -Wall    conftest.c -lssl -lcrypto  >&5
configure:4924: $? = 0
configure:4925: result: yes
configure:4935: checking for DTLS_client_method
configure:4948: gcc -o conftest.exe -g -O2 -Wall    conftest.c -lssl -lcrypto  >&5
configure:4948: $? = 0
configure:4949: result: yes
configure:4959: checking for SSL_set_alpn_protos
configure:4972: gcc -o conftest.exe -g -O2 -Wall    conftest.c -lssl -lcrypto  >&5
configure:4972: $? = 0
configure:4973: result: yes
configure:5132: creating ./config.status

## ---------------------- ##
## Running config.status. ##
## ---------------------- ##

This file was extended by config.status, which was
generated by GNU Autoconf 2.69.  Invocation command line was

  CONFIG_FILES    = 
  CONFIG_HEADERS  = 
  CONFIG_LINKS    = 
  CONFIG_COMMANDS = 
  $ ./config.status 

on Desktop

config.status:818: creating Makefile
config.status:818: creating ../tests/Makefile
config.status:818: creating ../include/nsock_config.h

## ---------------- ##
## Cache variables. ##
## ---------------- ##

ac_cv_build=x86_64-pc-mingw64
ac_cv_c_compiler_gnu=yes
ac_cv_env_CC_set=
ac_cv_env_CC_value=
ac_cv_env_CFLAGS_set=
ac_cv_env_CFLAGS_value=
ac_cv_env_CPPFLAGS_set=
ac_cv_env_CPPFLAGS_value=
ac_cv_env_CPP_set=
ac_cv_env_CPP_value=
ac_cv_env_LDFLAGS_set=
ac_cv_env_LDFLAGS_value=
ac_cv_env_LIBS_set=
ac_cv_env_LIBS_value=
ac_cv_env_build_alias_set=
ac_cv_env_build_alias_value=
ac_cv_env_host_alias_set=
ac_cv_env_host_alias_value=
ac_cv_env_target_alias_set=
ac_cv_env_target_alias_value=
ac_cv_exeext=.exe
ac_cv_func_gethostent=no
ac_cv_func_kevent=no
ac_cv_func_kqueue=no
ac_cv_func_nanosleep=yes
ac_cv_func_setsockopt=no
ac_cv_have_pcap_netmask_unknown=no
ac_cv_header_inttypes_h=yes
ac_cv_header_linux_version_h=no
ac_cv_header_memory_h=yes
ac_cv_header_net_bpf_h=no
ac_cv_header_netdb_h=no
ac_cv_header_openssl_ssl_h=yes
ac_cv_header_stdc=yes
ac_cv_header_stdint_h=yes
ac_cv_header_stdlib_h=yes
ac_cv_header_string_h=yes
ac_cv_header_strings_h=yes
ac_cv_header_sys_ioctl_h=no
ac_cv_header_sys_stat_h=yes
ac_cv_header_sys_types_h=yes
ac_cv_header_sys_un_h=no
ac_cv_header_unistd_h=yes
ac_cv_host=x86_64-pc-mingw64
ac_cv_lib_crypto_BIO_int_ctrl=yes
ac_cv_lib_nsl_gethostent=no
ac_cv_lib_socket_setsockopt=no
ac_cv_lib_ssl_SSL_new=yes
ac_cv_objext=o
ac_cv_path_EGREP='/usr/bin/grep -E'
ac_cv_path_GREP=/usr/bin/grep
ac_cv_prog_CPP='gcc -E'
ac_cv_prog_ac_ct_CC=gcc
ac_cv_prog_ac_ct_RANLIB=ranlib
ac_cv_prog_cc_c89=
ac_cv_prog_cc_g=yes
ac_cv_search_dlopen=no
ax_cv_have_epoll=no
ax_cv_have_poll=no

## ----------------- ##
## Output variables. ##
## ----------------- ##

CC='gcc'
CFLAGS='-g -O2 -Wall '
CPP='gcc -E'
CPPFLAGS=' -I../../nbase'
DEFS='-DHAVE_CONFIG_H'
ECHO_C=''
ECHO_N='-n'
ECHO_T=''
EGREP='/usr/bin/grep -E'
EXEEXT='.exe'
GREP='/usr/bin/grep'
LDFLAGS=' -L../../nbase'
LIBNBASE_LIBS=' -lnbase'
LIBOBJS=''
LIBPCAP_LIBS=''
LIBS=''
LTLIBOBJS=''
NBASEDIR='../../nbase'
NSOCKTESTDIR='../tests'
OBJEXT='o'
OPENSSL_LIBS='-lssl -lcrypto'
PACKAGE_BUGREPORT=''
PACKAGE_NAME=''
PACKAGE_STRING=''
PACKAGE_TARNAME=''
PACKAGE_URL=''
PACKAGE_VERSION=''
PATH_SEPARATOR=':'
RANLIB='ranlib'
SHELL='/bin/sh'
ac_ct_CC='gcc'
bindir='${exec_prefix}/bin'
build='x86_64-pc-mingw64'
build_alias=''
build_cpu='x86_64'
build_os='mingw64'
build_vendor='pc'
datadir='${datarootdir}'
datarootdir='${prefix}/share'
docdir='${datarootdir}/doc/${PACKAGE}'
dvidir='${docdir}'
exec_prefix='${prefix}'
host='x86_64-pc-mingw64'
host_alias=''
host_cpu='x86_64'
host_os='mingw64'
host_vendor='pc'
htmldir='${docdir}'
includedir='${prefix}/include'
infodir='${datarootdir}/info'
libdir='${exec_prefix}/lib'
libexecdir='${exec_prefix}/libexec'
localedir='${datarootdir}/locale'
localstatedir='${prefix}/var'
mandir='${datarootdir}/man'
oldincludedir='/usr/include'
pdfdir='${docdir}'
prefix='/usr/local'
program_transform_name='s,x,x,'
psdir='${docdir}'
sbindir='${exec_prefix}/sbin'
sharedstatedir='${prefix}/com'
sysconfdir='${prefix}/etc'
target_alias=''

## ----------- ##
## confdefs.h. ##
## ----------- ##

/* confdefs.h */
#define PACKAGE_NAME ""
#define PACKAGE_TARNAME ""
#define PACKAGE_VERSION ""
#define PACKAGE_STRING ""
#define PACKAGE_BUGREPORT ""
#define PACKAGE_URL ""
#define STDC_HEADERS 1
#define HAVE_SYS_TYPES_H 1
#define HAVE_SYS_STAT_H 1
#define HAVE_STDLIB_H 1
#define HAVE_STRING_H 1
#define HAVE_MEMORY_H 1
#define HAVE_STRINGS_H 1
#define HAVE_INTTYPES_H 1
#define HAVE_STDINT_H 1
#define HAVE_UNISTD_H 1
#define PCAP_NETMASK_UNKNOWN 0
#define STDC_HEADERS 1
#define HAVE_OPENSSL 1
#define HAVE_SSL_SET_TLSEXT_HOST_NAME 1
#define HAVE_DTLS_CLIENT_METHOD 1
#define HAVE_ALPN_SUPPORT 1

configure: exit 0
