This file contains any messages produced by compilers while
running configure, to aid debugging if configure makes a mistake.

It was created by tcpdump configure 4.10.0-PRE-GIT, which was
generated by GNU Autoconf 2.69.  Invocation command line was

  $ ./configure 

## --------- ##
## Platform. ##
## --------- ##

hostname = Desktop
uname -m = x86_64
uname -r = 3.1.7-340.x86_64
uname -s = MINGW64_NT-10.0-20180
uname -v = 2020-10-23 13:08 UTC

/usr/bin/uname -p = unknown
/bin/uname -X     = unknown

/bin/arch              = x86_64
/usr/bin/arch -k       = unknown
/usr/convex/getsysinfo = unknown
/usr/bin/hostinfo      = unknown
/bin/machine           = unknown
/usr/bin/oslevel       = unknown
/bin/universe          = unknown

PATH: E
PATH: /Program-Files/Editor/Python/Anaconda\Scripts/condabin
PATH: /c/Users/natew/bin
PATH: /mingw64/bin
PATH: /usr/local/bin
PATH: /usr/bin
PATH: /bin
PATH: /mingw64/bin
PATH: /usr/bin
PATH: /c/Users/natew/bin
PATH: /e/Program-Files/Editor/Perl/BerryBrew/bin
PATH: /e/Program-Files/Editor/Python/Python2
PATH: /e/Program-Files/Editor/Python/Python2/Scripts
PATH: /c/Program Files (x86)/Common Files/Oracle/Java/javapath
PATH: /e/Program-Files/Editor/Python/Scripts
PATH: /e/Program-Files/Editor/Python
PATH: /c/WINDOWS/system32
PATH: /c/WINDOWS
PATH: /c/WINDOWS/System32/Wbem
PATH: /c/WINDOWS/System32/WindowsPowerShell/v1.0
PATH: /c/WINDOWS/System32/OpenSSH
PATH: /e/Program-Files/Version-Control/Mercurial
PATH: /e/Program-Files/Version-Control/TortoiseSVN/bin
PATH: /e/Program-Files/Editor/Google-Cloud/google-cloud-sdk/bin
PATH: /c/Program Files/WindowsPowerShell/7
PATH: /e/Program-Files/Editor/NodeJS
PATH: /c/ProgramData/chocolatey/bin
PATH: /e/Program-Files/Editor/CMake/bin
PATH: /e/Program-Files/Editor/Go/bin
PATH: /e/Program-Files/Security/GnuPG/bin
PATH: /e/Program-Files/Editor/Perl/Strawberry/c/bin
PATH: /e/Program-Files/Editor/Perl/Strawberry/perl/site/bin
PATH: /e/Program-Files/Editor/Perl/Strawberry/perl/bin
PATH: /e/Program-Files/Docs/Calibre
PATH: /c/Program Files (x86)/Yarn/bin
PATH: /cmd
PATH: /c/Users/natew/.php/php
PATH: /c/Users/natew/scoop/shims
PATH: /c/Users/natew/AppData/Local/Microsoft/WindowsApps
PATH: /c/Program Files (x86)/Git/GitHub CLI
PATH: /e/Program-Files/Version-Control/heroku/bin
PATH: /c/Users/natew/AppData/Roaming/npm
PATH: /e/Program-Files/Editor/Microsoft/VS-Code/bin
PATH: /c/Users/natew/go/bin
PATH: /e/Program-Files/Editor/JetBrains/Pycharm/bin
PATH: /e/Program-Files/Docs/Markdown/Markdown-Monster
PATH: /e/Program-Files/Editor/NSIS/makensisw.exe
PATH: /e/Program-Files/Editor/NSIS/NSIS.exe
PATH: /c/Users/natew/AppData/Local/Yarn/bin
PATH: /e/Program-Files/Security/Nmap
PATH: /usr/bin/vendor_perl
PATH: /usr/bin/core_perl


## ----------- ##
## Core tests. ##
## ----------- ##

configure:2276: checking build system type
configure:2290: result: x86_64-pc-mingw64
configure:2310: checking host system type
configure:2323: result: x86_64-pc-mingw64
configure:2468: checking for gcc
configure:2484: found /e/Program-Files/Editor/Perl/Strawberry/c/bin/gcc
configure:2495: result: gcc
configure:2724: checking for C compiler version
configure:2733: gcc --version >&5
gcc.exe (x86_64-posix-seh, Built by strawberryperl.com project) 8.3.0
Copyright (C) 2018 Free Software Foundation, Inc.
This is free software; see the source for copying conditions.  There is NO
warranty; not even for MERCHANTABILITY or FITNESS FOR A PARTICULAR PURPOSE.

configure:2744: $? = 0
configure:2733: gcc -v >&5
Using built-in specs.
COLLECT_GCC=E:\Program-Files\Editor\Perl\Strawberry\c\bin\gcc.exe
COLLECT_LTO_WRAPPER=E:/Program-Files/Editor/Perl/Strawberry/c/bin/../libexec/gcc/x86_64-w64-mingw32/8.3.0/lto-wrapper.exe
Target: x86_64-w64-mingw32
Configured with: ../../../src/gcc-8.3.0/configure --host=x86_64-w64-mingw32 --build=x86_64-w64-mingw32 --target=x86_64-w64-mingw32 --prefix=/mingw64 --enable-shared --enable-static --disable-multilib --enable-languages=c,c++,fortran,lto --enable-libstdcxx-time=yes --enable-threads=posix --enable-libgomp --enable-libatomic --enable-lto --enable-graphite --enable-checking=release --enable-fully-dynamic-string --enable-version-specific-runtime-libs --enable-libstdcxx-filesystem-ts=yes --disable-libstdcxx-pch --disable-libstdcxx-debug --disable-bootstrap --disable-rpath --disable-win32-registry --disable-nls --disable-werror --disable-symvers --with-gnu-as --with-gnu-ld --with-arch=nocona --with-tune=core2 --with-libiconv --with-system-zlib --with-gmp=/opt/build/prerequisites/x86_64-w64-mingw32-static --with-mpfr=/opt/build/prerequisites/x86_64-w64-mingw32-static --with-mpc=/opt/build/prerequisites/x86_64-w64-mingw32-static --with-isl=/opt/build/prerequisites/x86_64-w64-mingw32-static --with-pkgversion='x86_64-posix-seh, Built by strawberryperl.com project' --with-bugurl=https://sourceforge.net/projects/mingw-w64 CFLAGS='-O2 -pipe -fno-ident -I/opt/build/x86_64-830-posix-seh-rt_v6/mingw64/opt/include -I/opt/build/prerequisites/x86_64-zlib-static/include -I/opt/build/prerequisites/x86_64-w64-mingw32-static/include' CXXFLAGS='-O2 -pipe -fno-ident -I/opt/build/x86_64-830-posix-seh-rt_v6/mingw64/opt/include -I/opt/build/prerequisites/x86_64-zlib-static/include -I/opt/build/prerequisites/x86_64-w64-mingw32-static/include' CPPFLAGS=' -I/opt/build/x86_64-830-posix-seh-rt_v6/mingw64/opt/include -I/opt/build/prerequisites/x86_64-zlib-static/include -I/opt/build/prerequisites/x86_64-w64-mingw32-static/include' LDFLAGS='-pipe -fno-ident -L/opt/build/x86_64-830-posix-seh-rt_v6/mingw64/opt/lib -L/opt/build/prerequisites/x86_64-zlib-static/lib -L/opt/build/prerequisites/x86_64-w64-mingw32-static/lib ' LD_FOR_TARGET=/opt/build/x86_64-830-posix-seh-rt_v6/mingw64/bin/ld.exe
Thread model: posix
gcc version 8.3.0 (x86_64-posix-seh, Built by strawberryperl.com project) 
configure:2744: $? = 0
configure:2733: gcc -V >&5
gcc.exe: error: unrecognized command line option '-V'
gcc.exe: fatal error: no input files
compilation terminated.
configure:2744: $? = 1
configure:2733: gcc -qversion >&5
gcc.exe: error: unrecognized command line option '-qversion'; did you mean '--version'?
gcc.exe: fatal error: no input files
compilation terminated.
configure:2744: $? = 1
configure:2764: checking whether the C compiler works
configure:2786: gcc    conftest.c  >&5
configure:2790: $? = 0
configure:2838: result: yes
configure:2841: checking for C compiler default output file name
configure:2843: result: a.exe
configure:2849: checking for suffix of executables
configure:2856: gcc -o conftest.exe    conftest.c  >&5
configure:2860: $? = 0
configure:2882: result: .exe
configure:2904: checking whether we are cross compiling
configure:2912: gcc -o conftest.exe    conftest.c  >&5
configure:2916: $? = 0
configure:2923: ./conftest.exe
configure:2927: $? = 0
configure:2942: result: no
configure:2947: checking for suffix of object files
configure:2969: gcc -c   conftest.c >&5
configure:2973: $? = 0
configure:2994: result: o
configure:2998: checking whether we are using the GNU C compiler
configure:3017: gcc -c   conftest.c >&5
configure:3017: $? = 0
configure:3026: result: yes
configure:3035: checking whether gcc accepts -g
configure:3055: gcc -c -g  conftest.c >&5
configure:3055: $? = 0
configure:3096: result: yes
configure:3113: checking for gcc option to accept ISO C89
configure:3176: gcc  -c -g -O2  conftest.c >&5
configure:3176: $? = 0
configure:3189: result: none needed
configure:3209: checking for gcc option to accept ISO C99
configure:3358: gcc  -c -g -O2  conftest.c >&5
configure:3358: $? = 0
configure:3371: result: none needed
configure:3408: checking whether the compiler supports the -ffloat-store option
configure:3434: gcc -c -g -O2 -Werror -ffloat-store  conftest.c >&5
configure:3434: $? = 0
configure:3436: result: yes
configure:3576: checking for inline
configure:3612: gcc -c  -ffloat-store  conftest.c >&5
configure:3612: $? = 0
configure:3627: result: inline
configure:3644: checking how to run the C preprocessor
configure:3675: gcc -E  conftest.c
configure:3675: $? = 0
configure:3689: gcc -E  conftest.c
conftest.c:10:10: fatal error: ac_nonexistent.h: No such file or directory
 #include <ac_nonexistent.h>
          ^~~~~~~~~~~~~~~~~~
compilation terminated.
configure:3689: $? = 1
configure: failed program was:
| /* confdefs.h */
| #define PACKAGE_NAME "tcpdump"
| #define PACKAGE_TARNAME "tcpdump"
| #define PACKAGE_VERSION "4.10.0-PRE-GIT"
| #define PACKAGE_STRING "tcpdump 4.10.0-PRE-GIT"
| #define PACKAGE_BUGREPORT ""
| #define PACKAGE_URL ""
| #define inline inline
| /* end confdefs.h.  */
| #include <ac_nonexistent.h>
configure:3714: result: gcc -E
configure:3734: gcc -E  conftest.c
configure:3734: $? = 0
configure:3748: gcc -E  conftest.c
conftest.c:10:10: fatal error: ac_nonexistent.h: No such file or directory
 #include <ac_nonexistent.h>
          ^~~~~~~~~~~~~~~~~~
compilation terminated.
configure:3748: $? = 1
configure: failed program was:
| /* confdefs.h */
| #define PACKAGE_NAME "tcpdump"
| #define PACKAGE_TARNAME "tcpdump"
| #define PACKAGE_VERSION "4.10.0-PRE-GIT"
| #define PACKAGE_STRING "tcpdump 4.10.0-PRE-GIT"
| #define PACKAGE_BUGREPORT ""
| #define PACKAGE_URL ""
| #define inline inline
| /* end confdefs.h.  */
| #include <ac_nonexistent.h>
configure:3777: checking for grep that handles long lines and -e
configure:3835: result: /usr/bin/grep
configure:3840: checking for egrep
configure:3902: result: /usr/bin/grep -E
configure:3907: checking for ANSI C header files
configure:3927: gcc -c -g -O2  conftest.c >&5
configure:3927: $? = 0
configure:4000: gcc -o conftest.exe -g -O2   conftest.c  >&5
configure:4000: $? = 0
configure:4000: ./conftest.exe
configure:4000: $? = 0
configure:4011: result: yes
configure:4024: checking for sys/types.h
configure:4024: gcc -c -g -O2  conftest.c >&5
configure:4024: $? = 0
configure:4024: result: yes
configure:4024: checking for sys/stat.h
configure:4024: gcc -c -g -O2  conftest.c >&5
configure:4024: $? = 0
configure:4024: result: yes
configure:4024: checking for stdlib.h
configure:4024: gcc -c -g -O2  conftest.c >&5
configure:4024: $? = 0
configure:4024: result: yes
configure:4024: checking for string.h
configure:4024: gcc -c -g -O2  conftest.c >&5
configure:4024: $? = 0
configure:4024: result: yes
configure:4024: checking for memory.h
configure:4024: gcc -c -g -O2  conftest.c >&5
configure:4024: $? = 0
configure:4024: result: yes
configure:4024: checking for strings.h
configure:4024: gcc -c -g -O2  conftest.c >&5
configure:4024: $? = 0
configure:4024: result: yes
configure:4024: checking for inttypes.h
configure:4024: gcc -c -g -O2  conftest.c >&5
configure:4024: $? = 0
configure:4024: result: yes
configure:4024: checking for stdint.h
configure:4024: gcc -c -g -O2  conftest.c >&5
configure:4024: $? = 0
configure:4024: result: yes
configure:4024: checking for unistd.h
configure:4024: gcc -c -g -O2  conftest.c >&5
configure:4024: $? = 0
configure:4024: result: yes
configure:4039: checking fcntl.h usability
configure:4039: gcc -c -g -O2  conftest.c >&5
configure:4039: $? = 0
configure:4039: result: yes
configure:4039: checking fcntl.h presence
configure:4039: gcc -E  conftest.c
configure:4039: $? = 0
configure:4039: result: yes
configure:4039: checking for fcntl.h
configure:4039: result: yes
configure:4039: checking rpc/rpc.h usability
configure:4039: gcc -c -g -O2  conftest.c >&5
conftest.c:54:10: fatal error: rpc/rpc.h: No such file or directory
 #include <rpc/rpc.h>
          ^~~~~~~~~~~
compilation terminated.
configure:4039: $? = 1
configure: failed program was:
| /* confdefs.h */
| #define PACKAGE_NAME "tcpdump"
| #define PACKAGE_TARNAME "tcpdump"
| #define PACKAGE_VERSION "4.10.0-PRE-GIT"
| #define PACKAGE_STRING "tcpdump 4.10.0-PRE-GIT"
| #define PACKAGE_BUGREPORT ""
| #define PACKAGE_URL ""
| #define inline inline
| #define STDC_HEADERS 1
| #define HAVE_SYS_TYPES_H 1
| #define HAVE_SYS_STAT_H 1
| #define HAVE_STDLIB_H 1
| #define HAVE_STRING_H 1
| #define HAVE_MEMORY_H 1
| #define HAVE_STRINGS_H 1
| #define HAVE_INTTYPES_H 1
| #define HAVE_STDINT_H 1
| #define HAVE_UNISTD_H 1
| #define HAVE_FCNTL_H 1
| /* end confdefs.h.  */
| #include <stdio.h>
| #ifdef HAVE_SYS_TYPES_H
| # include <sys/types.h>
| #endif
| #ifdef HAVE_SYS_STAT_H
| # include <sys/stat.h>
| #endif
| #ifdef STDC_HEADERS
| # include <stdlib.h>
| # include <stddef.h>
| #else
| # ifdef HAVE_STDLIB_H
| #  include <stdlib.h>
| # endif
| #endif
| #ifdef HAVE_STRING_H
| # if !defined STDC_HEADERS && defined HAVE_MEMORY_H
| #  include <memory.h>
| # endif
| # include <string.h>
| #endif
| #ifdef HAVE_STRINGS_H
| # include <strings.h>
| #endif
| #ifdef HAVE_INTTYPES_H
| # include <inttypes.h>
| #endif
| #ifdef HAVE_STDINT_H
| # include <stdint.h>
| #endif
| #ifdef HAVE_UNISTD_H
| # include <unistd.h>
| #endif
| #include <rpc/rpc.h>
configure:4039: result: no
configure:4039: checking rpc/rpc.h presence
configure:4039: gcc -E  conftest.c
conftest.c:21:10: fatal error: rpc/rpc.h: No such file or directory
 #include <rpc/rpc.h>
          ^~~~~~~~~~~
compilation terminated.
configure:4039: $? = 1
configure: failed program was:
| /* confdefs.h */
| #define PACKAGE_NAME "tcpdump"
| #define PACKAGE_TARNAME "tcpdump"
| #define PACKAGE_VERSION "4.10.0-PRE-GIT"
| #define PACKAGE_STRING "tcpdump 4.10.0-PRE-GIT"
| #define PACKAGE_BUGREPORT ""
| #define PACKAGE_URL ""
| #define inline inline
| #define STDC_HEADERS 1
| #define HAVE_SYS_TYPES_H 1
| #define HAVE_SYS_STAT_H 1
| #define HAVE_STDLIB_H 1
| #define HAVE_STRING_H 1
| #define HAVE_MEMORY_H 1
| #define HAVE_STRINGS_H 1
| #define HAVE_INTTYPES_H 1
| #define HAVE_STDINT_H 1
| #define HAVE_UNISTD_H 1
| #define HAVE_FCNTL_H 1
| /* end confdefs.h.  */
| #include <rpc/rpc.h>
configure:4039: result: no
configure:4039: checking for rpc/rpc.h
configure:4039: result: no
configure:4039: checking rpc/rpcent.h usability
configure:4039: gcc -c -g -O2  conftest.c >&5
conftest.c:54:10: fatal error: rpc/rpcent.h: No such file or directory
 #include <rpc/rpcent.h>
          ^~~~~~~~~~~~~~
compilation terminated.
configure:4039: $? = 1
configure: failed program was:
| /* confdefs.h */
| #define PACKAGE_NAME "tcpdump"
| #define PACKAGE_TARNAME "tcpdump"
| #define PACKAGE_VERSION "4.10.0-PRE-GIT"
| #define PACKAGE_STRING "tcpdump 4.10.0-PRE-GIT"
| #define PACKAGE_BUGREPORT ""
| #define PACKAGE_URL ""
| #define inline inline
| #define STDC_HEADERS 1
| #define HAVE_SYS_TYPES_H 1
| #define HAVE_SYS_STAT_H 1
| #define HAVE_STDLIB_H 1
| #define HAVE_STRING_H 1
| #define HAVE_MEMORY_H 1
| #define HAVE_STRINGS_H 1
| #define HAVE_INTTYPES_H 1
| #define HAVE_STDINT_H 1
| #define HAVE_UNISTD_H 1
| #define HAVE_FCNTL_H 1
| /* end confdefs.h.  */
| #include <stdio.h>
| #ifdef HAVE_SYS_TYPES_H
| # include <sys/types.h>
| #endif
| #ifdef HAVE_SYS_STAT_H
| # include <sys/stat.h>
| #endif
| #ifdef STDC_HEADERS
| # include <stdlib.h>
| # include <stddef.h>
| #else
| # ifdef HAVE_STDLIB_H
| #  include <stdlib.h>
| # endif
| #endif
| #ifdef HAVE_STRING_H
| # if !defined STDC_HEADERS && defined HAVE_MEMORY_H
| #  include <memory.h>
| # endif
| # include <string.h>
| #endif
| #ifdef HAVE_STRINGS_H
| # include <strings.h>
| #endif
| #ifdef HAVE_INTTYPES_H
| # include <inttypes.h>
| #endif
| #ifdef HAVE_STDINT_H
| # include <stdint.h>
| #endif
| #ifdef HAVE_UNISTD_H
| # include <unistd.h>
| #endif
| #include <rpc/rpcent.h>
configure:4039: result: no
configure:4039: checking rpc/rpcent.h presence
configure:4039: gcc -E  conftest.c
conftest.c:21:10: fatal error: rpc/rpcent.h: No such file or directory
 #include <rpc/rpcent.h>
          ^~~~~~~~~~~~~~
compilation terminated.
configure:4039: $? = 1
configure: failed program was:
| /* confdefs.h */
| #define PACKAGE_NAME "tcpdump"
| #define PACKAGE_TARNAME "tcpdump"
| #define PACKAGE_VERSION "4.10.0-PRE-GIT"
| #define PACKAGE_STRING "tcpdump 4.10.0-PRE-GIT"
| #define PACKAGE_BUGREPORT ""
| #define PACKAGE_URL ""
| #define inline inline
| #define STDC_HEADERS 1
| #define HAVE_SYS_TYPES_H 1
| #define HAVE_SYS_STAT_H 1
| #define HAVE_STDLIB_H 1
| #define HAVE_STRING_H 1
| #define HAVE_MEMORY_H 1
| #define HAVE_STRINGS_H 1
| #define HAVE_INTTYPES_H 1
| #define HAVE_STDINT_H 1
| #define HAVE_UNISTD_H 1
| #define HAVE_FCNTL_H 1
| /* end confdefs.h.  */
| #include <rpc/rpcent.h>
configure:4039: result: no
configure:4039: checking for rpc/rpcent.h
configure:4039: result: no
configure:4039: checking net/if.h usability
configure:4039: gcc -c -g -O2  conftest.c >&5
conftest.c:54:10: fatal error: net/if.h: No such file or directory
 #include <net/if.h>
          ^~~~~~~~~~
compilation terminated.
configure:4039: $? = 1
configure: failed program was:
| /* confdefs.h */
| #define PACKAGE_NAME "tcpdump"
| #define PACKAGE_TARNAME "tcpdump"
| #define PACKAGE_VERSION "4.10.0-PRE-GIT"
| #define PACKAGE_STRING "tcpdump 4.10.0-PRE-GIT"
| #define PACKAGE_BUGREPORT ""
| #define PACKAGE_URL ""
| #define inline inline
| #define STDC_HEADERS 1
| #define HAVE_SYS_TYPES_H 1
| #define HAVE_SYS_STAT_H 1
| #define HAVE_STDLIB_H 1
| #define HAVE_STRING_H 1
| #define HAVE_MEMORY_H 1
| #define HAVE_STRINGS_H 1
| #define HAVE_INTTYPES_H 1
| #define HAVE_STDINT_H 1
| #define HAVE_UNISTD_H 1
| #define HAVE_FCNTL_H 1
| /* end confdefs.h.  */
| #include <stdio.h>
| #ifdef HAVE_SYS_TYPES_H
| # include <sys/types.h>
| #endif
| #ifdef HAVE_SYS_STAT_H
| # include <sys/stat.h>
| #endif
| #ifdef STDC_HEADERS
| # include <stdlib.h>
| # include <stddef.h>
| #else
| # ifdef HAVE_STDLIB_H
| #  include <stdlib.h>
| # endif
| #endif
| #ifdef HAVE_STRING_H
| # if !defined STDC_HEADERS && defined HAVE_MEMORY_H
| #  include <memory.h>
| # endif
| # include <string.h>
| #endif
| #ifdef HAVE_STRINGS_H
| # include <strings.h>
| #endif
| #ifdef HAVE_INTTYPES_H
| # include <inttypes.h>
| #endif
| #ifdef HAVE_STDINT_H
| # include <stdint.h>
| #endif
| #ifdef HAVE_UNISTD_H
| # include <unistd.h>
| #endif
| #include <net/if.h>
configure:4039: result: no
configure:4039: checking net/if.h presence
configure:4039: gcc -E  conftest.c
conftest.c:21:10: fatal error: net/if.h: No such file or directory
 #include <net/if.h>
          ^~~~~~~~~~
compilation terminated.
configure:4039: $? = 1
configure: failed program was:
| /* confdefs.h */
| #define PACKAGE_NAME "tcpdump"
| #define PACKAGE_TARNAME "tcpdump"
| #define PACKAGE_VERSION "4.10.0-PRE-GIT"
| #define PACKAGE_STRING "tcpdump 4.10.0-PRE-GIT"
| #define PACKAGE_BUGREPORT ""
| #define PACKAGE_URL ""
| #define inline inline
| #define STDC_HEADERS 1
| #define HAVE_SYS_TYPES_H 1
| #define HAVE_SYS_STAT_H 1
| #define HAVE_STDLIB_H 1
| #define HAVE_STRING_H 1
| #define HAVE_MEMORY_H 1
| #define HAVE_STRINGS_H 1
| #define HAVE_INTTYPES_H 1
| #define HAVE_STDINT_H 1
| #define HAVE_UNISTD_H 1
| #define HAVE_FCNTL_H 1
| /* end confdefs.h.  */
| #include <net/if.h>
configure:4039: result: no
configure:4039: checking for net/if.h
configure:4039: result: no
configure:4051: checking for net/pfvar.h
configure:4051: gcc -c -g -O2  conftest.c >&5
conftest.c:22:10: fatal error: sys/socket.h: No such file or directory
 #include <sys/socket.h>
          ^~~~~~~~~~~~~~
compilation terminated.
configure:4051: $? = 1
configure: failed program was:
| /* confdefs.h */
| #define PACKAGE_NAME "tcpdump"
| #define PACKAGE_TARNAME "tcpdump"
| #define PACKAGE_VERSION "4.10.0-PRE-GIT"
| #define PACKAGE_STRING "tcpdump 4.10.0-PRE-GIT"
| #define PACKAGE_BUGREPORT ""
| #define PACKAGE_URL ""
| #define inline inline
| #define STDC_HEADERS 1
| #define HAVE_SYS_TYPES_H 1
| #define HAVE_SYS_STAT_H 1
| #define HAVE_STDLIB_H 1
| #define HAVE_STRING_H 1
| #define HAVE_MEMORY_H 1
| #define HAVE_STRINGS_H 1
| #define HAVE_INTTYPES_H 1
| #define HAVE_STDINT_H 1
| #define HAVE_UNISTD_H 1
| #define HAVE_FCNTL_H 1
| /* end confdefs.h.  */
| #include <sys/types.h>
| #include <sys/socket.h>
| #include <net/if.h>
| 
| #include <net/pfvar.h>
configure:4051: result: no
configure:4130: checking smi.h usability
configure:4130: gcc -c -g -O2  conftest.c >&5
conftest.c:54:10: fatal error: smi.h: No such file or directory
 #include <smi.h>
          ^~~~~~~
compilation terminated.
configure:4130: $? = 1
configure: failed program was:
| /* confdefs.h */
| #define PACKAGE_NAME "tcpdump"
| #define PACKAGE_TARNAME "tcpdump"
| #define PACKAGE_VERSION "4.10.0-PRE-GIT"
| #define PACKAGE_STRING "tcpdump 4.10.0-PRE-GIT"
| #define PACKAGE_BUGREPORT ""
| #define PACKAGE_URL ""
| #define inline inline
| #define STDC_HEADERS 1
| #define HAVE_SYS_TYPES_H 1
| #define HAVE_SYS_STAT_H 1
| #define HAVE_STDLIB_H 1
| #define HAVE_STRING_H 1
| #define HAVE_MEMORY_H 1
| #define HAVE_STRINGS_H 1
| #define HAVE_INTTYPES_H 1
| #define HAVE_STDINT_H 1
| #define HAVE_UNISTD_H 1
| #define HAVE_FCNTL_H 1
| /* end confdefs.h.  */
| #include <stdio.h>
| #ifdef HAVE_SYS_TYPES_H
| # include <sys/types.h>
| #endif
| #ifdef HAVE_SYS_STAT_H
| # include <sys/stat.h>
| #endif
| #ifdef STDC_HEADERS
| # include <stdlib.h>
| # include <stddef.h>
| #else
| # ifdef HAVE_STDLIB_H
| #  include <stdlib.h>
| # endif
| #endif
| #ifdef HAVE_STRING_H
| # if !defined STDC_HEADERS && defined HAVE_MEMORY_H
| #  include <memory.h>
| # endif
| # include <string.h>
| #endif
| #ifdef HAVE_STRINGS_H
| # include <strings.h>
| #endif
| #ifdef HAVE_INTTYPES_H
| # include <inttypes.h>
| #endif
| #ifdef HAVE_STDINT_H
| # include <stdint.h>
| #endif
| #ifdef HAVE_UNISTD_H
| # include <unistd.h>
| #endif
| #include <smi.h>
configure:4130: result: no
configure:4130: checking smi.h presence
configure:4130: gcc -E  conftest.c
conftest.c:21:10: fatal error: smi.h: No such file or directory
 #include <smi.h>
          ^~~~~~~
compilation terminated.
configure:4130: $? = 1
configure: failed program was:
| /* confdefs.h */
| #define PACKAGE_NAME "tcpdump"
| #define PACKAGE_TARNAME "tcpdump"
| #define PACKAGE_VERSION "4.10.0-PRE-GIT"
| #define PACKAGE_STRING "tcpdump 4.10.0-PRE-GIT"
| #define PACKAGE_BUGREPORT ""
| #define PACKAGE_URL ""
| #define inline inline
| #define STDC_HEADERS 1
| #define HAVE_SYS_TYPES_H 1
| #define HAVE_SYS_STAT_H 1
| #define HAVE_STDLIB_H 1
| #define HAVE_STRING_H 1
| #define HAVE_MEMORY_H 1
| #define HAVE_STRINGS_H 1
| #define HAVE_INTTYPES_H 1
| #define HAVE_STDINT_H 1
| #define HAVE_UNISTD_H 1
| #define HAVE_FCNTL_H 1
| /* end confdefs.h.  */
| #include <smi.h>
configure:4130: result: no
configure:4130: checking for smi.h
configure:4130: result: no
configure:4249: checking whether to enable the possibly-buggy SMB printer
configure:4259: result: yes
configure:4277: checking whether to drop root privileges by default
configure:4288: result: no
configure:4298: checking whether to chroot
configure:4309: result: no
configure:4338: checking for cap_enter
configure:4338: gcc -o conftest.exe -g -O2   conftest.c  >&5
E:/Program-Files/Editor/Perl/Strawberry/c/bin/../lib/gcc/x86_64-w64-mingw32/8.3.0/../../../../x86_64-w64-mingw32/bin/ld.exe: C:\Users\natew\AppData\Local\Temp\ccEbza2P.o: in function `main':
E:\github\wws\Blackhat\nmap\tcpdump/conftest.c:56: undefined reference to `cap_enter'
collect2.exe: error: ld returned 1 exit status
configure:4338: $? = 1
configure: failed program was:
| /* confdefs.h */
| #define PACKAGE_NAME "tcpdump"
| #define PACKAGE_TARNAME "tcpdump"
| #define PACKAGE_VERSION "4.10.0-PRE-GIT"
| #define PACKAGE_STRING "tcpdump 4.10.0-PRE-GIT"
| #define PACKAGE_BUGREPORT ""
| #define PACKAGE_URL ""
| #define inline inline
| #define STDC_HEADERS 1
| #define HAVE_SYS_TYPES_H 1
| #define HAVE_SYS_STAT_H 1
| #define HAVE_STDLIB_H 1
| #define HAVE_STRING_H 1
| #define HAVE_MEMORY_H 1
| #define HAVE_STRINGS_H 1
| #define HAVE_INTTYPES_H 1
| #define HAVE_STDINT_H 1
| #define HAVE_UNISTD_H 1
| #define HAVE_FCNTL_H 1
| #define ENABLE_SMB 1
| /* end confdefs.h.  */
| /* Define cap_enter to an innocuous variant, in case <limits.h> declares cap_enter.
|    For example, HP-UX 11i <limits.h> declares gettimeofday.  */
| #define cap_enter innocuous_cap_enter
| 
| /* System header to define __stub macros and hopefully few prototypes,
|     which can conflict with char cap_enter (); below.
|     Prefer <limits.h> to <assert.h> if __STDC__ is defined, since
|     <limits.h> exists even on freestanding compilers.  */
| 
| #ifdef __STDC__
| # include <limits.h>
| #else
| # include <assert.h>
| #endif
| 
| #undef cap_enter
| 
| /* Override any GCC internal prototype to avoid an error.
|    Use char because int might match the return type of a GCC
|    builtin and then its argument prototype would still apply.  */
| #ifdef __cplusplus
| extern "C"
| #endif
| char cap_enter ();
| /* The GNU C library defines this for functions which it implements
|     to always fail with ENOSYS.  Some functions are actually named
|     something starting with __ and the normal name is an alias.  */
| #if defined __stub_cap_enter || defined __stub___cap_enter
| choke me
| #endif
| 
| int
| main ()
| {
| return cap_enter ();
|   ;
|   return 0;
| }
configure:4338: result: no
configure:4338: checking for cap_rights_limit
configure:4338: gcc -o conftest.exe -g -O2   conftest.c  >&5
E:/Program-Files/Editor/Perl/Strawberry/c/bin/../lib/gcc/x86_64-w64-mingw32/8.3.0/../../../../x86_64-w64-mingw32/bin/ld.exe: C:\Users\natew\AppData\Local\Temp\ccggWPwI.o: in function `main':
E:\github\wws\Blackhat\nmap\tcpdump/conftest.c:56: undefined reference to `cap_rights_limit'
collect2.exe: error: ld returned 1 exit status
configure:4338: $? = 1
configure: failed program was:
| /* confdefs.h */
| #define PACKAGE_NAME "tcpdump"
| #define PACKAGE_TARNAME "tcpdump"
| #define PACKAGE_VERSION "4.10.0-PRE-GIT"
| #define PACKAGE_STRING "tcpdump 4.10.0-PRE-GIT"
| #define PACKAGE_BUGREPORT ""
| #define PACKAGE_URL ""
| #define inline inline
| #define STDC_HEADERS 1
| #define HAVE_SYS_TYPES_H 1
| #define HAVE_SYS_STAT_H 1
| #define HAVE_STDLIB_H 1
| #define HAVE_STRING_H 1
| #define HAVE_MEMORY_H 1
| #define HAVE_STRINGS_H 1
| #define HAVE_INTTYPES_H 1
| #define HAVE_STDINT_H 1
| #define HAVE_UNISTD_H 1
| #define HAVE_FCNTL_H 1
| #define ENABLE_SMB 1
| /* end confdefs.h.  */
| /* Define cap_rights_limit to an innocuous variant, in case <limits.h> declares cap_rights_limit.
|    For example, HP-UX 11i <limits.h> declares gettimeofday.  */
| #define cap_rights_limit innocuous_cap_rights_limit
| 
| /* System header to define __stub macros and hopefully few prototypes,
|     which can conflict with char cap_rights_limit (); below.
|     Prefer <limits.h> to <assert.h> if __STDC__ is defined, since
|     <limits.h> exists even on freestanding compilers.  */
| 
| #ifdef __STDC__
| # include <limits.h>
| #else
| # include <assert.h>
| #endif
| 
| #undef cap_rights_limit
| 
| /* Override any GCC internal prototype to avoid an error.
|    Use char because int might match the return type of a GCC
|    builtin and then its argument prototype would still apply.  */
| #ifdef __cplusplus
| extern "C"
| #endif
| char cap_rights_limit ();
| /* The GNU C library defines this for functions which it implements
|     to always fail with ENOSYS.  Some functions are actually named
|     something starting with __ and the normal name is an alias.  */
| #if defined __stub_cap_rights_limit || defined __stub___cap_rights_limit
| choke me
| #endif
| 
| int
| main ()
| {
| return cap_rights_limit ();
|   ;
|   return 0;
| }
configure:4338: result: no
configure:4338: checking for cap_ioctls_limit
configure:4338: gcc -o conftest.exe -g -O2   conftest.c  >&5
E:/Program-Files/Editor/Perl/Strawberry/c/bin/../lib/gcc/x86_64-w64-mingw32/8.3.0/../../../../x86_64-w64-mingw32/bin/ld.exe: C:\Users\natew\AppData\Local\Temp\ccQjzk8m.o: in function `main':
E:\github\wws\Blackhat\nmap\tcpdump/conftest.c:56: undefined reference to `cap_ioctls_limit'
collect2.exe: error: ld returned 1 exit status
configure:4338: $? = 1
configure: failed program was:
| /* confdefs.h */
| #define PACKAGE_NAME "tcpdump"
| #define PACKAGE_TARNAME "tcpdump"
| #define PACKAGE_VERSION "4.10.0-PRE-GIT"
| #define PACKAGE_STRING "tcpdump 4.10.0-PRE-GIT"
| #define PACKAGE_BUGREPORT ""
| #define PACKAGE_URL ""
| #define inline inline
| #define STDC_HEADERS 1
| #define HAVE_SYS_TYPES_H 1
| #define HAVE_SYS_STAT_H 1
| #define HAVE_STDLIB_H 1
| #define HAVE_STRING_H 1
| #define HAVE_MEMORY_H 1
| #define HAVE_STRINGS_H 1
| #define HAVE_INTTYPES_H 1
| #define HAVE_STDINT_H 1
| #define HAVE_UNISTD_H 1
| #define HAVE_FCNTL_H 1
| #define ENABLE_SMB 1
| /* end confdefs.h.  */
| /* Define cap_ioctls_limit to an innocuous variant, in case <limits.h> declares cap_ioctls_limit.
|    For example, HP-UX 11i <limits.h> declares gettimeofday.  */
| #define cap_ioctls_limit innocuous_cap_ioctls_limit
| 
| /* System header to define __stub macros and hopefully few prototypes,
|     which can conflict with char cap_ioctls_limit (); below.
|     Prefer <limits.h> to <assert.h> if __STDC__ is defined, since
|     <limits.h> exists even on freestanding compilers.  */
| 
| #ifdef __STDC__
| # include <limits.h>
| #else
| # include <assert.h>
| #endif
| 
| #undef cap_ioctls_limit
| 
| /* Override any GCC internal prototype to avoid an error.
|    Use char because int might match the return type of a GCC
|    builtin and then its argument prototype would still apply.  */
| #ifdef __cplusplus
| extern "C"
| #endif
| char cap_ioctls_limit ();
| /* The GNU C library defines this for functions which it implements
|     to always fail with ENOSYS.  Some functions are actually named
|     something starting with __ and the normal name is an alias.  */
| #if defined __stub_cap_ioctls_limit || defined __stub___cap_ioctls_limit
| choke me
| #endif
| 
| int
| main ()
| {
| return cap_ioctls_limit ();
|   ;
|   return 0;
| }
configure:4338: result: no
configure:4338: checking for openat
configure:4338: gcc -o conftest.exe -g -O2   conftest.c  >&5
E:/Program-Files/Editor/Perl/Strawberry/c/bin/../lib/gcc/x86_64-w64-mingw32/8.3.0/../../../../x86_64-w64-mingw32/bin/ld.exe: C:\Users\natew\AppData\Local\Temp\ccwimzUj.o: in function `main':
E:\github\wws\Blackhat\nmap\tcpdump/conftest.c:56: undefined reference to `openat'
collect2.exe: error: ld returned 1 exit status
configure:4338: $? = 1
configure: failed program was:
| /* confdefs.h */
| #define PACKAGE_NAME "tcpdump"
| #define PACKAGE_TARNAME "tcpdump"
| #define PACKAGE_VERSION "4.10.0-PRE-GIT"
| #define PACKAGE_STRING "tcpdump 4.10.0-PRE-GIT"
| #define PACKAGE_BUGREPORT ""
| #define PACKAGE_URL ""
| #define inline inline
| #define STDC_HEADERS 1
| #define HAVE_SYS_TYPES_H 1
| #define HAVE_SYS_STAT_H 1
| #define HAVE_STDLIB_H 1
| #define HAVE_STRING_H 1
| #define HAVE_MEMORY_H 1
| #define HAVE_STRINGS_H 1
| #define HAVE_INTTYPES_H 1
| #define HAVE_STDINT_H 1
| #define HAVE_UNISTD_H 1
| #define HAVE_FCNTL_H 1
| #define ENABLE_SMB 1
| /* end confdefs.h.  */
| /* Define openat to an innocuous variant, in case <limits.h> declares openat.
|    For example, HP-UX 11i <limits.h> declares gettimeofday.  */
| #define openat innocuous_openat
| 
| /* System header to define __stub macros and hopefully few prototypes,
|     which can conflict with char openat (); below.
|     Prefer <limits.h> to <assert.h> if __STDC__ is defined, since
|     <limits.h> exists even on freestanding compilers.  */
| 
| #ifdef __STDC__
| # include <limits.h>
| #else
| # include <assert.h>
| #endif
| 
| #undef openat
| 
| /* Override any GCC internal prototype to avoid an error.
|    Use char because int might match the return type of a GCC
|    builtin and then its argument prototype would still apply.  */
| #ifdef __cplusplus
| extern "C"
| #endif
| char openat ();
| /* The GNU C library defines this for functions which it implements
|     to always fail with ENOSYS.  Some functions are actually named
|     something starting with __ and the normal name is an alias.  */
| #if defined __stub_openat || defined __stub___openat
| choke me
| #endif
| 
| int
| main ()
| {
| return openat ();
|   ;
|   return 0;
| }
configure:4338: result: no
configure:4349: checking for cap_init in -lcasper
configure:4374: gcc -o conftest.exe -g -O2   conftest.c -lcasper   >&5
E:/Program-Files/Editor/Perl/Strawberry/c/bin/../lib/gcc/x86_64-w64-mingw32/8.3.0/../../../../x86_64-w64-mingw32/bin/ld.exe: cannot find -lcasper
collect2.exe: error: ld returned 1 exit status
configure:4374: $? = 1
configure: failed program was:
| /* confdefs.h */
| #define PACKAGE_NAME "tcpdump"
| #define PACKAGE_TARNAME "tcpdump"
| #define PACKAGE_VERSION "4.10.0-PRE-GIT"
| #define PACKAGE_STRING "tcpdump 4.10.0-PRE-GIT"
| #define PACKAGE_BUGREPORT ""
| #define PACKAGE_URL ""
| #define inline inline
| #define STDC_HEADERS 1
| #define HAVE_SYS_TYPES_H 1
| #define HAVE_SYS_STAT_H 1
| #define HAVE_STDLIB_H 1
| #define HAVE_STRING_H 1
| #define HAVE_MEMORY_H 1
| #define HAVE_STRINGS_H 1
| #define HAVE_INTTYPES_H 1
| #define HAVE_STDINT_H 1
| #define HAVE_UNISTD_H 1
| #define HAVE_FCNTL_H 1
| #define ENABLE_SMB 1
| /* end confdefs.h.  */
| 
| /* Override any GCC internal prototype to avoid an error.
|    Use char because int might match the return type of a GCC
|    builtin and then its argument prototype would still apply.  */
| #ifdef __cplusplus
| extern "C"
| #endif
| char cap_init ();
| int
| main ()
| {
| return cap_init ();
|   ;
|   return 0;
| }
configure:4383: result: no
configure:4389: checking for cap_gethostbyaddr in -lcap_dns
configure:4414: gcc -o conftest.exe -g -O2   conftest.c -lcap_dns   >&5
E:/Program-Files/Editor/Perl/Strawberry/c/bin/../lib/gcc/x86_64-w64-mingw32/8.3.0/../../../../x86_64-w64-mingw32/bin/ld.exe: cannot find -lcap_dns
collect2.exe: error: ld returned 1 exit status
configure:4414: $? = 1
configure: failed program was:
| /* confdefs.h */
| #define PACKAGE_NAME "tcpdump"
| #define PACKAGE_TARNAME "tcpdump"
| #define PACKAGE_VERSION "4.10.0-PRE-GIT"
| #define PACKAGE_STRING "tcpdump 4.10.0-PRE-GIT"
| #define PACKAGE_BUGREPORT ""
| #define PACKAGE_URL ""
| #define inline inline
| #define STDC_HEADERS 1
| #define HAVE_SYS_TYPES_H 1
| #define HAVE_SYS_STAT_H 1
| #define HAVE_STDLIB_H 1
| #define HAVE_STRING_H 1
| #define HAVE_MEMORY_H 1
| #define HAVE_STRINGS_H 1
| #define HAVE_INTTYPES_H 1
| #define HAVE_STDINT_H 1
| #define HAVE_UNISTD_H 1
| #define HAVE_FCNTL_H 1
| #define ENABLE_SMB 1
| /* end confdefs.h.  */
| 
| /* Override any GCC internal prototype to avoid an error.
|    Use char because int might match the return type of a GCC
|    builtin and then its argument prototype would still apply.  */
| #ifdef __cplusplus
| extern "C"
| #endif
| char cap_gethostbyaddr ();
| int
| main ()
| {
| return cap_gethostbyaddr ();
|   ;
|   return 0;
| }
configure:4423: result: no
configure:4430: checking whether to sandbox using capsicum
configure:4439: result: no
configure:4442: checking whether to sandbox using Casper library
configure:4451: result: no
configure:4465: checking for library containing gethostbyname
configure:4496: gcc -o conftest.exe -g -O2   conftest.c  >&5
E:/Program-Files/Editor/Perl/Strawberry/c/bin/../lib/gcc/x86_64-w64-mingw32/8.3.0/../../../../x86_64-w64-mingw32/bin/ld.exe: C:\Users\natew\AppData\Local\Temp\ccExPESh.o: in function `main':
E:\github\wws\Blackhat\nmap\tcpdump/conftest.c:33: undefined reference to `gethostbyname'
collect2.exe: error: ld returned 1 exit status
configure:4496: $? = 1
configure: failed program was:
| /* confdefs.h */
| #define PACKAGE_NAME "tcpdump"
| #define PACKAGE_TARNAME "tcpdump"
| #define PACKAGE_VERSION "4.10.0-PRE-GIT"
| #define PACKAGE_STRING "tcpdump 4.10.0-PRE-GIT"
| #define PACKAGE_BUGREPORT ""
| #define PACKAGE_URL ""
| #define inline inline
| #define STDC_HEADERS 1
| #define HAVE_SYS_TYPES_H 1
| #define HAVE_SYS_STAT_H 1
| #define HAVE_STDLIB_H 1
| #define HAVE_STRING_H 1
| #define HAVE_MEMORY_H 1
| #define HAVE_STRINGS_H 1
| #define HAVE_INTTYPES_H 1
| #define HAVE_STDINT_H 1
| #define HAVE_UNISTD_H 1
| #define HAVE_FCNTL_H 1
| #define ENABLE_SMB 1
| /* end confdefs.h.  */
| 
| /* Override any GCC internal prototype to avoid an error.
|    Use char because int might match the return type of a GCC
|    builtin and then its argument prototype would still apply.  */
| #ifdef __cplusplus
| extern "C"
| #endif
| char gethostbyname ();
| int
| main ()
| {
| return gethostbyname ();
|   ;
|   return 0;
| }
configure:4496: gcc -o conftest.exe -g -O2   conftest.c -lnsl   >&5
E:/Program-Files/Editor/Perl/Strawberry/c/bin/../lib/gcc/x86_64-w64-mingw32/8.3.0/../../../../x86_64-w64-mingw32/bin/ld.exe: cannot find -lnsl
collect2.exe: error: ld returned 1 exit status
configure:4496: $? = 1
configure: failed program was:
| /* confdefs.h */
| #define PACKAGE_NAME "tcpdump"
| #define PACKAGE_TARNAME "tcpdump"
| #define PACKAGE_VERSION "4.10.0-PRE-GIT"
| #define PACKAGE_STRING "tcpdump 4.10.0-PRE-GIT"
| #define PACKAGE_BUGREPORT ""
| #define PACKAGE_URL ""
| #define inline inline
| #define STDC_HEADERS 1
| #define HAVE_SYS_TYPES_H 1
| #define HAVE_SYS_STAT_H 1
| #define HAVE_STDLIB_H 1
| #define HAVE_STRING_H 1
| #define HAVE_MEMORY_H 1
| #define HAVE_STRINGS_H 1
| #define HAVE_INTTYPES_H 1
| #define HAVE_STDINT_H 1
| #define HAVE_UNISTD_H 1
| #define HAVE_FCNTL_H 1
| #define ENABLE_SMB 1
| /* end confdefs.h.  */
| 
| /* Override any GCC internal prototype to avoid an error.
|    Use char because int might match the return type of a GCC
|    builtin and then its argument prototype would still apply.  */
| #ifdef __cplusplus
| extern "C"
| #endif
| char gethostbyname ();
| int
| main ()
| {
| return gethostbyname ();
|   ;
|   return 0;
| }
configure:4496: gcc -o conftest.exe -g -O2   conftest.c -lsocket   >&5
E:/Program-Files/Editor/Perl/Strawberry/c/bin/../lib/gcc/x86_64-w64-mingw32/8.3.0/../../../../x86_64-w64-mingw32/bin/ld.exe: cannot find -lsocket
collect2.exe: error: ld returned 1 exit status
configure:4496: $? = 1
configure: failed program was:
| /* confdefs.h */
| #define PACKAGE_NAME "tcpdump"
| #define PACKAGE_TARNAME "tcpdump"
| #define PACKAGE_VERSION "4.10.0-PRE-GIT"
| #define PACKAGE_STRING "tcpdump 4.10.0-PRE-GIT"
| #define PACKAGE_BUGREPORT ""
| #define PACKAGE_URL ""
| #define inline inline
| #define STDC_HEADERS 1
| #define HAVE_SYS_TYPES_H 1
| #define HAVE_SYS_STAT_H 1
| #define HAVE_STDLIB_H 1
| #define HAVE_STRING_H 1
| #define HAVE_MEMORY_H 1
| #define HAVE_STRINGS_H 1
| #define HAVE_INTTYPES_H 1
| #define HAVE_STDINT_H 1
| #define HAVE_UNISTD_H 1
| #define HAVE_FCNTL_H 1
| #define ENABLE_SMB 1
| /* end confdefs.h.  */
| 
| /* Override any GCC internal prototype to avoid an error.
|    Use char because int might match the return type of a GCC
|    builtin and then its argument prototype would still apply.  */
| #ifdef __cplusplus
| extern "C"
| #endif
| char gethostbyname ();
| int
| main ()
| {
| return gethostbyname ();
|   ;
|   return 0;
| }
configure:4496: gcc -o conftest.exe -g -O2   conftest.c -lresolv   >&5
E:/Program-Files/Editor/Perl/Strawberry/c/bin/../lib/gcc/x86_64-w64-mingw32/8.3.0/../../../../x86_64-w64-mingw32/bin/ld.exe: cannot find -lresolv
collect2.exe: error: ld returned 1 exit status
configure:4496: $? = 1
configure: failed program was:
| /* confdefs.h */
| #define PACKAGE_NAME "tcpdump"
| #define PACKAGE_TARNAME "tcpdump"
| #define PACKAGE_VERSION "4.10.0-PRE-GIT"
| #define PACKAGE_STRING "tcpdump 4.10.0-PRE-GIT"
| #define PACKAGE_BUGREPORT ""
| #define PACKAGE_URL ""
| #define inline inline
| #define STDC_HEADERS 1
| #define HAVE_SYS_TYPES_H 1
| #define HAVE_SYS_STAT_H 1
| #define HAVE_STDLIB_H 1
| #define HAVE_STRING_H 1
| #define HAVE_MEMORY_H 1
| #define HAVE_STRINGS_H 1
| #define HAVE_INTTYPES_H 1
| #define HAVE_STDINT_H 1
| #define HAVE_UNISTD_H 1
| #define HAVE_FCNTL_H 1
| #define ENABLE_SMB 1
| /* end confdefs.h.  */
| 
| /* Override any GCC internal prototype to avoid an error.
|    Use char because int might match the return type of a GCC
|    builtin and then its argument prototype would still apply.  */
| #ifdef __cplusplus
| extern "C"
| #endif
| char gethostbyname ();
| int
| main ()
| {
| return gethostbyname ();
|   ;
|   return 0;
| }
configure:4513: result: no
configure:4525: checking for gethostbyname in -lsocket
configure:4550: gcc -o conftest.exe -g -O2   conftest.c -lsocket -lnsl  >&5
E:/Program-Files/Editor/Perl/Strawberry/c/bin/../lib/gcc/x86_64-w64-mingw32/8.3.0/../../../../x86_64-w64-mingw32/bin/ld.exe: cannot find -lsocket
E:/Program-Files/Editor/Perl/Strawberry/c/bin/../lib/gcc/x86_64-w64-mingw32/8.3.0/../../../../x86_64-w64-mingw32/bin/ld.exe: cannot find -lnsl
collect2.exe: error: ld returned 1 exit status
configure:4550: $? = 1
configure: failed program was:
| /* confdefs.h */
| #define PACKAGE_NAME "tcpdump"
| #define PACKAGE_TARNAME "tcpdump"
| #define PACKAGE_VERSION "4.10.0-PRE-GIT"
| #define PACKAGE_STRING "tcpdump 4.10.0-PRE-GIT"
| #define PACKAGE_BUGREPORT ""
| #define PACKAGE_URL ""
| #define inline inline
| #define STDC_HEADERS 1
| #define HAVE_SYS_TYPES_H 1
| #define HAVE_SYS_STAT_H 1
| #define HAVE_STDLIB_H 1
| #define HAVE_STRING_H 1
| #define HAVE_MEMORY_H 1
| #define HAVE_STRINGS_H 1
| #define HAVE_INTTYPES_H 1
| #define HAVE_STDINT_H 1
| #define HAVE_UNISTD_H 1
| #define HAVE_FCNTL_H 1
| #define ENABLE_SMB 1
| /* end confdefs.h.  */
| 
| /* Override any GCC internal prototype to avoid an error.
|    Use char because int might match the return type of a GCC
|    builtin and then its argument prototype would still apply.  */
| #ifdef __cplusplus
| extern "C"
| #endif
| char gethostbyname ();
| int
| main ()
| {
| return gethostbyname ();
|   ;
|   return 0;
| }
configure:4559: result: no
configure:4566: checking for library containing socket
configure:4597: gcc -o conftest.exe -g -O2   conftest.c  >&5
E:/Program-Files/Editor/Perl/Strawberry/c/bin/../lib/gcc/x86_64-w64-mingw32/8.3.0/../../../../x86_64-w64-mingw32/bin/ld.exe: C:\Users\natew\AppData\Local\Temp\ccmgJBaf.o: in function `main':
E:\github\wws\Blackhat\nmap\tcpdump/conftest.c:33: undefined reference to `socket'
collect2.exe: error: ld returned 1 exit status
configure:4597: $? = 1
configure: failed program was:
| /* confdefs.h */
| #define PACKAGE_NAME "tcpdump"
| #define PACKAGE_TARNAME "tcpdump"
| #define PACKAGE_VERSION "4.10.0-PRE-GIT"
| #define PACKAGE_STRING "tcpdump 4.10.0-PRE-GIT"
| #define PACKAGE_BUGREPORT ""
| #define PACKAGE_URL ""
| #define inline inline
| #define STDC_HEADERS 1
| #define HAVE_SYS_TYPES_H 1
| #define HAVE_SYS_STAT_H 1
| #define HAVE_STDLIB_H 1
| #define HAVE_STRING_H 1
| #define HAVE_MEMORY_H 1
| #define HAVE_STRINGS_H 1
| #define HAVE_INTTYPES_H 1
| #define HAVE_STDINT_H 1
| #define HAVE_UNISTD_H 1
| #define HAVE_FCNTL_H 1
| #define ENABLE_SMB 1
| /* end confdefs.h.  */
| 
| /* Override any GCC internal prototype to avoid an error.
|    Use char because int might match the return type of a GCC
|    builtin and then its argument prototype would still apply.  */
| #ifdef __cplusplus
| extern "C"
| #endif
| char socket ();
| int
| main ()
| {
| return socket ();
|   ;
|   return 0;
| }
configure:4597: gcc -o conftest.exe -g -O2   conftest.c -lsocket   >&5
E:/Program-Files/Editor/Perl/Strawberry/c/bin/../lib/gcc/x86_64-w64-mingw32/8.3.0/../../../../x86_64-w64-mingw32/bin/ld.exe: cannot find -lsocket
collect2.exe: error: ld returned 1 exit status
configure:4597: $? = 1
configure: failed program was:
| /* confdefs.h */
| #define PACKAGE_NAME "tcpdump"
| #define PACKAGE_TARNAME "tcpdump"
| #define PACKAGE_VERSION "4.10.0-PRE-GIT"
| #define PACKAGE_STRING "tcpdump 4.10.0-PRE-GIT"
| #define PACKAGE_BUGREPORT ""
| #define PACKAGE_URL ""
| #define inline inline
| #define STDC_HEADERS 1
| #define HAVE_SYS_TYPES_H 1
| #define HAVE_SYS_STAT_H 1
| #define HAVE_STDLIB_H 1
| #define HAVE_STRING_H 1
| #define HAVE_MEMORY_H 1
| #define HAVE_STRINGS_H 1
| #define HAVE_INTTYPES_H 1
| #define HAVE_STDINT_H 1
| #define HAVE_UNISTD_H 1
| #define HAVE_FCNTL_H 1
| #define ENABLE_SMB 1
| /* end confdefs.h.  */
| 
| /* Override any GCC internal prototype to avoid an error.
|    Use char because int might match the return type of a GCC
|    builtin and then its argument prototype would still apply.  */
| #ifdef __cplusplus
| extern "C"
| #endif
| char socket ();
| int
| main ()
| {
| return socket ();
|   ;
|   return 0;
| }
configure:4614: result: no
configure:4621: checking for socket in -lsocket
configure:4646: gcc -o conftest.exe -g -O2   conftest.c -lsocket -lnsl  >&5
E:/Program-Files/Editor/Perl/Strawberry/c/bin/../lib/gcc/x86_64-w64-mingw32/8.3.0/../../../../x86_64-w64-mingw32/bin/ld.exe: cannot find -lsocket
E:/Program-Files/Editor/Perl/Strawberry/c/bin/../lib/gcc/x86_64-w64-mingw32/8.3.0/../../../../x86_64-w64-mingw32/bin/ld.exe: cannot find -lnsl
collect2.exe: error: ld returned 1 exit status
configure:4646: $? = 1
configure: failed program was:
| /* confdefs.h */
| #define PACKAGE_NAME "tcpdump"
| #define PACKAGE_TARNAME "tcpdump"
| #define PACKAGE_VERSION "4.10.0-PRE-GIT"
| #define PACKAGE_STRING "tcpdump 4.10.0-PRE-GIT"
| #define PACKAGE_BUGREPORT ""
| #define PACKAGE_URL ""
| #define inline inline
| #define STDC_HEADERS 1
| #define HAVE_SYS_TYPES_H 1
| #define HAVE_SYS_STAT_H 1
| #define HAVE_STDLIB_H 1
| #define HAVE_STRING_H 1
| #define HAVE_MEMORY_H 1
| #define HAVE_STRINGS_H 1
| #define HAVE_INTTYPES_H 1
| #define HAVE_STDINT_H 1
| #define HAVE_UNISTD_H 1
| #define HAVE_FCNTL_H 1
| #define ENABLE_SMB 1
| /* end confdefs.h.  */
| 
| /* Override any GCC internal prototype to avoid an error.
|    Use char because int might match the return type of a GCC
|    builtin and then its argument prototype would still apply.  */
| #ifdef __cplusplus
| extern "C"
| #endif
| char socket ();
| int
| main ()
| {
| return socket ();
|   ;
|   return 0;
| }
configure:4655: result: no
configure:4664: checking for library containing putmsg
configure:4695: gcc -o conftest.exe -g -O2   conftest.c  >&5
E:/Program-Files/Editor/Perl/Strawberry/c/bin/../lib/gcc/x86_64-w64-mingw32/8.3.0/../../../../x86_64-w64-mingw32/bin/ld.exe: C:\Users\natew\AppData\Local\Temp\ccktzQGw.o: in function `main':
E:\github\wws\Blackhat\nmap\tcpdump/conftest.c:33: undefined reference to `putmsg'
collect2.exe: error: ld returned 1 exit status
configure:4695: $? = 1
configure: failed program was:
| /* confdefs.h */
| #define PACKAGE_NAME "tcpdump"
| #define PACKAGE_TARNAME "tcpdump"
| #define PACKAGE_VERSION "4.10.0-PRE-GIT"
| #define PACKAGE_STRING "tcpdump 4.10.0-PRE-GIT"
| #define PACKAGE_BUGREPORT ""
| #define PACKAGE_URL ""
| #define inline inline
| #define STDC_HEADERS 1
| #define HAVE_SYS_TYPES_H 1
| #define HAVE_SYS_STAT_H 1
| #define HAVE_STDLIB_H 1
| #define HAVE_STRING_H 1
| #define HAVE_MEMORY_H 1
| #define HAVE_STRINGS_H 1
| #define HAVE_INTTYPES_H 1
| #define HAVE_STDINT_H 1
| #define HAVE_UNISTD_H 1
| #define HAVE_FCNTL_H 1
| #define ENABLE_SMB 1
| /* end confdefs.h.  */
| 
| /* Override any GCC internal prototype to avoid an error.
|    Use char because int might match the return type of a GCC
|    builtin and then its argument prototype would still apply.  */
| #ifdef __cplusplus
| extern "C"
| #endif
| char putmsg ();
| int
| main ()
| {
| return putmsg ();
|   ;
|   return 0;
| }
configure:4695: gcc -o conftest.exe -g -O2   conftest.c -lstr   >&5
E:/Program-Files/Editor/Perl/Strawberry/c/bin/../lib/gcc/x86_64-w64-mingw32/8.3.0/../../../../x86_64-w64-mingw32/bin/ld.exe: cannot find -lstr
collect2.exe: error: ld returned 1 exit status
configure:4695: $? = 1
configure: failed program was:
| /* confdefs.h */
| #define PACKAGE_NAME "tcpdump"
| #define PACKAGE_TARNAME "tcpdump"
| #define PACKAGE_VERSION "4.10.0-PRE-GIT"
| #define PACKAGE_STRING "tcpdump 4.10.0-PRE-GIT"
| #define PACKAGE_BUGREPORT ""
| #define PACKAGE_URL ""
| #define inline inline
| #define STDC_HEADERS 1
| #define HAVE_SYS_TYPES_H 1
| #define HAVE_SYS_STAT_H 1
| #define HAVE_STDLIB_H 1
| #define HAVE_STRING_H 1
| #define HAVE_MEMORY_H 1
| #define HAVE_STRINGS_H 1
| #define HAVE_INTTYPES_H 1
| #define HAVE_STDINT_H 1
| #define HAVE_UNISTD_H 1
| #define HAVE_FCNTL_H 1
| #define ENABLE_SMB 1
| /* end confdefs.h.  */
| 
| /* Override any GCC internal prototype to avoid an error.
|    Use char because int might match the return type of a GCC
|    builtin and then its argument prototype would still apply.  */
| #ifdef __cplusplus
| extern "C"
| #endif
| char putmsg ();
| int
| main ()
| {
| return putmsg ();
|   ;
|   return 0;
| }
configure:4712: result: no
configure:4728: checking whether the operating system supports IPv6
configure:4754: gcc -c -g -O2  conftest.c >&5
configure:4754: $? = 0
configure:4756: result: yes
configure:4778: checking ipv6 stack type
conftest.c:23:10: fatal error: netinet/in.h: No such file or directory
 #include <netinet/in.h>
          ^~~~~~~~~~~~~~
compilation terminated.
conftest.c:23:10: fatal error: netinet/in.h: No such file or directory
 #include <netinet/in.h>
          ^~~~~~~~~~~~~~
compilation terminated.
conftest.c:23:10: fatal error: features.h: No such file or directory
 #include <features.h>
          ^~~~~~~~~~~~
compilation terminated.
conftest.c:23:10: fatal error: /usr/local/v6/include/sys/v6config.h: No such file or directory
 #include </usr/local/v6/include/sys/v6config.h>
          ^~~~~~~~~~~~~~~~~~~~~~~~~~~~~~~~~~~~~~
compilation terminated.
configure:4896: result: unknown
configure:4916: checking for library containing dnet_htoa
configure:4947: gcc -o conftest.exe -g -O2   conftest.c  >&5
E:/Program-Files/Editor/Perl/Strawberry/c/bin/../lib/gcc/x86_64-w64-mingw32/8.3.0/../../../../x86_64-w64-mingw32/bin/ld.exe: C:\Users\natew\AppData\Local\Temp\cc4yypta.o: in function `main':
E:\github\wws\Blackhat\nmap\tcpdump/conftest.c:34: undefined reference to `dnet_htoa'
collect2.exe: error: ld returned 1 exit status
configure:4947: $? = 1
configure: failed program was:
| /* confdefs.h */
| #define PACKAGE_NAME "tcpdump"
| #define PACKAGE_TARNAME "tcpdump"
| #define PACKAGE_VERSION "4.10.0-PRE-GIT"
| #define PACKAGE_STRING "tcpdump 4.10.0-PRE-GIT"
| #define PACKAGE_BUGREPORT ""
| #define PACKAGE_URL ""
| #define inline inline
| #define STDC_HEADERS 1
| #define HAVE_SYS_TYPES_H 1
| #define HAVE_SYS_STAT_H 1
| #define HAVE_STDLIB_H 1
| #define HAVE_STRING_H 1
| #define HAVE_MEMORY_H 1
| #define HAVE_STRINGS_H 1
| #define HAVE_INTTYPES_H 1
| #define HAVE_STDINT_H 1
| #define HAVE_UNISTD_H 1
| #define HAVE_FCNTL_H 1
| #define ENABLE_SMB 1
| #define HAVE_OS_IPV6_SUPPORT 1
| /* end confdefs.h.  */
| 
| /* Override any GCC internal prototype to avoid an error.
|    Use char because int might match the return type of a GCC
|    builtin and then its argument prototype would still apply.  */
| #ifdef __cplusplus
| extern "C"
| #endif
| char dnet_htoa ();
| int
| main ()
| {
| return dnet_htoa ();
|   ;
|   return 0;
| }
configure:4947: gcc -o conftest.exe -g -O2   conftest.c -ldnet   >&5
E:/Program-Files/Editor/Perl/Strawberry/c/bin/../lib/gcc/x86_64-w64-mingw32/8.3.0/../../../../x86_64-w64-mingw32/bin/ld.exe: cannot find -ldnet
collect2.exe: error: ld returned 1 exit status
configure:4947: $? = 1
configure: failed program was:
| /* confdefs.h */
| #define PACKAGE_NAME "tcpdump"
| #define PACKAGE_TARNAME "tcpdump"
| #define PACKAGE_VERSION "4.10.0-PRE-GIT"
| #define PACKAGE_STRING "tcpdump 4.10.0-PRE-GIT"
| #define PACKAGE_BUGREPORT ""
| #define PACKAGE_URL ""
| #define inline inline
| #define STDC_HEADERS 1
| #define HAVE_SYS_TYPES_H 1
| #define HAVE_SYS_STAT_H 1
| #define HAVE_STDLIB_H 1
| #define HAVE_STRING_H 1
| #define HAVE_MEMORY_H 1
| #define HAVE_STRINGS_H 1
| #define HAVE_INTTYPES_H 1
| #define HAVE_STDINT_H 1
| #define HAVE_UNISTD_H 1
| #define HAVE_FCNTL_H 1
| #define ENABLE_SMB 1
| #define HAVE_OS_IPV6_SUPPORT 1
| /* end confdefs.h.  */
| 
| /* Override any GCC internal prototype to avoid an error.
|    Use char because int might match the return type of a GCC
|    builtin and then its argument prototype would still apply.  */
| #ifdef __cplusplus
| extern "C"
| #endif
| char dnet_htoa ();
| int
| main ()
| {
| return dnet_htoa ();
|   ;
|   return 0;
| }
configure:4964: result: no
configure:5045: checking for strlcat
configure:5045: gcc -o conftest.exe -g -O2   conftest.c  >&5
E:/Program-Files/Editor/Perl/Strawberry/c/bin/../lib/gcc/x86_64-w64-mingw32/8.3.0/../../../../x86_64-w64-mingw32/bin/ld.exe: C:\Users\natew\AppData\Local\Temp\ccx4ncyh.o: in function `main':
E:\github\wws\Blackhat\nmap\tcpdump/conftest.c:57: undefined reference to `strlcat'
collect2.exe: error: ld returned 1 exit status
configure:5045: $? = 1
configure: failed program was:
| /* confdefs.h */
| #define PACKAGE_NAME "tcpdump"
| #define PACKAGE_TARNAME "tcpdump"
| #define PACKAGE_VERSION "4.10.0-PRE-GIT"
| #define PACKAGE_STRING "tcpdump 4.10.0-PRE-GIT"
| #define PACKAGE_BUGREPORT ""
| #define PACKAGE_URL ""
| #define inline inline
| #define STDC_HEADERS 1
| #define HAVE_SYS_TYPES_H 1
| #define HAVE_SYS_STAT_H 1
| #define HAVE_STDLIB_H 1
| #define HAVE_STRING_H 1
| #define HAVE_MEMORY_H 1
| #define HAVE_STRINGS_H 1
| #define HAVE_INTTYPES_H 1
| #define HAVE_STDINT_H 1
| #define HAVE_UNISTD_H 1
| #define HAVE_FCNTL_H 1
| #define ENABLE_SMB 1
| #define HAVE_OS_IPV6_SUPPORT 1
| /* end confdefs.h.  */
| /* Define strlcat to an innocuous variant, in case <limits.h> declares strlcat.
|    For example, HP-UX 11i <limits.h> declares gettimeofday.  */
| #define strlcat innocuous_strlcat
| 
| /* System header to define __stub macros and hopefully few prototypes,
|     which can conflict with char strlcat (); below.
|     Prefer <limits.h> to <assert.h> if __STDC__ is defined, since
|     <limits.h> exists even on freestanding compilers.  */
| 
| #ifdef __STDC__
| # include <limits.h>
| #else
| # include <assert.h>
| #endif
| 
| #undef strlcat
| 
| /* Override any GCC internal prototype to avoid an error.
|    Use char because int might match the return type of a GCC
|    builtin and then its argument prototype would still apply.  */
| #ifdef __cplusplus
| extern "C"
| #endif
| char strlcat ();
| /* The GNU C library defines this for functions which it implements
|     to always fail with ENOSYS.  Some functions are actually named
|     something starting with __ and the normal name is an alias.  */
| #if defined __stub_strlcat || defined __stub___strlcat
| choke me
| #endif
| 
| int
| main ()
| {
| return strlcat ();
|   ;
|   return 0;
| }
configure:5045: result: no
configure:5058: checking for strlcpy
configure:5058: gcc -o conftest.exe -g -O2   conftest.c  >&5
E:/Program-Files/Editor/Perl/Strawberry/c/bin/../lib/gcc/x86_64-w64-mingw32/8.3.0/../../../../x86_64-w64-mingw32/bin/ld.exe: C:\Users\natew\AppData\Local\Temp\ccEDEM6u.o: in function `main':
E:\github\wws\Blackhat\nmap\tcpdump/conftest.c:57: undefined reference to `strlcpy'
collect2.exe: error: ld returned 1 exit status
configure:5058: $? = 1
configure: failed program was:
| /* confdefs.h */
| #define PACKAGE_NAME "tcpdump"
| #define PACKAGE_TARNAME "tcpdump"
| #define PACKAGE_VERSION "4.10.0-PRE-GIT"
| #define PACKAGE_STRING "tcpdump 4.10.0-PRE-GIT"
| #define PACKAGE_BUGREPORT ""
| #define PACKAGE_URL ""
| #define inline inline
| #define STDC_HEADERS 1
| #define HAVE_SYS_TYPES_H 1
| #define HAVE_SYS_STAT_H 1
| #define HAVE_STDLIB_H 1
| #define HAVE_STRING_H 1
| #define HAVE_MEMORY_H 1
| #define HAVE_STRINGS_H 1
| #define HAVE_INTTYPES_H 1
| #define HAVE_STDINT_H 1
| #define HAVE_UNISTD_H 1
| #define HAVE_FCNTL_H 1
| #define ENABLE_SMB 1
| #define HAVE_OS_IPV6_SUPPORT 1
| /* end confdefs.h.  */
| /* Define strlcpy to an innocuous variant, in case <limits.h> declares strlcpy.
|    For example, HP-UX 11i <limits.h> declares gettimeofday.  */
| #define strlcpy innocuous_strlcpy
| 
| /* System header to define __stub macros and hopefully few prototypes,
|     which can conflict with char strlcpy (); below.
|     Prefer <limits.h> to <assert.h> if __STDC__ is defined, since
|     <limits.h> exists even on freestanding compilers.  */
| 
| #ifdef __STDC__
| # include <limits.h>
| #else
| # include <assert.h>
| #endif
| 
| #undef strlcpy
| 
| /* Override any GCC internal prototype to avoid an error.
|    Use char because int might match the return type of a GCC
|    builtin and then its argument prototype would still apply.  */
| #ifdef __cplusplus
| extern "C"
| #endif
| char strlcpy ();
| /* The GNU C library defines this for functions which it implements
|     to always fail with ENOSYS.  Some functions are actually named
|     something starting with __ and the normal name is an alias.  */
| #if defined __stub_strlcpy || defined __stub___strlcpy
| choke me
| #endif
| 
| int
| main ()
| {
| return strlcpy ();
|   ;
|   return 0;
| }
configure:5058: result: no
configure:5071: checking for strdup
configure:5071: gcc -o conftest.exe -g -O2   conftest.c  >&5
conftest.c:46:6: warning: conflicting types for built-in function 'strdup' [-Wbuiltin-declaration-mismatch]
 char strdup ();
      ^~~~~~
configure:5071: $? = 0
configure:5071: result: yes
configure:5084: checking for strsep
configure:5084: gcc -o conftest.exe -g -O2   conftest.c  >&5
E:/Program-Files/Editor/Perl/Strawberry/c/bin/../lib/gcc/x86_64-w64-mingw32/8.3.0/../../../../x86_64-w64-mingw32/bin/ld.exe: C:\Users\natew\AppData\Local\Temp\ccWy2bAy.o: in function `main':
E:\github\wws\Blackhat\nmap\tcpdump/conftest.c:58: undefined reference to `strsep'
collect2.exe: error: ld returned 1 exit status
configure:5084: $? = 1
configure: failed program was:
| /* confdefs.h */
| #define PACKAGE_NAME "tcpdump"
| #define PACKAGE_TARNAME "tcpdump"
| #define PACKAGE_VERSION "4.10.0-PRE-GIT"
| #define PACKAGE_STRING "tcpdump 4.10.0-PRE-GIT"
| #define PACKAGE_BUGREPORT ""
| #define PACKAGE_URL ""
| #define inline inline
| #define STDC_HEADERS 1
| #define HAVE_SYS_TYPES_H 1
| #define HAVE_SYS_STAT_H 1
| #define HAVE_STDLIB_H 1
| #define HAVE_STRING_H 1
| #define HAVE_MEMORY_H 1
| #define HAVE_STRINGS_H 1
| #define HAVE_INTTYPES_H 1
| #define HAVE_STDINT_H 1
| #define HAVE_UNISTD_H 1
| #define HAVE_FCNTL_H 1
| #define ENABLE_SMB 1
| #define HAVE_OS_IPV6_SUPPORT 1
| #define HAVE_STRDUP 1
| /* end confdefs.h.  */
| /* Define strsep to an innocuous variant, in case <limits.h> declares strsep.
|    For example, HP-UX 11i <limits.h> declares gettimeofday.  */
| #define strsep innocuous_strsep
| 
| /* System header to define __stub macros and hopefully few prototypes,
|     which can conflict with char strsep (); below.
|     Prefer <limits.h> to <assert.h> if __STDC__ is defined, since
|     <limits.h> exists even on freestanding compilers.  */
| 
| #ifdef __STDC__
| # include <limits.h>
| #else
| # include <assert.h>
| #endif
| 
| #undef strsep
| 
| /* Override any GCC internal prototype to avoid an error.
|    Use char because int might match the return type of a GCC
|    builtin and then its argument prototype would still apply.  */
| #ifdef __cplusplus
| extern "C"
| #endif
| char strsep ();
| /* The GNU C library defines this for functions which it implements
|     to always fail with ENOSYS.  Some functions are actually named
|     something starting with __ and the normal name is an alias.  */
| #if defined __stub_strsep || defined __stub___strsep
| choke me
| #endif
| 
| int
| main ()
| {
| return strsep ();
|   ;
|   return 0;
| }
configure:5084: result: no
configure:5097: checking for getservent
configure:5097: gcc -o conftest.exe -g -O2   conftest.c  >&5
E:/Program-Files/Editor/Perl/Strawberry/c/bin/../lib/gcc/x86_64-w64-mingw32/8.3.0/../../../../x86_64-w64-mingw32/bin/ld.exe: C:\Users\natew\AppData\Local\Temp\ccyIvf0d.o: in function `main':
E:\github\wws\Blackhat\nmap\tcpdump/conftest.c:58: undefined reference to `getservent'
collect2.exe: error: ld returned 1 exit status
configure:5097: $? = 1
configure: failed program was:
| /* confdefs.h */
| #define PACKAGE_NAME "tcpdump"
| #define PACKAGE_TARNAME "tcpdump"
| #define PACKAGE_VERSION "4.10.0-PRE-GIT"
| #define PACKAGE_STRING "tcpdump 4.10.0-PRE-GIT"
| #define PACKAGE_BUGREPORT ""
| #define PACKAGE_URL ""
| #define inline inline
| #define STDC_HEADERS 1
| #define HAVE_SYS_TYPES_H 1
| #define HAVE_SYS_STAT_H 1
| #define HAVE_STDLIB_H 1
| #define HAVE_STRING_H 1
| #define HAVE_MEMORY_H 1
| #define HAVE_STRINGS_H 1
| #define HAVE_INTTYPES_H 1
| #define HAVE_STDINT_H 1
| #define HAVE_UNISTD_H 1
| #define HAVE_FCNTL_H 1
| #define ENABLE_SMB 1
| #define HAVE_OS_IPV6_SUPPORT 1
| #define HAVE_STRDUP 1
| /* end confdefs.h.  */
| /* Define getservent to an innocuous variant, in case <limits.h> declares getservent.
|    For example, HP-UX 11i <limits.h> declares gettimeofday.  */
| #define getservent innocuous_getservent
| 
| /* System header to define __stub macros and hopefully few prototypes,
|     which can conflict with char getservent (); below.
|     Prefer <limits.h> to <assert.h> if __STDC__ is defined, since
|     <limits.h> exists even on freestanding compilers.  */
| 
| #ifdef __STDC__
| # include <limits.h>
| #else
| # include <assert.h>
| #endif
| 
| #undef getservent
| 
| /* Override any GCC internal prototype to avoid an error.
|    Use char because int might match the return type of a GCC
|    builtin and then its argument prototype would still apply.  */
| #ifdef __cplusplus
| extern "C"
| #endif
| char getservent ();
| /* The GNU C library defines this for functions which it implements
|     to always fail with ENOSYS.  Some functions are actually named
|     something starting with __ and the normal name is an alias.  */
| #if defined __stub_getservent || defined __stub___getservent
| choke me
| #endif
| 
| int
| main ()
| {
| return getservent ();
|   ;
|   return 0;
| }
configure:5097: result: no
configure:5110: checking for getopt_long
configure:5110: gcc -o conftest.exe -g -O2   conftest.c  >&5
configure:5110: $? = 0
configure:5110: result: yes
configure:5127: checking for fork
configure:5127: gcc -o conftest.exe -g -O2   conftest.c  >&5
conftest.c:48:6: warning: conflicting types for built-in function 'fork' [-Wbuiltin-declaration-mismatch]
 char fork ();
      ^~~~
E:/Program-Files/Editor/Perl/Strawberry/c/bin/../lib/gcc/x86_64-w64-mingw32/8.3.0/../../../../x86_64-w64-mingw32/bin/ld.exe: C:\Users\natew\AppData\Local\Temp\ccvfCyVk.o: in function `main':
E:\github\wws\Blackhat\nmap\tcpdump/conftest.c:59: undefined reference to `fork'
collect2.exe: error: ld returned 1 exit status
configure:5127: $? = 1
configure: failed program was:
| /* confdefs.h */
| #define PACKAGE_NAME "tcpdump"
| #define PACKAGE_TARNAME "tcpdump"
| #define PACKAGE_VERSION "4.10.0-PRE-GIT"
| #define PACKAGE_STRING "tcpdump 4.10.0-PRE-GIT"
| #define PACKAGE_BUGREPORT ""
| #define PACKAGE_URL ""
| #define inline inline
| #define STDC_HEADERS 1
| #define HAVE_SYS_TYPES_H 1
| #define HAVE_SYS_STAT_H 1
| #define HAVE_STDLIB_H 1
| #define HAVE_STRING_H 1
| #define HAVE_MEMORY_H 1
| #define HAVE_STRINGS_H 1
| #define HAVE_INTTYPES_H 1
| #define HAVE_STDINT_H 1
| #define HAVE_UNISTD_H 1
| #define HAVE_FCNTL_H 1
| #define ENABLE_SMB 1
| #define HAVE_OS_IPV6_SUPPORT 1
| #define HAVE_STRDUP 1
| #define HAVE_GETOPT_LONG 1
| /* end confdefs.h.  */
| /* Define fork to an innocuous variant, in case <limits.h> declares fork.
|    For example, HP-UX 11i <limits.h> declares gettimeofday.  */
| #define fork innocuous_fork
| 
| /* System header to define __stub macros and hopefully few prototypes,
|     which can conflict with char fork (); below.
|     Prefer <limits.h> to <assert.h> if __STDC__ is defined, since
|     <limits.h> exists even on freestanding compilers.  */
| 
| #ifdef __STDC__
| # include <limits.h>
| #else
| # include <assert.h>
| #endif
| 
| #undef fork
| 
| /* Override any GCC internal prototype to avoid an error.
|    Use char because int might match the return type of a GCC
|    builtin and then its argument prototype would still apply.  */
| #ifdef __cplusplus
| extern "C"
| #endif
| char fork ();
| /* The GNU C library defines this for functions which it implements
|     to always fail with ENOSYS.  Some functions are actually named
|     something starting with __ and the normal name is an alias.  */
| #if defined __stub_fork || defined __stub___fork
| choke me
| #endif
| 
| int
| main ()
| {
| return fork ();
|   ;
|   return 0;
| }
configure:5127: result: no
configure:5127: checking for vfork
configure:5127: gcc -o conftest.exe -g -O2   conftest.c  >&5
E:/Program-Files/Editor/Perl/Strawberry/c/bin/../lib/gcc/x86_64-w64-mingw32/8.3.0/../../../../x86_64-w64-mingw32/bin/ld.exe: C:\Users\natew\AppData\Local\Temp\ccAHDbBb.o: in function `main':
E:\github\wws\Blackhat\nmap\tcpdump/conftest.c:59: undefined reference to `vfork'
collect2.exe: error: ld returned 1 exit status
configure:5127: $? = 1
configure: failed program was:
| /* confdefs.h */
| #define PACKAGE_NAME "tcpdump"
| #define PACKAGE_TARNAME "tcpdump"
| #define PACKAGE_VERSION "4.10.0-PRE-GIT"
| #define PACKAGE_STRING "tcpdump 4.10.0-PRE-GIT"
| #define PACKAGE_BUGREPORT ""
| #define PACKAGE_URL ""
| #define inline inline
| #define STDC_HEADERS 1
| #define HAVE_SYS_TYPES_H 1
| #define HAVE_SYS_STAT_H 1
| #define HAVE_STDLIB_H 1
| #define HAVE_STRING_H 1
| #define HAVE_MEMORY_H 1
| #define HAVE_STRINGS_H 1
| #define HAVE_INTTYPES_H 1
| #define HAVE_STDINT_H 1
| #define HAVE_UNISTD_H 1
| #define HAVE_FCNTL_H 1
| #define ENABLE_SMB 1
| #define HAVE_OS_IPV6_SUPPORT 1
| #define HAVE_STRDUP 1
| #define HAVE_GETOPT_LONG 1
| /* end confdefs.h.  */
| /* Define vfork to an innocuous variant, in case <limits.h> declares vfork.
|    For example, HP-UX 11i <limits.h> declares gettimeofday.  */
| #define vfork innocuous_vfork
| 
| /* System header to define __stub macros and hopefully few prototypes,
|     which can conflict with char vfork (); below.
|     Prefer <limits.h> to <assert.h> if __STDC__ is defined, since
|     <limits.h> exists even on freestanding compilers.  */
| 
| #ifdef __STDC__
| # include <limits.h>
| #else
| # include <assert.h>
| #endif
| 
| #undef vfork
| 
| /* Override any GCC internal prototype to avoid an error.
|    Use char because int might match the return type of a GCC
|    builtin and then its argument prototype would still apply.  */
| #ifdef __cplusplus
| extern "C"
| #endif
| char vfork ();
| /* The GNU C library defines this for functions which it implements
|     to always fail with ENOSYS.  Some functions are actually named
|     something starting with __ and the normal name is an alias.  */
| #if defined __stub_vfork || defined __stub___vfork
| choke me
| #endif
| 
| int
| main ()
| {
| return vfork ();
|   ;
|   return 0;
| }
configure:5127: result: no
configure:5127: checking for strftime
configure:5127: gcc -o conftest.exe -g -O2   conftest.c  >&5
conftest.c:48:6: warning: conflicting types for built-in function 'strftime' [-Wbuiltin-declaration-mismatch]
 char strftime ();
      ^~~~~~~~
configure:5127: $? = 0
configure:5127: result: yes
configure:5138: checking for setlinebuf
configure:5138: gcc -o conftest.exe -g -O2   conftest.c  >&5
E:/Program-Files/Editor/Perl/Strawberry/c/bin/../lib/gcc/x86_64-w64-mingw32/8.3.0/../../../../x86_64-w64-mingw32/bin/ld.exe: C:\Users\natew\AppData\Local\Temp\ccikhWta.o: in function `main':
E:\github\wws\Blackhat\nmap\tcpdump/conftest.c:60: undefined reference to `setlinebuf'
collect2.exe: error: ld returned 1 exit status
configure:5138: $? = 1
configure: failed program was:
| /* confdefs.h */
| #define PACKAGE_NAME "tcpdump"
| #define PACKAGE_TARNAME "tcpdump"
| #define PACKAGE_VERSION "4.10.0-PRE-GIT"
| #define PACKAGE_STRING "tcpdump 4.10.0-PRE-GIT"
| #define PACKAGE_BUGREPORT ""
| #define PACKAGE_URL ""
| #define inline inline
| #define STDC_HEADERS 1
| #define HAVE_SYS_TYPES_H 1
| #define HAVE_SYS_STAT_H 1
| #define HAVE_STDLIB_H 1
| #define HAVE_STRING_H 1
| #define HAVE_MEMORY_H 1
| #define HAVE_STRINGS_H 1
| #define HAVE_INTTYPES_H 1
| #define HAVE_STDINT_H 1
| #define HAVE_UNISTD_H 1
| #define HAVE_FCNTL_H 1
| #define ENABLE_SMB 1
| #define HAVE_OS_IPV6_SUPPORT 1
| #define HAVE_STRDUP 1
| #define HAVE_GETOPT_LONG 1
| #define HAVE_STRFTIME 1
| /* end confdefs.h.  */
| /* Define setlinebuf to an innocuous variant, in case <limits.h> declares setlinebuf.
|    For example, HP-UX 11i <limits.h> declares gettimeofday.  */
| #define setlinebuf innocuous_setlinebuf
| 
| /* System header to define __stub macros and hopefully few prototypes,
|     which can conflict with char setlinebuf (); below.
|     Prefer <limits.h> to <assert.h> if __STDC__ is defined, since
|     <limits.h> exists even on freestanding compilers.  */
| 
| #ifdef __STDC__
| # include <limits.h>
| #else
| # include <assert.h>
| #endif
| 
| #undef setlinebuf
| 
| /* Override any GCC internal prototype to avoid an error.
|    Use char because int might match the return type of a GCC
|    builtin and then its argument prototype would still apply.  */
| #ifdef __cplusplus
| extern "C"
| #endif
| char setlinebuf ();
| /* The GNU C library defines this for functions which it implements
|     to always fail with ENOSYS.  Some functions are actually named
|     something starting with __ and the normal name is an alias.  */
| #if defined __stub_setlinebuf || defined __stub___setlinebuf
| choke me
| #endif
| 
| int
| main ()
| {
| return setlinebuf ();
|   ;
|   return 0;
| }
configure:5138: result: no
configure:5152: checking for vsnprintf
configure:5152: gcc -o conftest.exe -g -O2   conftest.c  >&5
conftest.c:49:6: warning: conflicting types for built-in function 'vsnprintf' [-Wbuiltin-declaration-mismatch]
 char vsnprintf ();
      ^~~~~~~~~
configure:5152: $? = 0
configure:5152: result: yes
configure:5152: checking for snprintf
configure:5152: gcc -o conftest.exe -g -O2   conftest.c  >&5
conftest.c:50:6: warning: conflicting types for built-in function 'snprintf' [-Wbuiltin-declaration-mismatch]
 char snprintf ();
      ^~~~~~~~
configure:5152: $? = 0
configure:5152: result: yes
configure:5172: checking for main in -lrpc
configure:5191: gcc -o conftest.exe -g -O2   conftest.c -lrpc   >&5
E:/Program-Files/Editor/Perl/Strawberry/c/bin/../lib/gcc/x86_64-w64-mingw32/8.3.0/../../../../x86_64-w64-mingw32/bin/ld.exe: cannot find -lrpc
collect2.exe: error: ld returned 1 exit status
configure:5191: $? = 1
configure: failed program was:
| /* confdefs.h */
| #define PACKAGE_NAME "tcpdump"
| #define PACKAGE_TARNAME "tcpdump"
| #define PACKAGE_VERSION "4.10.0-PRE-GIT"
| #define PACKAGE_STRING "tcpdump 4.10.0-PRE-GIT"
| #define PACKAGE_BUGREPORT ""
| #define PACKAGE_URL ""
| #define inline inline
| #define STDC_HEADERS 1
| #define HAVE_SYS_TYPES_H 1
| #define HAVE_SYS_STAT_H 1
| #define HAVE_STDLIB_H 1
| #define HAVE_STRING_H 1
| #define HAVE_MEMORY_H 1
| #define HAVE_STRINGS_H 1
| #define HAVE_INTTYPES_H 1
| #define HAVE_STDINT_H 1
| #define HAVE_UNISTD_H 1
| #define HAVE_FCNTL_H 1
| #define ENABLE_SMB 1
| #define HAVE_OS_IPV6_SUPPORT 1
| #define HAVE_STRDUP 1
| #define HAVE_GETOPT_LONG 1
| #define HAVE_STRFTIME 1
| #define HAVE_VSNPRINTF 1
| #define HAVE_SNPRINTF 1
| /* end confdefs.h.  */
| 
| 
| int
| main ()
| {
| return main ();
|   ;
|   return 0;
| }
configure:5200: result: no
configure:5211: checking for library containing getrpcbynumber
configure:5242: gcc -o conftest.exe -g -O2   conftest.c  >&5
E:/Program-Files/Editor/Perl/Strawberry/c/bin/../lib/gcc/x86_64-w64-mingw32/8.3.0/../../../../x86_64-w64-mingw32/bin/ld.exe: C:\Users\natew\AppData\Local\Temp\cc8nv6mm.o: in function `main':
E:\github\wws\Blackhat\nmap\tcpdump/conftest.c:39: undefined reference to `getrpcbynumber'
collect2.exe: error: ld returned 1 exit status
configure:5242: $? = 1
configure: failed program was:
| /* confdefs.h */
| #define PACKAGE_NAME "tcpdump"
| #define PACKAGE_TARNAME "tcpdump"
| #define PACKAGE_VERSION "4.10.0-PRE-GIT"
| #define PACKAGE_STRING "tcpdump 4.10.0-PRE-GIT"
| #define PACKAGE_BUGREPORT ""
| #define PACKAGE_URL ""
| #define inline inline
| #define STDC_HEADERS 1
| #define HAVE_SYS_TYPES_H 1
| #define HAVE_SYS_STAT_H 1
| #define HAVE_STDLIB_H 1
| #define HAVE_STRING_H 1
| #define HAVE_MEMORY_H 1
| #define HAVE_STRINGS_H 1
| #define HAVE_INTTYPES_H 1
| #define HAVE_STDINT_H 1
| #define HAVE_UNISTD_H 1
| #define HAVE_FCNTL_H 1
| #define ENABLE_SMB 1
| #define HAVE_OS_IPV6_SUPPORT 1
| #define HAVE_STRDUP 1
| #define HAVE_GETOPT_LONG 1
| #define HAVE_STRFTIME 1
| #define HAVE_VSNPRINTF 1
| #define HAVE_SNPRINTF 1
| /* end confdefs.h.  */
| 
| /* Override any GCC internal prototype to avoid an error.
|    Use char because int might match the return type of a GCC
|    builtin and then its argument prototype would still apply.  */
| #ifdef __cplusplus
| extern "C"
| #endif
| char getrpcbynumber ();
| int
| main ()
| {
| return getrpcbynumber ();
|   ;
|   return 0;
| }
configure:5242: gcc -o conftest.exe -g -O2   conftest.c -lnsl   >&5
E:/Program-Files/Editor/Perl/Strawberry/c/bin/../lib/gcc/x86_64-w64-mingw32/8.3.0/../../../../x86_64-w64-mingw32/bin/ld.exe: cannot find -lnsl
collect2.exe: error: ld returned 1 exit status
configure:5242: $? = 1
configure: failed program was:
| /* confdefs.h */
| #define PACKAGE_NAME "tcpdump"
| #define PACKAGE_TARNAME "tcpdump"
| #define PACKAGE_VERSION "4.10.0-PRE-GIT"
| #define PACKAGE_STRING "tcpdump 4.10.0-PRE-GIT"
| #define PACKAGE_BUGREPORT ""
| #define PACKAGE_URL ""
| #define inline inline
| #define STDC_HEADERS 1
| #define HAVE_SYS_TYPES_H 1
| #define HAVE_SYS_STAT_H 1
| #define HAVE_STDLIB_H 1
| #define HAVE_STRING_H 1
| #define HAVE_MEMORY_H 1
| #define HAVE_STRINGS_H 1
| #define HAVE_INTTYPES_H 1
| #define HAVE_STDINT_H 1
| #define HAVE_UNISTD_H 1
| #define HAVE_FCNTL_H 1
| #define ENABLE_SMB 1
| #define HAVE_OS_IPV6_SUPPORT 1
| #define HAVE_STRDUP 1
| #define HAVE_GETOPT_LONG 1
| #define HAVE_STRFTIME 1
| #define HAVE_VSNPRINTF 1
| #define HAVE_SNPRINTF 1
| /* end confdefs.h.  */
| 
| /* Override any GCC internal prototype to avoid an error.
|    Use char because int might match the return type of a GCC
|    builtin and then its argument prototype would still apply.  */
| #ifdef __cplusplus
| extern "C"
| #endif
| char getrpcbynumber ();
| int
| main ()
| {
| return getrpcbynumber ();
|   ;
|   return 0;
| }
configure:5259: result: no
configure:5306: checking for local pcap library
configure:5329: result: not found
configure:5395: checking for pcap-config
configure:5428: result: no
configure:5466: checking for main in -lpcap
configure:5485: gcc -o conftest.exe -g -O2   conftest.c -lpcap   >&5
E:/Program-Files/Editor/Perl/Strawberry/c/bin/../lib/gcc/x86_64-w64-mingw32/8.3.0/../../../../x86_64-w64-mingw32/bin/ld.exe: cannot find -lpcap
collect2.exe: error: ld returned 1 exit status
configure:5485: $? = 1
configure: failed program was:
| /* confdefs.h */
| #define PACKAGE_NAME "tcpdump"
| #define PACKAGE_TARNAME "tcpdump"
| #define PACKAGE_VERSION "4.10.0-PRE-GIT"
| #define PACKAGE_STRING "tcpdump 4.10.0-PRE-GIT"
| #define PACKAGE_BUGREPORT ""
| #define PACKAGE_URL ""
| #define inline inline
| #define STDC_HEADERS 1
| #define HAVE_SYS_TYPES_H 1
| #define HAVE_SYS_STAT_H 1
| #define HAVE_STDLIB_H 1
| #define HAVE_STRING_H 1
| #define HAVE_MEMORY_H 1
| #define HAVE_STRINGS_H 1
| #define HAVE_INTTYPES_H 1
| #define HAVE_STDINT_H 1
| #define HAVE_UNISTD_H 1
| #define HAVE_FCNTL_H 1
| #define ENABLE_SMB 1
| #define HAVE_OS_IPV6_SUPPORT 1
| #define HAVE_STRDUP 1
| #define HAVE_GETOPT_LONG 1
| #define HAVE_STRFTIME 1
| #define HAVE_VSNPRINTF 1
| #define HAVE_SNPRINTF 1
| /* end confdefs.h.  */
| 
| 
| int
| main ()
| {
| return main ();
|   ;
|   return 0;
| }
configure:5494: result: no
configure:5501: error: see the INSTALL doc for more info

## ---------------- ##
## Cache variables. ##
## ---------------- ##

ac_cv_build=x86_64-pc-mingw64
ac_cv_c_compiler_gnu=yes
ac_cv_env_CC_set=
ac_cv_env_CC_value=
ac_cv_env_CFLAGS_set=
ac_cv_env_CFLAGS_value=
ac_cv_env_CPPFLAGS_set=
ac_cv_env_CPPFLAGS_value=
ac_cv_env_CPP_set=
ac_cv_env_CPP_value=
ac_cv_env_LDFLAGS_set=
ac_cv_env_LDFLAGS_value=
ac_cv_env_LIBS_set=
ac_cv_env_LIBS_value=
ac_cv_env_build_alias_set=
ac_cv_env_build_alias_value=
ac_cv_env_host_alias_set=
ac_cv_env_host_alias_value=
ac_cv_env_target_alias_set=
ac_cv_env_target_alias_value=
ac_cv_exeext=.exe
ac_cv_func_cap_enter=no
ac_cv_func_cap_ioctls_limit=no
ac_cv_func_cap_rights_limit=no
ac_cv_func_fork=no
ac_cv_func_getopt_long=yes
ac_cv_func_getservent=no
ac_cv_func_openat=no
ac_cv_func_setlinebuf=no
ac_cv_func_snprintf=yes
ac_cv_func_strdup=yes
ac_cv_func_strftime=yes
ac_cv_func_strlcat=no
ac_cv_func_strlcpy=no
ac_cv_func_strsep=no
ac_cv_func_vfork=no
ac_cv_func_vsnprintf=yes
ac_cv_header_fcntl_h=yes
ac_cv_header_inttypes_h=yes
ac_cv_header_memory_h=yes
ac_cv_header_net_if_h=no
ac_cv_header_net_pfvar_h=no
ac_cv_header_rpc_rpc_h=no
ac_cv_header_rpc_rpcent_h=no
ac_cv_header_smi_h=no
ac_cv_header_stdc=yes
ac_cv_header_stdint_h=yes
ac_cv_header_stdlib_h=yes
ac_cv_header_string_h=yes
ac_cv_header_strings_h=yes
ac_cv_header_sys_stat_h=yes
ac_cv_header_sys_types_h=yes
ac_cv_header_unistd_h=yes
ac_cv_host=x86_64-pc-mingw64
ac_cv_lbl_inline=inline
ac_cv_lib_cap_dns_cap_gethostbyaddr=no
ac_cv_lib_casper_cap_init=no
ac_cv_lib_pcap_main=no
ac_cv_lib_rpc_main=no
ac_cv_lib_socket_gethostbyname=no
ac_cv_lib_socket_socket=no
ac_cv_objext=o
ac_cv_path_EGREP='/usr/bin/grep -E'
ac_cv_path_GREP=/usr/bin/grep
ac_cv_prog_CPP='gcc -E'
ac_cv_prog_ac_ct_CC=gcc
ac_cv_prog_cc_c89=
ac_cv_prog_cc_c99=
ac_cv_prog_cc_g=yes
ac_cv_search_dnet_htoa=no
ac_cv_search_gethostbyname=no
ac_cv_search_getrpcbynumber=no
ac_cv_search_putmsg=no
ac_cv_search_socket=no

## ----------------- ##
## Output variables. ##
## ----------------- ##

AR=''
CC='gcc'
CFLAGS='-g -O2'
CPP='gcc -E'
CPPFLAGS=''
DEFS=''
DEPENDENCY_CFLAG=''
ECHO_C=''
ECHO_N='-n'
ECHO_T=''
EGREP='/usr/bin/grep -E'
EXEEXT='.exe'
GREP='/usr/bin/grep'
INSTALL_DATA=''
INSTALL_PROGRAM=''
INSTALL_SCRIPT=''
LDFLAGS=''
LIBOBJS=' strlcat.o strlcpy.o strsep.o getservent.o'
LIBS=''
LOCALSRC='print-smb.c smbutil.c '
LTLIBOBJS=''
MAN_FILE_FORMATS=''
MAN_MISC_INFO=''
MKDEP=''
OBJEXT='o'
PACKAGE_BUGREPORT=''
PACKAGE_NAME='tcpdump'
PACKAGE_STRING='tcpdump 4.10.0-PRE-GIT'
PACKAGE_TARNAME='tcpdump'
PACKAGE_URL=''
PACKAGE_VERSION='4.10.0-PRE-GIT'
PATH_SEPARATOR=':'
PCAP_CONFIG=''
RANLIB=''
SHELL='/bin/sh'
SHLICC2=''
V_CCOPT=' -ffloat-store'
V_DEFS=''
V_GROUP=''
V_INCLS=''
V_PCAPDEP=''
ac_ct_CC='gcc'
bindir='${exec_prefix}/bin'
build='x86_64-pc-mingw64'
build_alias=''
build_cpu='x86_64'
build_os='mingw64'
build_vendor='pc'
datadir='${datarootdir}'
datarootdir='${prefix}/share'
docdir='${datarootdir}/doc/${PACKAGE_TARNAME}'
dvidir='${docdir}'
exec_prefix='NONE'
host='x86_64-pc-mingw64'
host_alias=''
host_cpu='x86_64'
host_os='mingw64'
host_vendor='pc'
htmldir='${docdir}'
includedir='${prefix}/include'
infodir='${datarootdir}/info'
libdir='${exec_prefix}/lib'
libexecdir='${exec_prefix}/libexec'
localedir='${datarootdir}/locale'
localstatedir='${prefix}/var'
mandir='${datarootdir}/man'
oldincludedir='/usr/include'
pdfdir='${docdir}'
prefix='NONE'
program_transform_name='s,x,x,'
psdir='${docdir}'
sbindir='${exec_prefix}/sbin'
sharedstatedir='${prefix}/com'
sysconfdir='${prefix}/etc'
target_alias=''

## ----------- ##
## confdefs.h. ##
## ----------- ##

/* confdefs.h */
#define PACKAGE_NAME "tcpdump"
#define PACKAGE_TARNAME "tcpdump"
#define PACKAGE_VERSION "4.10.0-PRE-GIT"
#define PACKAGE_STRING "tcpdump 4.10.0-PRE-GIT"
#define PACKAGE_BUGREPORT ""
#define PACKAGE_URL ""
#define inline inline
#define STDC_HEADERS 1
#define HAVE_SYS_TYPES_H 1
#define HAVE_SYS_STAT_H 1
#define HAVE_STDLIB_H 1
#define HAVE_STRING_H 1
#define HAVE_MEMORY_H 1
#define HAVE_STRINGS_H 1
#define HAVE_INTTYPES_H 1
#define HAVE_STDINT_H 1
#define HAVE_UNISTD_H 1
#define HAVE_FCNTL_H 1
#define ENABLE_SMB 1
#define HAVE_OS_IPV6_SUPPORT 1
#define HAVE_STRDUP 1
#define HAVE_GETOPT_LONG 1
#define HAVE_STRFTIME 1
#define HAVE_VSNPRINTF 1
#define HAVE_SNPRINTF 1

configure: exit 1
