This file contains any messages produced by compilers while
running configure, to aid debugging if configure makes a mistake.

It was created by pcap configure 1.10.0-PRE-GIT, which was
generated by GNU Autoconf 2.69.  Invocation command line was

  $ ./configure 

## --------- ##
## Platform. ##
## --------- ##

hostname = Desktop
uname -m = x86_64
uname -r = 3.1.7-340.x86_64
uname -s = MINGW64_NT-10.0-20180
uname -v = 2020-10-23 13:08 UTC

/usr/bin/uname -p = unknown
/bin/uname -X     = unknown

/bin/arch              = x86_64
/usr/bin/arch -k       = unknown
/usr/convex/getsysinfo = unknown
/usr/bin/hostinfo      = unknown
/bin/machine           = unknown
/usr/bin/oslevel       = unknown
/bin/universe          = unknown

PATH: E
PATH: /Program-Files/Editor/Python/Anaconda\Scripts/condabin
PATH: /c/Users/natew/bin
PATH: /mingw64/bin
PATH: /usr/local/bin
PATH: /usr/bin
PATH: /bin
PATH: /mingw64/bin
PATH: /usr/bin
PATH: /c/Users/natew/bin
PATH: /e/Program-Files/Editor/Perl/BerryBrew/bin
PATH: /e/Program-Files/Editor/Python/Python2
PATH: /e/Program-Files/Editor/Python/Python2/Scripts
PATH: /c/Program Files (x86)/Common Files/Oracle/Java/javapath
PATH: /e/Program-Files/Editor/Python/Scripts
PATH: /e/Program-Files/Editor/Python
PATH: /c/WINDOWS/system32
PATH: /c/WINDOWS
PATH: /c/WINDOWS/System32/Wbem
PATH: /c/WINDOWS/System32/WindowsPowerShell/v1.0
PATH: /c/WINDOWS/System32/OpenSSH
PATH: /e/Program-Files/Version-Control/Mercurial
PATH: /e/Program-Files/Version-Control/TortoiseSVN/bin
PATH: /e/Program-Files/Editor/Google-Cloud/google-cloud-sdk/bin
PATH: /c/Program Files/WindowsPowerShell/7
PATH: /e/Program-Files/Editor/NodeJS
PATH: /c/ProgramData/chocolatey/bin
PATH: /e/Program-Files/Editor/CMake/bin
PATH: /e/Program-Files/Editor/Go/bin
PATH: /e/Program-Files/Security/GnuPG/bin
PATH: /e/Program-Files/Editor/Perl/Strawberry/c/bin
PATH: /e/Program-Files/Editor/Perl/Strawberry/perl/site/bin
PATH: /e/Program-Files/Editor/Perl/Strawberry/perl/bin
PATH: /e/Program-Files/Docs/Calibre
PATH: /c/Program Files (x86)/Yarn/bin
PATH: /cmd
PATH: /c/Users/natew/.php/php
PATH: /c/Users/natew/scoop/shims
PATH: /c/Users/natew/AppData/Local/Microsoft/WindowsApps
PATH: /c/Program Files (x86)/Git/GitHub CLI
PATH: /e/Program-Files/Version-Control/heroku/bin
PATH: /c/Users/natew/AppData/Roaming/npm
PATH: /e/Program-Files/Editor/Microsoft/VS-Code/bin
PATH: /c/Users/natew/go/bin
PATH: /e/Program-Files/Editor/JetBrains/Pycharm/bin
PATH: /e/Program-Files/Docs/Markdown/Markdown-Monster
PATH: /e/Program-Files/Editor/NSIS/makensisw.exe
PATH: /e/Program-Files/Editor/NSIS/NSIS.exe
PATH: /c/Users/natew/AppData/Local/Yarn/bin
PATH: /e/Program-Files/Security/Nmap
PATH: /usr/bin/vendor_perl
PATH: /usr/bin/core_perl


## ----------- ##
## Core tests. ##
## ----------- ##

configure:2473: checking build system type
configure:2487: result: x86_64-pc-mingw64
configure:2507: checking host system type
configure:2520: result: x86_64-pc-mingw64
configure:2540: checking target system type
configure:2553: result: x86_64-pc-mingw64
configure:2706: checking for gcc
configure:2722: found /e/Program-Files/Editor/Perl/Strawberry/c/bin/gcc
configure:2733: result: gcc
configure:2962: checking for C compiler version
configure:2971: gcc --version >&5
gcc.exe (x86_64-posix-seh, Built by strawberryperl.com project) 8.3.0
Copyright (C) 2018 Free Software Foundation, Inc.
This is free software; see the source for copying conditions.  There is NO
warranty; not even for MERCHANTABILITY or FITNESS FOR A PARTICULAR PURPOSE.

configure:2982: $? = 0
configure:2971: gcc -v >&5
Using built-in specs.
COLLECT_GCC=E:\Program-Files\Editor\Perl\Strawberry\c\bin\gcc.exe
COLLECT_LTO_WRAPPER=E:/Program-Files/Editor/Perl/Strawberry/c/bin/../libexec/gcc/x86_64-w64-mingw32/8.3.0/lto-wrapper.exe
Target: x86_64-w64-mingw32
Configured with: ../../../src/gcc-8.3.0/configure --host=x86_64-w64-mingw32 --build=x86_64-w64-mingw32 --target=x86_64-w64-mingw32 --prefix=/mingw64 --enable-shared --enable-static --disable-multilib --enable-languages=c,c++,fortran,lto --enable-libstdcxx-time=yes --enable-threads=posix --enable-libgomp --enable-libatomic --enable-lto --enable-graphite --enable-checking=release --enable-fully-dynamic-string --enable-version-specific-runtime-libs --enable-libstdcxx-filesystem-ts=yes --disable-libstdcxx-pch --disable-libstdcxx-debug --disable-bootstrap --disable-rpath --disable-win32-registry --disable-nls --disable-werror --disable-symvers --with-gnu-as --with-gnu-ld --with-arch=nocona --with-tune=core2 --with-libiconv --with-system-zlib --with-gmp=/opt/build/prerequisites/x86_64-w64-mingw32-static --with-mpfr=/opt/build/prerequisites/x86_64-w64-mingw32-static --with-mpc=/opt/build/prerequisites/x86_64-w64-mingw32-static --with-isl=/opt/build/prerequisites/x86_64-w64-mingw32-static --with-pkgversion='x86_64-posix-seh, Built by strawberryperl.com project' --with-bugurl=https://sourceforge.net/projects/mingw-w64 CFLAGS='-O2 -pipe -fno-ident -I/opt/build/x86_64-830-posix-seh-rt_v6/mingw64/opt/include -I/opt/build/prerequisites/x86_64-zlib-static/include -I/opt/build/prerequisites/x86_64-w64-mingw32-static/include' CXXFLAGS='-O2 -pipe -fno-ident -I/opt/build/x86_64-830-posix-seh-rt_v6/mingw64/opt/include -I/opt/build/prerequisites/x86_64-zlib-static/include -I/opt/build/prerequisites/x86_64-w64-mingw32-static/include' CPPFLAGS=' -I/opt/build/x86_64-830-posix-seh-rt_v6/mingw64/opt/include -I/opt/build/prerequisites/x86_64-zlib-static/include -I/opt/build/prerequisites/x86_64-w64-mingw32-static/include' LDFLAGS='-pipe -fno-ident -L/opt/build/x86_64-830-posix-seh-rt_v6/mingw64/opt/lib -L/opt/build/prerequisites/x86_64-zlib-static/lib -L/opt/build/prerequisites/x86_64-w64-mingw32-static/lib ' LD_FOR_TARGET=/opt/build/x86_64-830-posix-seh-rt_v6/mingw64/bin/ld.exe
Thread model: posix
gcc version 8.3.0 (x86_64-posix-seh, Built by strawberryperl.com project) 
configure:2982: $? = 0
configure:2971: gcc -V >&5
gcc.exe: error: unrecognized command line option '-V'
gcc.exe: fatal error: no input files
compilation terminated.
configure:2982: $? = 1
configure:2971: gcc -qversion >&5
gcc.exe: error: unrecognized command line option '-qversion'; did you mean '--version'?
gcc.exe: fatal error: no input files
compilation terminated.
configure:2982: $? = 1
configure:3002: checking whether the C compiler works
configure:3024: gcc    conftest.c  >&5
configure:3028: $? = 0
configure:3076: result: yes
configure:3079: checking for C compiler default output file name
configure:3081: result: a.exe
configure:3087: checking for suffix of executables
configure:3094: gcc -o conftest.exe    conftest.c  >&5
configure:3098: $? = 0
configure:3120: result: .exe
configure:3142: checking whether we are cross compiling
configure:3150: gcc -o conftest.exe    conftest.c  >&5
configure:3154: $? = 0
configure:3161: ./conftest.exe
configure:3165: $? = 0
configure:3180: result: no
configure:3185: checking for suffix of object files
configure:3207: gcc -c   conftest.c >&5
configure:3211: $? = 0
configure:3232: result: o
configure:3236: checking whether we are using the GNU C compiler
configure:3255: gcc -c   conftest.c >&5
configure:3255: $? = 0
configure:3264: result: yes
configure:3273: checking whether gcc accepts -g
configure:3293: gcc -c -g  conftest.c >&5
configure:3293: $? = 0
configure:3334: result: yes
configure:3351: checking for gcc option to accept ISO C89
configure:3414: gcc  -c -g -O2  conftest.c >&5
configure:3414: $? = 0
configure:3427: result: none needed
configure:3447: checking for gcc option to accept ISO C99
configure:3596: gcc  -c -g -O2  conftest.c >&5
configure:3596: $? = 0
configure:3609: result: none needed
configure:3909: checking whether the compiler supports the -fvisibility=hidden option
configure:3935: gcc -c -g -O2 -Werror -fvisibility=hidden  conftest.c >&5
configure:3935: $? = 0
configure:3937: result: yes
configure:4439: checking for inline
configure:4475: gcc -c  -fvisibility=hidden  conftest.c >&5
configure:4475: $? = 0
configure:4490: result: inline
configure:4512: checking for special C compiler options needed for large files
configure:4557: result: no
configure:4563: checking for _FILE_OFFSET_BITS value needed for large files
configure:4588: gcc -c -g -O2  conftest.c >&5
conftest.c:15:33: warning: left shift count >= width of type [-Wshift-count-overflow]
 #define LARGE_OFF_T (((off_t) 1 << 62) - 1 + ((off_t) 1 << 62))
                                 ^~
conftest.c:16:23: note: in expansion of macro 'LARGE_OFF_T'
   int off_t_is_large[(LARGE_OFF_T % 2147483629 == 721
                       ^~~~~~~~~~~
conftest.c:15:57: warning: left shift count >= width of type [-Wshift-count-overflow]
 #define LARGE_OFF_T (((off_t) 1 << 62) - 1 + ((off_t) 1 << 62))
                                                         ^~
conftest.c:16:23: note: in expansion of macro 'LARGE_OFF_T'
   int off_t_is_large[(LARGE_OFF_T % 2147483629 == 721
                       ^~~~~~~~~~~
conftest.c:15:33: warning: left shift count >= width of type [-Wshift-count-overflow]
 #define LARGE_OFF_T (((off_t) 1 << 62) - 1 + ((off_t) 1 << 62))
                                 ^~
conftest.c:17:13: note: in expansion of macro 'LARGE_OFF_T'
          && LARGE_OFF_T % 2147483647 == 1)
             ^~~~~~~~~~~
conftest.c:15:57: warning: left shift count >= width of type [-Wshift-count-overflow]
 #define LARGE_OFF_T (((off_t) 1 << 62) - 1 + ((off_t) 1 << 62))
                                                         ^~
conftest.c:17:13: note: in expansion of macro 'LARGE_OFF_T'
          && LARGE_OFF_T % 2147483647 == 1)
             ^~~~~~~~~~~
conftest.c:16:7: error: variably modified 'off_t_is_large' at file scope
   int off_t_is_large[(LARGE_OFF_T % 2147483629 == 721
       ^~~~~~~~~~~~~~
configure:4588: $? = 1
configure: failed program was:
| /* confdefs.h */
| #define PACKAGE_NAME "pcap"
| #define PACKAGE_TARNAME "pcap"
| #define PACKAGE_VERSION "1.10.0-PRE-GIT"
| #define PACKAGE_STRING "pcap 1.10.0-PRE-GIT"
| #define PACKAGE_BUGREPORT ""
| #define PACKAGE_URL ""
| #define inline inline
| /* end confdefs.h.  */
| #include <sys/types.h>
|  /* Check that off_t can represent 2**63 - 1 correctly.
|     We can't simply define LARGE_OFF_T to be 9223372036854775807,
|     since some C++ compilers masquerading as C compilers
|     incorrectly reject 9223372036854775807.  */
| #define LARGE_OFF_T (((off_t) 1 << 62) - 1 + ((off_t) 1 << 62))
|   int off_t_is_large[(LARGE_OFF_T % 2147483629 == 721
| 		       && LARGE_OFF_T % 2147483647 == 1)
| 		      ? 1 : -1];
| int
| main ()
| {
| 
|   ;
|   return 0;
| }
configure:4612: gcc -c -g -O2  conftest.c >&5
configure:4612: $? = 0
configure:4620: result: 64
configure:4705: checking for _LARGEFILE_SOURCE value needed for large files
configure:4724: gcc -o conftest.exe -g -O2   conftest.c  >&5
configure:4724: $? = 0
configure:4752: result: no
configure:4779: checking how to run the C preprocessor
configure:4810: gcc -E  conftest.c
configure:4810: $? = 0
configure:4824: gcc -E  conftest.c
conftest.c:12:10: fatal error: ac_nonexistent.h: No such file or directory
 #include <ac_nonexistent.h>
          ^~~~~~~~~~~~~~~~~~
compilation terminated.
configure:4824: $? = 1
configure: failed program was:
| /* confdefs.h */
| #define PACKAGE_NAME "pcap"
| #define PACKAGE_TARNAME "pcap"
| #define PACKAGE_VERSION "1.10.0-PRE-GIT"
| #define PACKAGE_STRING "pcap 1.10.0-PRE-GIT"
| #define PACKAGE_BUGREPORT ""
| #define PACKAGE_URL ""
| #define inline inline
| #define _FILE_OFFSET_BITS 64
| #define HAVE_FSEEKO 1
| /* end confdefs.h.  */
| #include <ac_nonexistent.h>
configure:4849: result: gcc -E
configure:4869: gcc -E  conftest.c
configure:4869: $? = 0
configure:4883: gcc -E  conftest.c
conftest.c:12:10: fatal error: ac_nonexistent.h: No such file or directory
 #include <ac_nonexistent.h>
          ^~~~~~~~~~~~~~~~~~
compilation terminated.
configure:4883: $? = 1
configure: failed program was:
| /* confdefs.h */
| #define PACKAGE_NAME "pcap"
| #define PACKAGE_TARNAME "pcap"
| #define PACKAGE_VERSION "1.10.0-PRE-GIT"
| #define PACKAGE_STRING "pcap 1.10.0-PRE-GIT"
| #define PACKAGE_BUGREPORT ""
| #define PACKAGE_URL ""
| #define inline inline
| #define _FILE_OFFSET_BITS 64
| #define HAVE_FSEEKO 1
| /* end confdefs.h.  */
| #include <ac_nonexistent.h>
configure:4912: checking for grep that handles long lines and -e
configure:4970: result: /usr/bin/grep
configure:4975: checking for egrep
configure:5037: result: /usr/bin/grep -E
configure:5042: checking for ANSI C header files
configure:5062: gcc -c -g -O2  conftest.c >&5
configure:5062: $? = 0
configure:5135: gcc -o conftest.exe -g -O2   conftest.c  >&5
configure:5135: $? = 0
configure:5135: ./conftest.exe
configure:5135: $? = 0
configure:5146: result: yes
configure:5159: checking for sys/types.h
configure:5159: gcc -c -g -O2  conftest.c >&5
configure:5159: $? = 0
configure:5159: result: yes
configure:5159: checking for sys/stat.h
configure:5159: gcc -c -g -O2  conftest.c >&5
configure:5159: $? = 0
configure:5159: result: yes
configure:5159: checking for stdlib.h
configure:5159: gcc -c -g -O2  conftest.c >&5
configure:5159: $? = 0
configure:5159: result: yes
configure:5159: checking for string.h
configure:5159: gcc -c -g -O2  conftest.c >&5
configure:5159: $? = 0
configure:5159: result: yes
configure:5159: checking for memory.h
configure:5159: gcc -c -g -O2  conftest.c >&5
configure:5159: $? = 0
configure:5159: result: yes
configure:5159: checking for strings.h
configure:5159: gcc -c -g -O2  conftest.c >&5
configure:5159: $? = 0
configure:5159: result: yes
configure:5159: checking for inttypes.h
configure:5159: gcc -c -g -O2  conftest.c >&5
configure:5159: $? = 0
configure:5159: result: yes
configure:5159: checking for stdint.h
configure:5159: gcc -c -g -O2  conftest.c >&5
configure:5159: $? = 0
configure:5159: result: yes
configure:5159: checking for unistd.h
configure:5159: gcc -c -g -O2  conftest.c >&5
configure:5159: $? = 0
configure:5159: result: yes
configure:5174: checking sys/ioccom.h usability
configure:5174: gcc -c -g -O2  conftest.c >&5
conftest.c:55:10: fatal error: sys/ioccom.h: No such file or directory
 #include <sys/ioccom.h>
          ^~~~~~~~~~~~~~
compilation terminated.
configure:5174: $? = 1
configure: failed program was:
| /* confdefs.h */
| #define PACKAGE_NAME "pcap"
| #define PACKAGE_TARNAME "pcap"
| #define PACKAGE_VERSION "1.10.0-PRE-GIT"
| #define PACKAGE_STRING "pcap 1.10.0-PRE-GIT"
| #define PACKAGE_BUGREPORT ""
| #define PACKAGE_URL ""
| #define inline inline
| #define _FILE_OFFSET_BITS 64
| #define HAVE_FSEEKO 1
| #define STDC_HEADERS 1
| #define HAVE_SYS_TYPES_H 1
| #define HAVE_SYS_STAT_H 1
| #define HAVE_STDLIB_H 1
| #define HAVE_STRING_H 1
| #define HAVE_MEMORY_H 1
| #define HAVE_STRINGS_H 1
| #define HAVE_INTTYPES_H 1
| #define HAVE_STDINT_H 1
| #define HAVE_UNISTD_H 1
| /* end confdefs.h.  */
| #include <stdio.h>
| #ifdef HAVE_SYS_TYPES_H
| # include <sys/types.h>
| #endif
| #ifdef HAVE_SYS_STAT_H
| # include <sys/stat.h>
| #endif
| #ifdef STDC_HEADERS
| # include <stdlib.h>
| # include <stddef.h>
| #else
| # ifdef HAVE_STDLIB_H
| #  include <stdlib.h>
| # endif
| #endif
| #ifdef HAVE_STRING_H
| # if !defined STDC_HEADERS && defined HAVE_MEMORY_H
| #  include <memory.h>
| # endif
| # include <string.h>
| #endif
| #ifdef HAVE_STRINGS_H
| # include <strings.h>
| #endif
| #ifdef HAVE_INTTYPES_H
| # include <inttypes.h>
| #endif
| #ifdef HAVE_STDINT_H
| # include <stdint.h>
| #endif
| #ifdef HAVE_UNISTD_H
| # include <unistd.h>
| #endif
| #include <sys/ioccom.h>
configure:5174: result: no
configure:5174: checking sys/ioccom.h presence
configure:5174: gcc -E  conftest.c
conftest.c:22:10: fatal error: sys/ioccom.h: No such file or directory
 #include <sys/ioccom.h>
          ^~~~~~~~~~~~~~
compilation terminated.
configure:5174: $? = 1
configure: failed program was:
| /* confdefs.h */
| #define PACKAGE_NAME "pcap"
| #define PACKAGE_TARNAME "pcap"
| #define PACKAGE_VERSION "1.10.0-PRE-GIT"
| #define PACKAGE_STRING "pcap 1.10.0-PRE-GIT"
| #define PACKAGE_BUGREPORT ""
| #define PACKAGE_URL ""
| #define inline inline
| #define _FILE_OFFSET_BITS 64
| #define HAVE_FSEEKO 1
| #define STDC_HEADERS 1
| #define HAVE_SYS_TYPES_H 1
| #define HAVE_SYS_STAT_H 1
| #define HAVE_STDLIB_H 1
| #define HAVE_STRING_H 1
| #define HAVE_MEMORY_H 1
| #define HAVE_STRINGS_H 1
| #define HAVE_INTTYPES_H 1
| #define HAVE_STDINT_H 1
| #define HAVE_UNISTD_H 1
| /* end confdefs.h.  */
| #include <sys/ioccom.h>
configure:5174: result: no
configure:5174: checking for sys/ioccom.h
configure:5174: result: no
configure:5174: checking sys/sockio.h usability
configure:5174: gcc -c -g -O2  conftest.c >&5
conftest.c:55:10: fatal error: sys/sockio.h: No such file or directory
 #include <sys/sockio.h>
          ^~~~~~~~~~~~~~
compilation terminated.
configure:5174: $? = 1
configure: failed program was:
| /* confdefs.h */
| #define PACKAGE_NAME "pcap"
| #define PACKAGE_TARNAME "pcap"
| #define PACKAGE_VERSION "1.10.0-PRE-GIT"
| #define PACKAGE_STRING "pcap 1.10.0-PRE-GIT"
| #define PACKAGE_BUGREPORT ""
| #define PACKAGE_URL ""
| #define inline inline
| #define _FILE_OFFSET_BITS 64
| #define HAVE_FSEEKO 1
| #define STDC_HEADERS 1
| #define HAVE_SYS_TYPES_H 1
| #define HAVE_SYS_STAT_H 1
| #define HAVE_STDLIB_H 1
| #define HAVE_STRING_H 1
| #define HAVE_MEMORY_H 1
| #define HAVE_STRINGS_H 1
| #define HAVE_INTTYPES_H 1
| #define HAVE_STDINT_H 1
| #define HAVE_UNISTD_H 1
| /* end confdefs.h.  */
| #include <stdio.h>
| #ifdef HAVE_SYS_TYPES_H
| # include <sys/types.h>
| #endif
| #ifdef HAVE_SYS_STAT_H
| # include <sys/stat.h>
| #endif
| #ifdef STDC_HEADERS
| # include <stdlib.h>
| # include <stddef.h>
| #else
| # ifdef HAVE_STDLIB_H
| #  include <stdlib.h>
| # endif
| #endif
| #ifdef HAVE_STRING_H
| # if !defined STDC_HEADERS && defined HAVE_MEMORY_H
| #  include <memory.h>
| # endif
| # include <string.h>
| #endif
| #ifdef HAVE_STRINGS_H
| # include <strings.h>
| #endif
| #ifdef HAVE_INTTYPES_H
| # include <inttypes.h>
| #endif
| #ifdef HAVE_STDINT_H
| # include <stdint.h>
| #endif
| #ifdef HAVE_UNISTD_H
| # include <unistd.h>
| #endif
| #include <sys/sockio.h>
configure:5174: result: no
configure:5174: checking sys/sockio.h presence
configure:5174: gcc -E  conftest.c
conftest.c:22:10: fatal error: sys/sockio.h: No such file or directory
 #include <sys/sockio.h>
          ^~~~~~~~~~~~~~
compilation terminated.
configure:5174: $? = 1
configure: failed program was:
| /* confdefs.h */
| #define PACKAGE_NAME "pcap"
| #define PACKAGE_TARNAME "pcap"
| #define PACKAGE_VERSION "1.10.0-PRE-GIT"
| #define PACKAGE_STRING "pcap 1.10.0-PRE-GIT"
| #define PACKAGE_BUGREPORT ""
| #define PACKAGE_URL ""
| #define inline inline
| #define _FILE_OFFSET_BITS 64
| #define HAVE_FSEEKO 1
| #define STDC_HEADERS 1
| #define HAVE_SYS_TYPES_H 1
| #define HAVE_SYS_STAT_H 1
| #define HAVE_STDLIB_H 1
| #define HAVE_STRING_H 1
| #define HAVE_MEMORY_H 1
| #define HAVE_STRINGS_H 1
| #define HAVE_INTTYPES_H 1
| #define HAVE_STDINT_H 1
| #define HAVE_UNISTD_H 1
| /* end confdefs.h.  */
| #include <sys/sockio.h>
configure:5174: result: no
configure:5174: checking for sys/sockio.h
configure:5174: result: no
configure:5186: checking netpacket/packet.h usability
configure:5186: gcc -c -g -O2  conftest.c >&5
conftest.c:55:10: fatal error: netpacket/packet.h: No such file or directory
 #include <netpacket/packet.h>
          ^~~~~~~~~~~~~~~~~~~~
compilation terminated.
configure:5186: $? = 1
configure: failed program was:
| /* confdefs.h */
| #define PACKAGE_NAME "pcap"
| #define PACKAGE_TARNAME "pcap"
| #define PACKAGE_VERSION "1.10.0-PRE-GIT"
| #define PACKAGE_STRING "pcap 1.10.0-PRE-GIT"
| #define PACKAGE_BUGREPORT ""
| #define PACKAGE_URL ""
| #define inline inline
| #define _FILE_OFFSET_BITS 64
| #define HAVE_FSEEKO 1
| #define STDC_HEADERS 1
| #define HAVE_SYS_TYPES_H 1
| #define HAVE_SYS_STAT_H 1
| #define HAVE_STDLIB_H 1
| #define HAVE_STRING_H 1
| #define HAVE_MEMORY_H 1
| #define HAVE_STRINGS_H 1
| #define HAVE_INTTYPES_H 1
| #define HAVE_STDINT_H 1
| #define HAVE_UNISTD_H 1
| /* end confdefs.h.  */
| #include <stdio.h>
| #ifdef HAVE_SYS_TYPES_H
| # include <sys/types.h>
| #endif
| #ifdef HAVE_SYS_STAT_H
| # include <sys/stat.h>
| #endif
| #ifdef STDC_HEADERS
| # include <stdlib.h>
| # include <stddef.h>
| #else
| # ifdef HAVE_STDLIB_H
| #  include <stdlib.h>
| # endif
| #endif
| #ifdef HAVE_STRING_H
| # if !defined STDC_HEADERS && defined HAVE_MEMORY_H
| #  include <memory.h>
| # endif
| # include <string.h>
| #endif
| #ifdef HAVE_STRINGS_H
| # include <strings.h>
| #endif
| #ifdef HAVE_INTTYPES_H
| # include <inttypes.h>
| #endif
| #ifdef HAVE_STDINT_H
| # include <stdint.h>
| #endif
| #ifdef HAVE_UNISTD_H
| # include <unistd.h>
| #endif
| #include <netpacket/packet.h>
configure:5186: result: no
configure:5186: checking netpacket/packet.h presence
configure:5186: gcc -E  conftest.c
conftest.c:22:10: fatal error: netpacket/packet.h: No such file or directory
 #include <netpacket/packet.h>
          ^~~~~~~~~~~~~~~~~~~~
compilation terminated.
configure:5186: $? = 1
configure: failed program was:
| /* confdefs.h */
| #define PACKAGE_NAME "pcap"
| #define PACKAGE_TARNAME "pcap"
| #define PACKAGE_VERSION "1.10.0-PRE-GIT"
| #define PACKAGE_STRING "pcap 1.10.0-PRE-GIT"
| #define PACKAGE_BUGREPORT ""
| #define PACKAGE_URL ""
| #define inline inline
| #define _FILE_OFFSET_BITS 64
| #define HAVE_FSEEKO 1
| #define STDC_HEADERS 1
| #define HAVE_SYS_TYPES_H 1
| #define HAVE_SYS_STAT_H 1
| #define HAVE_STDLIB_H 1
| #define HAVE_STRING_H 1
| #define HAVE_MEMORY_H 1
| #define HAVE_STRINGS_H 1
| #define HAVE_INTTYPES_H 1
| #define HAVE_STDINT_H 1
| #define HAVE_UNISTD_H 1
| /* end confdefs.h.  */
| #include <netpacket/packet.h>
configure:5186: result: no
configure:5186: checking for netpacket/packet.h
configure:5186: result: no
configure:5198: checking for net/pfvar.h
configure:5198: gcc -c -g -O2  conftest.c >&5
conftest.c:23:10: fatal error: sys/socket.h: No such file or directory
 #include <sys/socket.h>
          ^~~~~~~~~~~~~~
compilation terminated.
configure:5198: $? = 1
configure: failed program was:
| /* confdefs.h */
| #define PACKAGE_NAME "pcap"
| #define PACKAGE_TARNAME "pcap"
| #define PACKAGE_VERSION "1.10.0-PRE-GIT"
| #define PACKAGE_STRING "pcap 1.10.0-PRE-GIT"
| #define PACKAGE_BUGREPORT ""
| #define PACKAGE_URL ""
| #define inline inline
| #define _FILE_OFFSET_BITS 64
| #define HAVE_FSEEKO 1
| #define STDC_HEADERS 1
| #define HAVE_SYS_TYPES_H 1
| #define HAVE_SYS_STAT_H 1
| #define HAVE_STDLIB_H 1
| #define HAVE_STRING_H 1
| #define HAVE_MEMORY_H 1
| #define HAVE_STRINGS_H 1
| #define HAVE_INTTYPES_H 1
| #define HAVE_STDINT_H 1
| #define HAVE_UNISTD_H 1
| /* end confdefs.h.  */
| #include <sys/types.h>
| #include <sys/socket.h>
| #include <net/if.h>
| 
| #include <net/pfvar.h>
configure:5198: result: no
configure:5256: checking for ANSI ioctl definitions
configure:5284: gcc -c -g -O2  conftest.c >&5
conftest.c:28:12: fatal error: sys/ioctl.h: No such file or directory
 #  include <sys/ioctl.h>
            ^~~~~~~~~~~~~
compilation terminated.
configure:5284: $? = 1
configure: failed program was:
| /* confdefs.h */
| #define PACKAGE_NAME "pcap"
| #define PACKAGE_TARNAME "pcap"
| #define PACKAGE_VERSION "1.10.0-PRE-GIT"
| #define PACKAGE_STRING "pcap 1.10.0-PRE-GIT"
| #define PACKAGE_BUGREPORT ""
| #define PACKAGE_URL ""
| #define inline inline
| #define _FILE_OFFSET_BITS 64
| #define HAVE_FSEEKO 1
| #define STDC_HEADERS 1
| #define HAVE_SYS_TYPES_H 1
| #define HAVE_SYS_STAT_H 1
| #define HAVE_STDLIB_H 1
| #define HAVE_STRING_H 1
| #define HAVE_MEMORY_H 1
| #define HAVE_STRINGS_H 1
| #define HAVE_INTTYPES_H 1
| #define HAVE_STDINT_H 1
| #define HAVE_UNISTD_H 1
| /* end confdefs.h.  */
| /*
| 		     * This generates a "duplicate case value" when fixincludes
| 		     * has not be run.
| 		     */
| #		include <sys/types.h>
| #		include <sys/time.h>
| #		include <sys/ioctl.h>
| #		ifdef HAVE_SYS_IOCCOM_H
| #		include <sys/ioccom.h>
| #		endif
| int
| main ()
| {
| switch (0) {
| 		    case _IO('A', 1):;
| 		    case _IO('B', 1):;
| 		    }
|   ;
|   return 0;
| }
configure:5292: result: no
configure:5297: error: see the INSTALL for more info

## ---------------- ##
## Cache variables. ##
## ---------------- ##

ac_cv_build=x86_64-pc-mingw64
ac_cv_c_compiler_gnu=yes
ac_cv_env_CCC_set=
ac_cv_env_CCC_value=
ac_cv_env_CC_set=
ac_cv_env_CC_value=
ac_cv_env_CFLAGS_set=
ac_cv_env_CFLAGS_value=
ac_cv_env_CPPFLAGS_set=
ac_cv_env_CPPFLAGS_value=
ac_cv_env_CPP_set=
ac_cv_env_CPP_value=
ac_cv_env_CXXFLAGS_set=
ac_cv_env_CXXFLAGS_value=
ac_cv_env_CXX_set=
ac_cv_env_CXX_value=
ac_cv_env_LDFLAGS_set=
ac_cv_env_LDFLAGS_value=
ac_cv_env_LIBS_set=
ac_cv_env_LIBS_value=
ac_cv_env_YACC_set=
ac_cv_env_YACC_value=
ac_cv_env_YFLAGS_set=
ac_cv_env_YFLAGS_value=
ac_cv_env_build_alias_set=
ac_cv_env_build_alias_value=
ac_cv_env_host_alias_set=
ac_cv_env_host_alias_value=
ac_cv_env_target_alias_set=
ac_cv_env_target_alias_value=
ac_cv_exeext=.exe
ac_cv_header_inttypes_h=yes
ac_cv_header_memory_h=yes
ac_cv_header_net_pfvar_h=no
ac_cv_header_netpacket_packet_h=no
ac_cv_header_stdc=yes
ac_cv_header_stdint_h=yes
ac_cv_header_stdlib_h=yes
ac_cv_header_string_h=yes
ac_cv_header_strings_h=yes
ac_cv_header_sys_ioccom_h=no
ac_cv_header_sys_sockio_h=no
ac_cv_header_sys_stat_h=yes
ac_cv_header_sys_types_h=yes
ac_cv_header_unistd_h=yes
ac_cv_host=x86_64-pc-mingw64
ac_cv_lbl_inline=inline
ac_cv_objext=o
ac_cv_path_EGREP='/usr/bin/grep -E'
ac_cv_path_GREP=/usr/bin/grep
ac_cv_prog_CPP='gcc -E'
ac_cv_prog_ac_ct_CC=gcc
ac_cv_prog_cc_c89=
ac_cv_prog_cc_c99=
ac_cv_prog_cc_g=yes
ac_cv_sys_file_offset_bits=64
ac_cv_sys_largefile_CC=no
ac_cv_sys_largefile_source=no
ac_cv_target=x86_64-pc-mingw64

## ----------------- ##
## Output variables. ##
## ----------------- ##

ADDLARCHIVEOBJS=''
ADDLOBJS=''
AR=''
BUILD_RPCAPD=''
CC='gcc'
CFLAGS='-g -O2'
CPP='gcc -E'
CPPFLAGS=''
CXX=''
CXXFLAGS=''
DEFS=''
DEPENDENCY_CFLAG=''
DYEXT=''
ECHO_C=''
ECHO_N='-n'
ECHO_T=''
EGREP='/usr/bin/grep -E'
EXEEXT='.exe'
EXTRA_NETWORK_LIBS=''
GREP='/usr/bin/grep'
INSTALL_DATA=''
INSTALL_PROGRAM=''
INSTALL_RPCAPD=''
INSTALL_SCRIPT=''
LDFLAGS=''
LEX=''
LEXLIB=''
LEX_OUTPUT_ROOT=''
LIBOBJS=''
LIBS=''
LN_S=''
LTLIBOBJS=''
MAN_ADMIN_COMMANDS=''
MAN_DEVICES=''
MAN_FILE_FORMATS=''
MAN_MISC_INFO=''
MKDEP=''
MODULE_C_SRC=''
OBJEXT='o'
PACKAGE_BUGREPORT=''
PACKAGE_NAME='pcap'
PACKAGE_STRING='pcap 1.10.0-PRE-GIT'
PACKAGE_TARNAME='pcap'
PACKAGE_URL=''
PACKAGE_VERSION='1.10.0-PRE-GIT'
PATH_SEPARATOR=':'
PCAP_SUPPORT_BT=''
PCAP_SUPPORT_DBUS=''
PCAP_SUPPORT_DPDK=''
PCAP_SUPPORT_LINUX_USBMON=''
PCAP_SUPPORT_NETFILTER=''
PCAP_SUPPORT_NETMAP=''
PCAP_SUPPORT_RDMASNIFF=''
PKGCONFIG=''
PLATFORM_CXX_SRC=''
PLATFORM_C_SRC=''
PTHREAD_LIBS=''
RANLIB=''
REMOTE_C_SRC=''
RPCAPD_LIBS=''
SHELL='/bin/sh'
SHLICC2=''
VALGRINDTEST_SRC=''
V_CCOPT=' -fvisibility=hidden'
V_DEFS=''
V_INCLS=''
V_LEX=''
V_LIB_CCOPT_FAT=''
V_LIB_LDFLAGS_FAT=''
V_PROG_CCOPT_FAT=''
V_PROG_LDFLAGS_FAT=''
V_RPATH_OPT=''
V_SHLIB_CCOPT=''
V_SHLIB_CMD='$(CC)'
V_SHLIB_OPT='-shared'
V_SONAME_OPT=''
V_YACC=''
YACC=''
YFLAGS=''
ac_ct_CC='gcc'
ac_ct_CXX=''
bindir='${exec_prefix}/bin'
build='x86_64-pc-mingw64'
build_alias=''
build_cpu='x86_64'
build_os='mingw64'
build_vendor='pc'
datadir='${datarootdir}'
datarootdir='${prefix}/share'
docdir='${datarootdir}/doc/${PACKAGE_TARNAME}'
dvidir='${docdir}'
exec_prefix='NONE'
host='x86_64-pc-mingw64'
host_alias=''
host_cpu='x86_64'
host_os='mingw64'
host_vendor='pc'
htmldir='${docdir}'
includedir='${prefix}/include'
infodir='${datarootdir}/info'
libdir='${exec_prefix}/lib'
libexecdir='${exec_prefix}/libexec'
localedir='${datarootdir}/locale'
localstatedir='${prefix}/var'
mandir='${datarootdir}/man'
oldincludedir='/usr/include'
pdfdir='${docdir}'
prefix='NONE'
program_transform_name='s,x,x,'
psdir='${docdir}'
sbindir='${exec_prefix}/sbin'
sharedstatedir='${prefix}/com'
sysconfdir='${prefix}/etc'
target='x86_64-pc-mingw64'
target_alias=''
target_cpu='x86_64'
target_os='mingw64'
target_vendor='pc'

## ----------- ##
## confdefs.h. ##
## ----------- ##

/* confdefs.h */
#define PACKAGE_NAME "pcap"
#define PACKAGE_TARNAME "pcap"
#define PACKAGE_VERSION "1.10.0-PRE-GIT"
#define PACKAGE_STRING "pcap 1.10.0-PRE-GIT"
#define PACKAGE_BUGREPORT ""
#define PACKAGE_URL ""
#define inline inline
#define _FILE_OFFSET_BITS 64
#define HAVE_FSEEKO 1
#define STDC_HEADERS 1
#define HAVE_SYS_TYPES_H 1
#define HAVE_SYS_STAT_H 1
#define HAVE_STDLIB_H 1
#define HAVE_STRING_H 1
#define HAVE_MEMORY_H 1
#define HAVE_STRINGS_H 1
#define HAVE_INTTYPES_H 1
#define HAVE_STDINT_H 1
#define HAVE_UNISTD_H 1

configure: exit 1
